****************************************
Report : global_timing
	-format { narrow }
	-separate_all_groups
Design : user_project_wrapper
Version: T-2022.03-SP3
Date   : Sun Dec 11 06:24:43 2022
****************************************

Setup violations for paths in user_clock2
---------------------------------------------------------
         Total  reg->reg   in->reg  reg->out   in->out
---------------------------------------------------------
WNS    -6.6076    0.0000    0.0000   -6.6076    0.0000
TNS  -163.1642    0.0000    0.0000 -163.1642    0.0000
NUM        112         0         0       112         0
---------------------------------------------------------


Hold violations for paths in clk
---------------------------------------------------------
         Total  reg->reg   in->reg  reg->out   in->out
---------------------------------------------------------
WNS    -2.2233    0.0000   -2.2233    0.0000    0.0000
TNS  -160.0137    0.0000 -160.0137    0.0000    0.0000
NUM        163         0       163         0         0
---------------------------------------------------------

1
