Information: Setting timing_save_pin_arrival_and_slack to TRUE and updating timing. (PTE-076)
Information: It is recommended that the variable timing_save_pin_arrival_and_slack be set before the initial timing update for optimal performance of this command. (PTE-077)
****************************************
Report : si_bottleneck
	-cost_type delta_delay
	-slack_lesser_than 10
	-all_nets
	-significant_digits 4
	-nosplit
	-minimum_active_aggressors 1
	-min
	-max
Design : user_project_wrapper
Version: T-2022.03-SP3
Date   : Sun Dec 11 06:24:57 2022
****************************************

 Bottleneck Cost:  delta_delay
 net                                                         cost
 ---------------------------------------------------------------------
 la_data_in[12]                                                3.0513
 la_data_out[13]                                               2.7839
 la_data_out[17]                                               2.6992
 la_data_out[15]                                               2.6009
 la_data_out[16]                                               2.5886
 io_oeb[1]                                                     2.3867
 la_data_in[0]                                                 2.0724
 wbs_dat_i[7]                                                  1.8346
 io_out[26]                                                    1.5793
 io_out[25]                                                    1.5465
 la_data_out[14]                                               1.5031
 la_oenb[0]                                                    1.4700
 la_data_in[22]                                                1.4269
 la_data_in[26]                                                1.4259
 io_out[0]                                                     1.4061
 la_oenb[20]                                                   1.4017
 la_data_in[8]                                                 1.3936
 la_oenb[21]                                                   1.3833
 la_data_in[21]                                                1.3591
 la_oenb[25]                                                   1.3470
 la_oenb[37]                                                   1.3417
 la_oenb[22]                                                   1.3397
 la_data_out[19]                                               1.3351
 la_oenb[36]                                                   1.3322
 la_oenb[7]                                                    1.3313
 la_data_out[24]                                               1.2693
 la_data_out[18]                                               1.2527
 la_oenb[11]                                                   1.2288
 la_oenb[41]                                                   1.2226
 io_in[24]                                                     1.1909
 la_data_out[20]                                               1.1521
 la_data_out[27]                                               1.1466
 io_oeb[15]                                                    1.1408
 la_data_out[36]                                               1.1104
 la_oenb[23]                                                   1.1038
 la_data_out[23]                                               1.1004
 wbs_dat_o[30]                                                 1.0829
 la_data_out[25]                                               1.0824
 wbs_dat_o[8]                                                  1.0820
 io_in[22]                                                     1.0785
 la_oenb[26]                                                   1.0764
 wbs_dat_o[6]                                                  1.0646
 io_oeb[37]                                                    1.0228
 io_in[10]                                                     0.9100
 io_in[30]                                                     0.9006
 la_data_in[60]                                                0.8785
 wbs_adr_i[1]                                                  0.8677
 la_data_out[51]                                               0.8526
 la_oenb[4]                                                    0.8164
 la_data_out[4]                                                0.8159
 wbs_adr_i[15]                                                 0.8065
 io_oeb[28]                                                    0.8048
 io_out[27]                                                    0.7881
 la_oenb[18]                                                   0.7866
 la_data_in[3]                                                 0.7644
 io_out[33]                                                    0.7415
 la_data_out[6]                                                0.7396
 la_data_out[3]                                                0.7111
 io_in[9]                                                      0.7089
 la_data_in[15]                                                0.7014
 io_in[15]                                                     0.6739
 la_data_in[13]                                                0.6629
 wbs_adr_i[14]                                                 0.6611
 la_data_in[16]                                                0.6593
 wbs_adr_i[18]                                                 0.6548
 wbs_adr_i[13]                                                 0.6524
 io_out[23]                                                    0.6469
 io_out[28]                                                    0.6401
 la_oenb[12]                                                   0.6337
 wbs_adr_i[20]                                                 0.6325
 la_data_out[63]                                               0.6321
 wbs_adr_i[16]                                                 0.6319
 la_data_in[17]                                                0.6292
 io_out[29]                                                    0.6171
 io_in[28]                                                     0.6120
 io_oeb[9]                                                     0.6098
 wbs_adr_i[2]                                                  0.6064
 la_data_out[11]                                               0.6062
 wbs_adr_i[10]                                                 0.6041
 la_oenb[15]                                                   0.6037
 la_oenb[16]                                                   0.6021
 wbs_dat_i[20]                                                 0.6017
 la_data_out[50]                                               0.5985
 wbs_dat_o[19]                                                 0.5956
 la_oenb[14]                                                   0.5953
 la_data_out[2]                                                0.5928
 wbs_dat_i[6]                                                  0.5891
 wbs_dat_o[2]                                                  0.5772
 io_in[33]                                                     0.5749
 la_data_out[9]                                                0.5674
 wbs_adr_i[12]                                                 0.5656
 la_data_in[49]                                                0.5638
 wbs_adr_i[9]                                                  0.5612
 wbs_dat_i[17]                                                 0.5571
 wbs_dat_i[13]                                                 0.5316
 la_data_in[39]                                                0.5222
 la_data_in[48]                                                0.5179
 la_oenb[35]                                                   0.5123
 la_data_in[51]                                                0.5079
 wbs_adr_i[5]                                                  0.5062
 la_data_in[47]                                                0.5049
 la_oenb[13]                                                   0.5015
 wbs_dat_o[27]                                                 0.5001
 wbs_dat_i[9]                                                  0.4997
 la_data_out[49]                                               0.4892
 la_oenb[63]                                                   0.4878
 wbs_dat_i[30]                                                 0.4813
 io_oeb[4]                                                     0.4756
 wbs_dat_o[1]                                                  0.4727
 la_data_in[34]                                                0.4703
 la_data_in[52]                                                0.4697
 wbs_dat_o[16]                                                 0.4688
 la_data_in[55]                                                0.4681
 wbs_adr_i[4]                                                  0.4615
 la_data_in[45]                                                0.4608
 io_oeb[3]                                                     0.4584
 wbs_adr_i[31]                                                 0.4554
 la_data_out[57]                                               0.4540
 la_data_in[44]                                                0.4537
 io_in[5]                                                      0.4460
 io_out[3]                                                     0.4432
 wbs_dat_i[3]                                                  0.4389
 wbs_adr_i[30]                                                 0.4370
 wbs_sel_i[3]                                                  0.4355
 la_data_in[19]                                                0.4347
 la_data_out[61]                                               0.4337
 wbs_ack_o                                                     0.4319
 la_data_in[57]                                                0.4319
 la_data_in[42]                                                0.4306
 la_data_out[33]                                               0.4270
 wbs_dat_i[16]                                                 0.4265
 io_oeb[5]                                                     0.4262
 la_data_out[62]                                               0.4249
 wbs_dat_i[2]                                                  0.4245
 io_oeb[27]                                                    0.4181
 la_oenb[1]                                                    0.4169
 la_data_in[50]                                                0.4140
 io_out[37]                                                    0.4120
 io_in[32]                                                     0.4090
 la_data_in[58]                                                0.4050
 io_oeb[31]                                                    0.4012
 la_data_out[54]                                               0.4001
 io_oeb[8]                                                     0.3990
 wbs_dat_i[12]                                                 0.3990
 wbs_adr_i[17]                                                 0.3984
 la_data_out[40]                                               0.3982
 io_in[23]                                                     0.3975
 wbs_adr_i[8]                                                  0.3966
 la_oenb[19]                                                   0.3822
 wbs_dat_i[1]                                                  0.3816
 user_irq[0]                                                   0.3806
 wbs_dat_i[14]                                                 0.3793
 la_data_in[27]                                                0.3763
 wbs_dat_i[31]                                                 0.3735
 la_data_out[46]                                               0.3693
 la_data_out[39]                                               0.3690
 la_data_out[45]                                               0.3638
 wbs_adr_i[0]                                                  0.3637
 la_data_in[24]                                                0.3629
 la_data_in[20]                                                0.3624
 io_in[0]                                                      0.3623
 wbs_adr_i[27]                                                 0.3602
 la_data_out[52]                                               0.3599
 io_out[9]                                                     0.3518
 la_data_in[25]                                                0.3508
 io_in[21]                                                     0.3497
 la_data_out[60]                                               0.3464
 wbs_adr_i[21]                                                 0.3418
 la_data_out[28]                                               0.3408
 la_data_out[8]                                                0.3358
 la_oenb[59]                                                   0.3342
 la_oenb[39]                                                   0.3337
 wbs_adr_i[23]                                                 0.3336
 wbs_dat_i[4]                                                  0.3332
 la_data_in[23]                                                0.3268
 la_data_in[10]                                                0.3247
 wbs_adr_i[22]                                                 0.3168
 la_data_out[12]                                               0.3158
 la_data_in[54]                                                0.3145
 io_out[8]                                                     0.3127
 wbs_dat_o[11]                                                 0.3116
 la_oenb[49]                                                   0.3112
 la_data_out[47]                                               0.3107
 la_data_out[31]                                               0.3082
 la_data_out[7]                                                0.3077
 wbs_dat_i[28]                                                 0.3072
 la_data_in[62]                                                0.3065
 wbs_dat_o[29]                                                 0.3046
 io_oeb[10]                                                    0.3028
 wbs_sel_i[2]                                                  0.3028
 wbs_adr_i[3]                                                  0.3012
 la_data_out[44]                                               0.2933
 wbs_dat_i[0]                                                  0.2907
 wbs_dat_i[10]                                                 0.2892
 la_data_in[11]                                                0.2885
 wbs_dat_o[23]                                                 0.2871
 la_data_out[53]                                               0.2850
 io_in[14]                                                     0.2839
 wbs_stb_i                                                     0.2809
 la_data_out[32]                                               0.2779
 la_data_in[29]                                                0.2757
 la_data_out[10]                                               0.2732
 la_data_in[56]                                                0.2678
 wbs_dat_i[23]                                                 0.2673
 io_out[11]                                                    0.2621
 la_data_in[1]                                                 0.2620
 la_oenb[5]                                                    0.2611
 wbs_adr_i[7]                                                  0.2607
 wbs_adr_i[26]                                                 0.2521
 io_in[13]                                                     0.2491
 wbs_dat_i[24]                                                 0.2470
 wbs_dat_o[28]                                                 0.2467
 la_data_out[0]                                                0.2455
 la_oenb[8]                                                    0.2418
 wbs_dat_i[25]                                                 0.2386
 wbs_adr_i[29]                                                 0.2341
 la_data_out[56]                                               0.2326
 wbs_adr_i[25]                                                 0.2324
 wbs_adr_i[24]                                                 0.2313
 wbs_dat_i[27]                                                 0.2308
 io_oeb[14]                                                    0.2306
 la_data_out[1]                                                0.2293
 la_data_in[5]                                                 0.2293
 la_data_in[38]                                                0.2274
 wbs_dat_i[8]                                                  0.2272
 la_oenb[38]                                                   0.2261
 la_data_out[41]                                               0.2217
 la_data_out[22]                                               0.2217
 wbs_dat_o[18]                                                 0.2214
 la_data_in[41]                                                0.2181
 la_data_out[43]                                               0.2171
 wbs_dat_o[20]                                                 0.2140
 io_out[36]                                                    0.2136
 la_data_in[2]                                                 0.2134
 wbs_adr_i[6]                                                  0.2125
 la_data_out[21]                                               0.2107
 wbs_adr_i[28]                                                 0.2100
 la_oenb[9]                                                    0.2093
 io_out[22]                                                    0.2090
 io_oeb[0]                                                     0.2071
 la_data_out[5]                                                0.2014
 la_data_in[35]                                                0.2005
 la_data_out[30]                                               0.2001
 la_oenb[43]                                                   0.1999
 la_data_out[58]                                               0.1985
 wbs_dat_o[26]                                                 0.1949
 io_in[17]                                                     0.1918
 io_in[29]                                                     0.1901
 la_oenb[61]                                                   0.1886
 io_in[16]                                                     0.1867
 io_oeb[33]                                                    0.1837
 la_oenb[10]                                                   0.1836
 la_data_in[36]                                                0.1793
 user_irq[1]                                                   0.1739
 la_data_out[26]                                               0.1734
 la_data_in[43]                                                0.1724
 la_data_out[42]                                               0.1709
 la_data_in[33]                                                0.1702
 la_data_out[59]                                               0.1696
 la_data_in[37]                                                0.1667
 io_out[35]                                                    0.1641
 io_out[30]                                                    0.1621
 wbs_adr_i[11]                                                 0.1614
 la_oenb[2]                                                    0.1571
 la_data_out[38]                                               0.1547
 la_data_out[55]                                               0.1531
 la_data_in[59]                                                0.1531
 la_data_in[6]                                                 0.1507
 la_data_out[37]                                               0.1492
 la_oenb[55]                                                   0.1470
 wbs_we_i                                                      0.1466
 wbs_dat_i[11]                                                 0.1458
 la_data_out[35]                                               0.1424
 io_oeb[12]                                                    0.1406
 wbs_adr_i[19]                                                 0.1316
 wbs_dat_o[25]                                                 0.1314
 la_oenb[27]                                                   0.1282
 la_data_in[53]                                                0.1273
 wbs_dat_i[15]                                                 0.1269
 wbs_dat_o[10]                                                 0.1224
 wbs_dat_o[24]                                                 0.1217
 la_data_in[14]                                                0.1209
 la_data_in[30]                                                0.1185
 io_out[18]                                                    0.1183
 io_oeb[23]                                                    0.1159
 la_data_in[28]                                                0.1142
 la_data_in[46]                                                0.1137
 wbs_dat_o[21]                                                 0.1136
 user_irq[2]                                                   0.1135
 la_data_out[34]                                               0.1129
 mprj/o_q_dly[95]                                              0.1123
 io_out[21]                                                    0.1094
 io_in[11]                                                     0.1073
 la_oenb[28]                                                   0.1043
 io_oeb[36]                                                    0.1033
 io_oeb[19]                                                    0.1033
 la_oenb[34]                                                   0.1021
 wbs_dat_o[17]                                                 0.1016
 la_data_in[31]                                                0.1005
 io_in[1]                                                      0.0996
 la_oenb[52]                                                   0.0962
 wbs_cyc_i                                                     0.0931
 la_oenb[62]                                                   0.0916
 io_oeb[26]                                                    0.0900
 wbs_dat_o[15]                                                 0.0895
 mprj/o_q_dly[121]                                             0.0885
 wbs_dat_o[14]                                                 0.0873
 io_in[27]                                                     0.0871
 wbs_dat_o[4]                                                  0.0866
 la_data_in[4]                                                 0.0851
 la_data_out[29]                                               0.0845
 io_oeb[11]                                                    0.0828
 la_data_in[32]                                                0.0801
 la_data_in[61]                                                0.0771
 la_oenb[51]                                                   0.0768
 la_oenb[24]                                                   0.0765
 la_oenb[46]                                                   0.0765
 wbs_dat_o[12]                                                 0.0761
 mprj/o_q[173]                                                 0.0725
 la_oenb[6]                                                    0.0709
 la_oenb[44]                                                   0.0663
 la_oenb[3]                                                    0.0660
 mprj/o_q[91]                                                  0.0659
 la_oenb[54]                                                   0.0658
 wbs_dat_o[22]                                                 0.0648
 mprj/o_q_dly[92]                                              0.0629
 wbs_sel_i[0]                                                  0.0613
 la_data_in[63]                                                0.0605
 la_oenb[45]                                                   0.0602
 mprj/o_q[84]                                                  0.0595
 wbs_dat_o[5]                                                  0.0587
 io_oeb[32]                                                    0.0570
 mprj/o_q_dly[57]                                              0.0549
 io_oeb[34]                                                    0.0518
 io_in[12]                                                     0.0513
 mprj/o_q_dly[112]                                             0.0506
 io_oeb[17]                                                    0.0503
 wbs_dat_o[13]                                                 0.0501
 la_oenb[53]                                                   0.0491
 mprj/o_q[135]                                                 0.0474
 io_oeb[16]                                                    0.0463
 mprj/o_q_dly[104]                                             0.0444
 mprj/o_q_dly[88]                                              0.0436
 io_in[8]                                                      0.0430
 mprj/o_q_dly[91]                                              0.0429
 wbs_dat_o[0]                                                  0.0425
 mprj/o_q_dly[142]                                             0.0406
 mprj/o_q_dly[15]                                              0.0405
 io_oeb[30]                                                    0.0397
 la_data_out[48]                                               0.0397
 la_data_in[40]                                                0.0395
 la_oenb[30]                                                   0.0390
 io_out[19]                                                    0.0382
 io_oeb[22]                                                    0.0372
 mprj/o_q_dly[2]                                               0.0344
 mprj/buf_i[188]                                               0.0329
 io_oeb[18]                                                    0.0326
 mprj/o_q_dly[133]                                             0.0325
 mprj/o_q_dly[71]                                              0.0314
 mprj/o_q_dly[162]                                             0.0308
 mprj/o_q_dly[123]                                             0.0302
 io_oeb[24]                                                    0.0284
 mprj/buf_i[126]                                               0.0281
 mprj/o_q_dly[79]                                              0.0280
 mprj/o_q_dly[17]                                              0.0276
 mprj/buf_i[171]                                               0.0272
 mprj/o_q_dly[6]                                               0.0268
 mprj/o_q_dly[124]                                             0.0265
 la_data_in[7]                                                 0.0263
 mprj/o_q_dly[173]                                             0.0262
 mprj/o_q_dly[8]                                               0.0261
 mprj/buf_i[154]                                               0.0257
 mprj/o_q[57]                                                  0.0257
 mprj/o_q_dly[1]                                               0.0256
 mprj/o_q[86]                                                  0.0254
 mprj/o_q_dly[53]                                              0.0239
 mprj/buf_i[120]                                               0.0239
 mprj/o_q_dly[130]                                             0.0234
 mprj/o_q[55]                                                  0.0232
 mprj/buf_i[183]                                               0.0228
 mprj/o_q_dly[129]                                             0.0226
 mprj/buf_i[156]                                               0.0223
 mprj/o_q_dly[89]                                              0.0223
 mprj/o_q_dly[3]                                               0.0222
 mprj/o_q_dly[158]                                             0.0221
 mprj/buf_i[158]                                               0.0218
 mprj/o_q_dly[128]                                             0.0218
 mprj/o_q_dly[10]                                              0.0217
 mprj/o_q_dly[160]                                             0.0211
 mprj/o_q_dly[169]                                             0.0210
 mprj/o_q_dly[84]                                              0.0203
 mprj/buf_i[92]                                                0.0203
 mprj/o_q_dly[122]                                             0.0201
 mprj/o_q_dly[54]                                              0.0199
 mprj/o_q_dly[120]                                             0.0197
 mprj/o_q_dly[69]                                              0.0193
 mprj/o_q[29]                                                  0.0188
 mprj/o_q_dly[52]                                              0.0185
 mprj/buf_i[175]                                               0.0184
 mprj/buf_i[109]                                               0.0183
 mprj/buf_i[114]                                               0.0183
 mprj/buf_i[9]                                                 0.0181
 mprj/o_q_dly[77]                                              0.0181
 mprj/o_q[102]                                                 0.0181
 mprj/buf_i[48]                                                0.0180
 mprj/o_q_dly[16]                                              0.0178
 mprj/buf_i[34]                                                0.0174
 mprj/o_q_dly[65]                                              0.0174
 mprj/buf_i[152]                                               0.0173
 mprj/o_q_dly[0]                                               0.0171
 mprj/buf_i[185]                                               0.0171
 mprj/buf_i[187]                                               0.0170
 mprj/buf_i[118]                                               0.0167
 mprj/o_q_dly[135]                                             0.0166
 mprj/buf_i[216]                                               0.0163
 mprj/buf_i[110]                                               0.0159
 mprj/o_q_dly[146]                                             0.0158
 mprj/o_q_dly[131]                                             0.0157
 mprj/buf_i[35]                                                0.0156
 mprj/o_q_dly[170]                                             0.0156
 mprj/o_q_dly[81]                                              0.0155
 mprj/buf_i[123]                                               0.0154
 mprj/buf_i[182]                                               0.0154
 mprj/buf_i[160]                                               0.0153
 la_oenb[40]                                                   0.0153
 mprj/o_q[19]                                                  0.0151
 mprj/o_q_dly[85]                                              0.0150
 mprj/o_q_dly[83]                                              0.0148
 mprj/buf_i[190]                                               0.0145
 mprj/o_q_dly[5]                                               0.0145
 mprj/o_q_dly[163]                                             0.0144
 mprj/o_q_dly[157]                                             0.0143
 mprj/o_q[7]                                                   0.0143
 mprj/o_q[16]                                                  0.0142
 mprj/buf_i[224]                                               0.0141
 mprj/o_q_dly[165]                                             0.0141
 mprj/o_q_dly[127]                                             0.0141
 mprj/o_q_dly[132]                                             0.0140
 mprj/buf_i[102]                                               0.0139
 mprj/buf_i[184]                                               0.0139
 mprj/o_q_dly[119]                                             0.0138
 mprj/buf_i[111]                                               0.0137
 mprj/buf_i[38]                                                0.0136
 mprj/buf_i[32]                                                0.0135
 mprj/buf_i[235]                                               0.0135
 mprj/o_q[129]                                                 0.0133
 mprj/buf_i[89]                                                0.0133
 mprj/o_q[5]                                                   0.0132
 mprj/o_q[52]                                                  0.0128
 mprj/o_q[56]                                                  0.0128
 mprj/buf_i[41]                                                0.0127
 mprj/o_q_dly[78]                                              0.0125
 mprj/o_q_dly[67]                                              0.0122
 mprj/buf_i[16]                                                0.0122
 mprj/o_q[169]                                                 0.0121
 mprj/o_q[21]                                                  0.0118
 mprj/buf_i[113]                                               0.0118
 mprj/buf_i[79]                                                0.0117
 mprj/buf_i[0]                                                 0.0116
 mprj/buf_i[153]                                               0.0116
 mprj/buf_i[108]                                               0.0116
 mprj/o_q[134]                                                 0.0115
 mprj/buf_i[179]                                               0.0114
 mprj/buf_i[33]                                                0.0112
 mprj/buf_i[223]                                               0.0112
 mprj/o_q[168]                                                 0.0111
 mprj/o_q[54]                                                  0.0110
 mprj/o_q[22]                                                  0.0109
 mprj/buf_i[155]                                               0.0108
 mprj/buf_i[93]                                                0.0107
 mprj/o_q_dly[90]                                              0.0104
 mprj/buf_i[215]                                               0.0103
 mprj/buf_i[178]                                               0.0103
 mprj/buf_i[176]                                               0.0102
 mprj/buf_i[2]                                                 0.0102
 mprj/o_q_dly[94]                                              0.0096
 mprj/o_q[137]                                                 0.0095
 mprj/buf_i[227]                                               0.0091
 mprj/o_q[94]                                                  0.0091
 mprj/buf_i[122]                                               0.0087
 mprj/o_q[20]                                                  0.0084
 mprj/buf_i[105]                                               0.0084
 mprj/o_q[95]                                                  0.0083
 mprj/o_q[172]                                                 0.0083
 mprj/buf_i[103]                                               0.0083
 mprj/buf_i[90]                                                0.0082
 mprj/buf_i[116]                                               0.0081
 wbs_dat_i[22]                                                 0.0081
 mprj/buf_i[186]                                               0.0080
 mprj/o_q[93]                                                  0.0079
 mprj/o_q_dly[60]                                              0.0077
 mprj/buf_i[87]                                                0.0076
 mprj/buf_i[232]                                               0.0076
 mprj/buf_i[8]                                                 0.0073
 mprj/buf_i[177]                                               0.0073
 mprj/buf_i[99]                                                0.0073
 mprj/o_q[9]                                                   0.0072
 wbs_dat_i[21]                                                 0.0071
 mprj/o_q[130]                                                 0.0071
 mprj/buf_i[157]                                               0.0070
 mprj/o_q[23]                                                  0.0069
 mprj/o_q_dly[93]                                              0.0067
 mprj/buf_i[191]                                               0.0065
 mprj/buf_i[230]                                               0.0065
 mprj/buf_i[169]                                               0.0064
 mprj/buf_i[14]                                                0.0064
 mprj/buf_i[119]                                               0.0064
 mprj/buf_i[88]                                                0.0063
 mprj/buf_i[15]                                                0.0063
 mprj/o_q[46]                                                  0.0062
 mprj/buf_i[189]                                               0.0062
 mprj/o_q[92]                                                  0.0061
 wbs_dat_i[26]                                                 0.0061
 mprj/o_q_dly[164]                                             0.0061
 mprj/buf_i[205]                                               0.0060
 mprj/buf_i[127]                                               0.0059
 mprj/buf_i[167]                                               0.0059
 wbs_dat_i[18]                                                 0.0058
 mprj/buf_i[91]                                                0.0058
 mprj/buf_i[144]                                               0.0056
 mprj/buf_i[231]                                               0.0055
 mprj/buf_i[115]                                               0.0053
 mprj/o_q[30]                                                  0.0053
 wbs_dat_i[19]                                                 0.0052
 mprj/buf_i[124]                                               0.0046
 mprj/o_q[28]                                                  0.0045
 mprj/buf_i[4]                                                 0.0044
 mprj/o_q_dly[48]                                              0.0043
 mprj/buf_i[112]                                               0.0043
 mprj/buf_i[7]                                                 0.0042
 mprj/o_q_dly[64]                                              0.0042
 mprj/buf_i[159]                                               0.0041
 mprj/o_q[47]                                                  0.0040
 mprj/buf_i[225]                                               0.0036
 mprj/buf_i[125]                                               0.0035
 mprj/buf_i[197]                                               0.0035
 mprj/buf_i[94]                                                0.0035
 mprj/o_q_dly[75]                                              0.0034
 mprj/o_q[122]                                                 0.0034
 mprj/buf_i[5]                                                 0.0034
 mprj/o_q[132]                                                 0.0033
 la_oenb[31]                                                   0.0033
 mprj/o_q[100]                                                 0.0032
 mprj/buf_i[214]                                               0.0029
 mprj/o_q[142]                                                 0.0029
 mprj/buf_i[234]                                               0.0029
 mprj/o_q_dly[76]                                              0.0028
 mprj/buf_i[12]                                                0.0025
 mprj/buf_i[131]                                               0.0025
 mprj/buf_i[165]                                               0.0024
 mprj/buf_i[66]                                                0.0024
 mprj/buf_i[68]                                                0.0024
 mprj/buf_i[180]                                               0.0024
 mprj/buf_i[164]                                               0.0023
 mprj/buf_i[172]                                               0.0023
 wbs_dat_i[5]                                                  0.0023
 mprj/buf_i[162]                                               0.0023
 mprj/buf_i[219]                                               0.0023
 mprj/buf_i[39]                                                0.0022
 mprj/buf_i[236]                                               0.0022
 mprj/buf_i[166]                                               0.0022
 mprj/buf_i[47]                                                0.0022
 mprj/buf_i[37]                                                0.0022
 mprj/buf_i[168]                                               0.0020
 la_oenb[50]                                                   0.0019
 mprj/buf_i[170]                                               0.0019
 mprj/buf_i[107]                                               0.0018
 mprj/buf_i[173]                                               0.0017
 mprj/buf_i[43]                                                0.0017
 mprj/buf_i[199]                                               0.0016
 mprj/buf_i[45]                                                0.0016
 mprj/buf_i[150]                                               0.0015
 mprj/buf_i[101]                                               0.0015
 mprj/o_q_dly[72]                                              0.0015
 mprj/buf_i[96]                                                0.0015
 mprj/buf_i[106]                                               0.0014
 mprj/buf_i[85]                                                0.0014
 mprj/buf_i[46]                                                0.0013
 mprj/buf_i[78]                                                0.0013
 mprj/buf_i[6]                                                 0.0013
 mprj/buf_i[151]                                               0.0012
 mprj/buf_i[97]                                                0.0012
 mprj/buf_i[36]                                                0.0009
 mprj/buf_i[51]                                                0.0008
 mprj/buf_i[132]                                               0.0007
 wbs_dat_i[29]                                                 0.0007
 mprj/o_q_dly[87]                                              0.0006
 la_oenb[47]                                                   0.0006
 mprj/o_q_dly[140]                                             0.0003
 mprj/o_q_dly[98]                                              0.0000
 mprj/o_q_dly[171]                                             0.0000
 mprj/o_q[83]                                                 -0.0000
 mprj/o_q_dly[58]                                              0.0000
 mprj/o_q[6]                                                  -0.0000
 mprj/buf_i[27]                                               -0.0000
 mprj/o_q_dly[18]                                              0.0000
 mprj/o_q[43]                                                 -0.0000
 mprj/o_q[118]                                                -0.0000
 mprj/o_q[157]                                                -0.0000
 mprj/o_q[42]                                                  0.0000
 mprj/o_q[117]                                                -0.0000
 mprj/o_q[41]                                                  0.0000
 mprj/buf_i[65]                                               -0.0000
 mprj/o_q_dly[56]                                              0.0000
 mprj/o_q[155]                                                 0.0000
 mprj/o_q_dly[149]                                             0.0000
 mprj/o_q[40]                                                  0.0000
 mprj/o_q[99]                                                  0.0000
 mprj/o_q_dly[9]                                              -0.0000
 mprj/buf_i[64]                                               -0.0000
 mprj/o_q_dly[55]                                              0.0000
 mprj/o_q[1]                                                  -0.0000
 mprj/o_q_dly[108]                                             0.0000
 mprj/o_q[97]                                                  0.0000
 mprj/o_q[0]                                                   0.0000
 la_oenb[29]                                                  -0.0000
 mprj/o_q[17]                                                  0.0000
 mprj/o_q_dly[147]                                             0.0000
 mprj/o_q_dly[107]                                             0.0000
 mprj/o_q_dly[7]                                               0.0000
 mprj/o_q[111]                                                 0.0000
 mprj/buf_i[62]                                               -0.0000
 mprj/buf_i[22]                                               -0.0000
 mprj/o_q_dly[13]                                             -0.0000
 mprj/o_q[15]                                                  0.0000
 mprj/o_q_dly[106]                                             0.0000
 mprj/o_q_dly[145]                                             0.0000
 mprj/o_q_dly[12]                                              0.0000
 mprj/o_q_dly[105]                                             0.0000
 mprj/o_q_dly[144]                                             0.0000
 mprj/o_q_dly[11]                                             -0.0000
 mprj/o_q[14]                                                 -0.0000
 mprj/o_q[128]                                                 0.0000
 io_in[4]                                                     -0.0000
 mprj/o_q_dly[4]                                               0.0000
 mprj/o_q_dly[50]                                             -0.0000
 mprj/o_q_dly[143]                                             0.0000
 mprj/o_q[167]                                                 0.0000
 mprj/o_q_dly[103]                                             0.0000
 mprj/buf_i[163]                                              -0.0000
 wbs_sel_i[1]                                                 -0.0000
 mprj/o_q_dly[68]                                              0.0000
 mprj/o_q_dly[141]                                             0.0000
 mprj/o_q_dly[28]                                              0.0000
 mprj/o_q_dly[101]                                            -0.0000
 mprj/buf_i[121]                                              -0.0000
 la_oenb[48]                                                  -0.0000
 mprj/o_q_dly[66]                                              0.0000
 mprj/o_q_dly[159]                                            -0.0000
 mprj/o_q_dly[26]                                             -0.0000
 mprj/o_q_dly[118]                                             0.0000
 mprj/o_q_dly[117]                                             0.0000
 mprj/o_q_dly[63]                                              0.0000
 mprj/o_q_dly[156]                                            -0.0000
 mprj/o_q_dly[23]                                              0.0000
 wbs_dat_o[3]                                                 -0.0000
 mprj/o_q_dly[62]                                              0.0000
 wbs_dat_o[7]                                                 -0.0000
 mprj/o_q_dly[22]                                              0.0000
 wbs_dat_o[9]                                                 -0.0000
 mprj/o_q_dly[61]                                              0.0000
 mprj/o_q_dly[21]                                              0.0000
 mprj/buf_i[202]                                              -0.0000
 la_oenb[57]                                                  -0.0000
 la_oenb[58]                                                  -0.0000
 io_in[26]                                                    -0.0000
 io_in[31]                                                    -0.0000
 mprj/o_q_dly[114]                                            -0.0000
 mprj/o_q_dly[20]                                              0.0000
 mprj/buf_i[201]                                              -0.0000
 mprj/o_q_dly[113]                                             0.0000
 mprj/o_q_dly[152]                                            -0.0000
 mprj/o_q_dly[39]                                              0.0000
 mprj/o_q_dly[151]                                             0.0000
 mprj/o_q_dly[111]                                             0.0000
 mprj/buf_i[86]                                               -0.0000
 mprj/o_q_dly[110]                                             0.0000
 mprj/buf_i[130]                                              -0.0000
 mprj/o_q_dly[36]                                             -0.0000
 mprj/buf_i[84]                                               -0.0000
 mprj/o_q_dly[168]                                             0.0000
 mprj/o_q_dly[35]                                             -0.0000
 io_out[5]                                                    -0.0000
 io_out[6]                                                    -0.0000
 io_out[7]                                                    -0.0000
 io_out[10]                                                   -0.0000
 io_out[24]                                                   -0.0000
 mprj/buf_i[83]                                               -0.0000
 mprj/o_q_dly[167]                                             0.0000
 io_out[31]                                                   -0.0000
 io_out[32]                                                   -0.0000
 mprj/o_q_dly[34]                                              0.0000
 io_out[34]                                                   -0.0000
 mprj/o_q_dly[73]                                             -0.0000
 mprj/o_q_dly[166]                                             0.0000
 io_oeb[6]                                                    -0.0000
 io_oeb[7]                                                    -0.0000
 mprj/o_q[127]                                                 0.0000
 io_oeb[20]                                                   -0.0000
 mprj/o_q[11]                                                 -0.0000
 mprj/o_q[126]                                                -0.0000
 mprj/o_q[50]                                                 -0.0000
 mprj/o_q[10]                                                  0.0000
 io_oeb[21]                                                   -0.0000
 mprj/o_q[125]                                                -0.0000
 mprj/o_q[164]                                                 0.0000
 io_oeb[29]                                                   -0.0000
 mprj/o_q[68]                                                  0.0000
 mprj/o_q[67]                                                 -0.0000
 mprj/o_q[27]                                                  0.0000
 mprj/o_q_dly[126]                                            -0.0000
 mprj/o_q[121]                                                 0.0000
 mprj/buf_i[81]                                               -0.0000
 mprj/o_q[26]                                                  0.0000
 mprj/o_q_dly[32]                                              0.0000
 mprj/o_q[65]                                                 -0.0000
 mprj/o_q[120]                                                 0.0000
 mprj/o_q_dly[125]                                             0.0000
 mprj/o_q[64]                                                  0.0000
 mprj/buf_i[40]                                               -0.0000
 mprj/o_q_dly[31]                                              0.0000
 mprj/o_q[24]                                                 -0.0000
 mprj/o_q[63]                                                 -0.0000
 mprj/o_q[138]                                                 0.0000
 mprj/o_q_dly[30]                                              0.0000
 mprj/buf_i[104]                                              -0.0000
 mprj/o_q_dly[49]                                              0.0000
 mprj/o_q[62]                                                  0.0000
 mprj/buf_i[18]                                               -0.0000
 mprj/o_q[39]                                                  0.0000
 mprj/o_q_dly[161]                                             0.0000
 mprj/o_q[78]                                                  0.0000
 mprj/buf_i[229]                                              -0.0000
 mprj/buf_i[181]                                              -0.0000
 mprj/o_q[133]                                                -0.0000
 mprj/o_q[38]                                                  0.0000
 mprj/o_q[77]                                                  0.0000
 mprj/buf_i[228]                                              -0.0000
 mprj/o_q[35]                                                  0.0000
 mprj/buf_i[95]                                               -0.0000
 mprj/o_q_dly[86]                                              0.0000
 mprj/o_q[74]                                                  0.0000
 mprj/o_q[148]                                                 0.0000
 mprj/o_q[108]                                                 0.0000
 mprj/o_q[72]                                                  0.0000
 mprj/buf_i[54]                                               -0.0000
 mprj/o_q_dly[45]                                             -0.0000
 mprj/buf_i[226]                                              -0.0000
 mprj/o_q[147]                                                 0.0000
 mprj/o_q[32]                                                 -0.0000
 mprj/o_q_dly[138]                                             0.0000
 mprj/o_q[146]                                                -0.0000
 mprj/o_q[31]                                                  0.0000
 mprj/buf_i[198]                                              -0.0000
 mprj/o_q[70]                                                  0.0000
 mprj/o_q_dly[137]                                             0.0000
 mprj/o_q[49]                                                 -0.0000
 mprj/o_q_dly[43]                                              0.0000
 mprj/o_q[104]                                                 0.0000
 mprj/o_q[143]                                                 0.0000
 mprj/o_q[87]                                                 -0.0000
 mprj/o_q_dly[136]                                             0.0000
 mprj/o_q_dly[82]                                              0.0000
 mprj/o_q_dly[175]                                            -0.0000
 mprj/buf_i[50]                                               -0.0000
 mprj/o_q_dly[41]                                             -0.0000
 mprj/buf_i[222]                                              -0.0000
 mprj/o_q[85]                                                  0.0000
 mprj/o_q[140]                                                 0.0000
 mprj/buf_i[10]                                               -0.0000
 mprj/o_q_dly[80]                                              0.0000
 mprj/o_q[8]                                                   0.0000
 mprj/o_q_dly[40]                                             -0.0000
 mprj/o_q[45]                                                 -0.0000
 mprj/buf_i[29]                                               -0.0000
 mprj/buf_i[193]                                              -0.0000
 mprj/o_q_dly[59]                                             -0.0000
 mprj/o_q_dly[19]                                              0.0000
 mprj/o_q[159]                                                 0.0000
 mprj/o_q[44]                                                  0.0000
 mprj/o_q[119]                                                 0.0000
 la_oenb[17]                                                  -0.0000
 la_data_in[18]                                               -0.0000
 io_in[34]                                                    -0.0000

1
