Information: Setting timing_save_pin_arrival_and_slack to TRUE and updating timing. (PTE-076)
Information: It is recommended that the variable timing_save_pin_arrival_and_slack be set before the initial timing update for optimal performance of this command. (PTE-077)
****************************************
Report : si_bottleneck
	-cost_type delta_delay
	-slack_lesser_than 10
	-all_nets
	-significant_digits 4
	-nosplit
	-minimum_active_aggressors 1
	-min
	-max
Design : user_project_wrapper
Version: T-2022.03-SP3
Date   : Sun Dec 11 11:33:05 2022
****************************************

 Bottleneck Cost:  delta_delay
 net                                                         cost
 ---------------------------------------------------------------------
 io_oeb[24]                                                    4.1233
 wbs_sel_i[2]                                                  4.0112
 io_in[0]                                                      3.8192
 io_in[1]                                                      3.5678
 la_data_out[21]                                               3.1005
 io_oeb[2]                                                     2.8383
 wbs_dat_o[9]                                                  2.3413
 la_oenb[55]                                                   2.2721
 la_data_in[3]                                                 2.2359
 wbs_sel_i[0]                                                  2.2141
 io_oeb[23]                                                    2.1978
 la_data_in[24]                                                2.0826
 la_oenb[21]                                                   2.0417
 la_data_out[17]                                               2.0350
 la_data_in[25]                                                2.0340
 la_data_in[31]                                                1.9313
 la_oenb[11]                                                   1.9228
 la_oenb[13]                                                   1.8466
 io_oeb[32]                                                    1.8350
 la_data_out[5]                                                1.8318
 wbs_adr_i[8]                                                  1.7911
 io_out[35]                                                    1.7551
 la_oenb[43]                                                   1.7518
 la_oenb[12]                                                   1.7498
 la_oenb[24]                                                   1.7279
 io_out[24]                                                    1.7087
 la_oenb[4]                                                    1.6887
 la_oenb[20]                                                   1.6610
 la_data_in[21]                                                1.6594
 wbs_sel_i[1]                                                  1.6395
 la_oenb[22]                                                   1.6380
 la_data_in[15]                                                1.6373
 la_oenb[23]                                                   1.6281
 la_data_out[27]                                               1.6215
 la_data_in[19]                                                1.6166
 la_oenb[60]                                                   1.6039
 io_out[6]                                                     1.5856
 io_in[37]                                                     1.5580
 la_oenb[16]                                                   1.5542
 io_oeb[31]                                                    1.5517
 la_data_out[10]                                               1.5059
 io_oeb[15]                                                    1.4964
 wbs_dat_i[31]                                                 1.4897
 wbs_adr_i[2]                                                  1.4847
 la_data_out[12]                                               1.4630
 la_oenb[27]                                                   1.4166
 io_out[2]                                                     1.4156
 la_data_out[33]                                               1.4140
 la_data_out[34]                                               1.4064
 la_oenb[0]                                                    1.4054
 wbs_dat_i[10]                                                 1.3948
 la_data_in[34]                                                1.3939
 io_out[34]                                                    1.3924
 la_data_out[26]                                               1.3865
 la_data_out[19]                                               1.3782
 la_data_out[16]                                               1.3771
 la_data_out[29]                                               1.3705
 user_irq[0]                                                   1.3702
 la_data_out[61]                                               1.3304
 wbs_adr_i[11]                                                 1.3252
 la_data_out[32]                                               1.3200
 la_data_in[13]                                                1.3178
 la_data_out[31]                                               1.3052
 la_oenb[56]                                                   1.3044
 io_oeb[7]                                                     1.2962
 io_in[2]                                                      1.2889
 la_oenb[1]                                                    1.2884
 la_oenb[58]                                                   1.2562
 io_oeb[1]                                                     1.2443
 io_out[5]                                                     1.2060
 la_data_in[6]                                                 1.2024
 wbs_dat_o[15]                                                 1.1860
 io_out[23]                                                    1.1702
 wbs_dat_i[16]                                                 1.1672
 io_oeb[5]                                                     1.1621
 la_oenb[2]                                                    1.1604
 la_oenb[36]                                                   1.1451
 io_oeb[6]                                                     1.1259
 la_data_in[35]                                                1.1197
 io_in[35]                                                     1.1170
 io_in[33]                                                     1.1056
 io_in[31]                                                     1.1017
 la_data_in[10]                                                1.0963
 io_out[27]                                                    1.0860
 wbs_dat_o[30]                                                 1.0850
 la_oenb[9]                                                    1.0796
 io_out[3]                                                     1.0765
 la_data_out[35]                                               1.0697
 io_oeb[30]                                                    1.0510
 io_oeb[8]                                                     1.0464
 wbs_adr_i[13]                                                 1.0322
 wbs_adr_i[18]                                                 1.0244
 io_oeb[4]                                                     1.0228
 io_oeb[33]                                                    1.0222
 io_in[3]                                                      1.0123
 wbs_dat_i[15]                                                 1.0039
 wbs_adr_i[1]                                                  1.0033
 la_data_in[8]                                                 0.9833
 la_data_out[57]                                               0.9705
 la_oenb[15]                                                   0.9653
 la_data_out[41]                                               0.9628
 la_data_out[18]                                               0.9513
 io_in[4]                                                      0.9160
 io_in[32]                                                     0.9159
 wbs_adr_i[17]                                                 0.8979
 wbs_dat_o[16]                                                 0.8965
 io_oeb[27]                                                    0.8888
 io_out[29]                                                    0.8866
 la_data_out[2]                                                0.8761
 io_out[37]                                                    0.8724
 wbs_adr_i[12]                                                 0.8528
 io_out[10]                                                    0.8442
 io_in[5]                                                      0.8333
 wbs_dat_o[19]                                                 0.8202
 io_in[6]                                                      0.8094
 wbs_adr_i[22]                                                 0.8073
 wbs_adr_i[16]                                                 0.8067
 la_data_out[6]                                                0.8041
 wbs_we_i                                                      0.7803
 la_data_out[42]                                               0.7784
 la_data_out[36]                                               0.7757
 la_oenb[19]                                                   0.7729
 io_out[8]                                                     0.7626
 io_out[33]                                                    0.7619
 io_out[7]                                                     0.7449
 io_oeb[36]                                                    0.7441
 wbs_dat_i[24]                                                 0.7404
 io_out[4]                                                     0.7367
 io_in[28]                                                     0.7237
 la_oenb[61]                                                   0.7107
 la_data_out[52]                                               0.7095
 la_data_in[28]                                                0.7046
 la_data_out[8]                                                0.7025
 la_oenb[51]                                                   0.6882
 la_oenb[39]                                                   0.6872
 la_data_out[60]                                               0.6851
 la_oenb[33]                                                   0.6847
 la_oenb[32]                                                   0.6809
 wbs_adr_i[5]                                                  0.6653
 la_data_in[22]                                                0.6619
 la_data_in[46]                                                0.6588
 la_data_in[16]                                                0.6574
 la_data_out[3]                                                0.6559
 la_data_out[62]                                               0.6500
 wbs_dat_i[4]                                                  0.6433
 la_data_in[20]                                                0.6429
 la_data_out[50]                                               0.6425
 la_data_out[7]                                                0.6423
 wbs_dat_i[17]                                                 0.6404
 la_data_out[38]                                               0.6368
 la_data_in[33]                                                0.6348
 wbs_dat_i[7]                                                  0.6300
 io_oeb[28]                                                    0.6242
 la_data_in[44]                                                0.6223
 la_data_out[9]                                                0.6209
 la_oenb[7]                                                    0.6193
 wbs_adr_i[28]                                                 0.6165
 wbs_dat_o[12]                                                 0.6165
 wbs_dat_i[28]                                                 0.6131
 la_data_in[1]                                                 0.6127
 la_data_in[18]                                                0.6003
 la_data_out[43]                                               0.5979
 wbs_cyc_i                                                     0.5953
 io_oeb[29]                                                    0.5935
 wbs_dat_i[20]                                                 0.5919
 wbs_adr_i[0]                                                  0.5881
 la_oenb[48]                                                   0.5874
 wbs_dat_i[2]                                                  0.5851
 wbs_dat_i[8]                                                  0.5844
 wbs_dat_o[1]                                                  0.5805
 io_in[34]                                                     0.5802
 la_oenb[31]                                                   0.5786
 la_data_out[51]                                               0.5785
 la_data_in[4]                                                 0.5782
 io_oeb[14]                                                    0.5728
 wbs_dat_o[27]                                                 0.5662
 wbs_dat_o[8]                                                  0.5599
 io_out[32]                                                    0.5541
 wbs_dat_i[6]                                                  0.5533
 io_out[1]                                                     0.5498
 la_data_out[15]                                               0.5492
 io_oeb[10]                                                    0.5491
 io_out[11]                                                    0.5479
 io_oeb[35]                                                    0.5463
 io_in[15]                                                     0.5455
 wbs_adr_i[14]                                                 0.5396
 io_out[30]                                                    0.5375
 la_data_out[40]                                               0.5342
 io_in[22]                                                     0.5318
 wbs_adr_i[30]                                                 0.5306
 la_data_in[30]                                                0.5292
 wbs_dat_o[28]                                                 0.5262
 la_data_out[56]                                               0.5200
 wbs_adr_i[10]                                                 0.5138
 io_out[31]                                                    0.5113
 wbs_dat_o[6]                                                  0.5096
 la_data_in[36]                                                0.5083
 la_oenb[34]                                                   0.5076
 la_data_out[44]                                               0.5062
 wbs_dat_o[4]                                                  0.4850
 io_out[28]                                                    0.4789
 la_oenb[14]                                                   0.4780
 la_data_in[27]                                                0.4762
 la_oenb[35]                                                   0.4636
 la_oenb[25]                                                   0.4627
 la_data_out[59]                                               0.4625
 la_oenb[10]                                                   0.4622
 wbs_adr_i[19]                                                 0.4608
 io_in[8]                                                      0.4602
 la_data_in[47]                                                0.4566
 la_data_in[0]                                                 0.4564
 io_in[30]                                                     0.4555
 user_irq[2]                                                   0.4554
 la_data_in[45]                                                0.4388
 io_oeb[11]                                                    0.4350
 wbs_dat_i[21]                                                 0.4330
 wbs_adr_i[20]                                                 0.4284
 la_data_out[0]                                                0.4233
 wbs_dat_o[20]                                                 0.4227
 la_data_in[41]                                                0.4183
 la_data_out[47]                                               0.4143
 wbs_adr_i[21]                                                 0.4098
 wbs_dat_i[22]                                                 0.4070
 io_oeb[3]                                                     0.4064
 la_data_in[32]                                                0.4002
 wbs_dat_i[1]                                                  0.3997
 la_data_in[39]                                                0.3952
 wbs_dat_o[26]                                                 0.3938
 wbs_dat_o[24]                                                 0.3903
 la_data_out[49]                                               0.3875
 la_data_out[45]                                               0.3870
 la_data_in[2]                                                 0.3847
 user_irq[1]                                                   0.3847
 la_oenb[49]                                                   0.3799
 la_data_in[49]                                                0.3764
 la_data_in[62]                                                0.3688
 la_data_in[52]                                                0.3678
 io_in[10]                                                     0.3622
 io_oeb[26]                                                    0.3587
 la_oenb[6]                                                    0.3539
 io_out[20]                                                    0.3536
 la_oenb[62]                                                   0.3514
 wbs_dat_i[23]                                                 0.3492
 wbs_adr_i[15]                                                 0.3444
 la_oenb[5]                                                    0.3443
 wbs_adr_i[4]                                                  0.3407
 wbs_adr_i[24]                                                 0.3385
 la_data_in[55]                                                0.3379
 io_out[9]                                                     0.3358
 la_data_out[14]                                               0.3328
 wbs_adr_i[23]                                                 0.3289
 wbs_dat_i[3]                                                  0.3265
 la_data_out[4]                                                0.3231
 wbs_adr_i[25]                                                 0.3190
 la_oenb[44]                                                   0.3186
 la_data_in[42]                                                0.3157
 la_data_in[43]                                                0.3144
 io_in[7]                                                      0.3000
 wbs_dat_o[31]                                                 0.2987
 io_in[23]                                                     0.2985
 wbs_adr_i[29]                                                 0.2946
 io_in[16]                                                     0.2936
 la_data_out[13]                                               0.2918
 wbs_adr_i[6]                                                  0.2900
 la_oenb[41]                                                   0.2859
 io_in[29]                                                     0.2823
 io_in[11]                                                     0.2820
 io_in[9]                                                      0.2774
 wbs_dat_o[23]                                                 0.2753
 la_data_in[48]                                                0.2731
 la_data_in[63]                                                0.2713
 la_data_in[60]                                                0.2701
 la_data_in[40]                                                0.2633
 la_oenb[3]                                                    0.2601
 wbs_dat_i[13]                                                 0.2590
 la_oenb[40]                                                   0.2582
 io_out[17]                                                    0.2577
 la_oenb[47]                                                   0.2576
 wbs_adr_i[31]                                                 0.2553
 la_oenb[57]                                                   0.2454
 wbs_dat_i[26]                                                 0.2434
 wbs_sel_i[3]                                                  0.2411
 io_in[21]                                                     0.2409
 wbs_adr_i[26]                                                 0.2401
 la_data_out[22]                                               0.2398
 wbs_dat_i[30]                                                 0.2396
 la_data_out[24]                                               0.2376
 la_data_out[23]                                               0.2331
 la_data_in[11]                                                0.2254
 wbs_dat_i[14]                                                 0.2208
 la_data_out[25]                                               0.2205
 io_in[27]                                                     0.2151
 wbs_dat_o[18]                                                 0.2118
 la_oenb[38]                                                   0.2094
 wbs_dat_o[11]                                                 0.2047
 la_data_in[37]                                                0.2033
 la_oenb[26]                                                   0.1985
 mprj/o_q_dly[136]                                             0.1928
 mprj/o_q_dly[106]                                             0.1916
 io_in[14]                                                     0.1888
 wbs_dat_o[17]                                                 0.1884
 io_out[13]                                                    0.1844
 la_data_in[26]                                                0.1824
 la_oenb[42]                                                   0.1822
 mprj/o_q_dly[172]                                             0.1805
 la_data_in[53]                                                0.1727
 mprj/o_q_dly[174]                                             0.1715
 la_data_in[38]                                                0.1700
 mprj/o_q_dly[134]                                             0.1660
 la_data_in[5]                                                 0.1660
 mprj/o_q[89]                                                  0.1631
 mprj/o_q[69]                                                  0.1598
 io_out[16]                                                    0.1584
 io_in[13]                                                     0.1561
 wbs_dat_o[14]                                                 0.1555
 wbs_dat_o[29]                                                 0.1527
 la_data_out[39]                                               0.1518
 mprj/o_q_dly[117]                                             0.1504
 la_oenb[50]                                                   0.1504
 la_data_out[11]                                               0.1497
 wbs_dat_o[7]                                                  0.1482
 wbs_dat_i[5]                                                  0.1394
 la_data_in[14]                                                0.1385
 mprj/o_q_dly[30]                                              0.1352
 mprj/o_q[71]                                                  0.1347
 la_data_in[9]                                                 0.1328
 mprj/o_q[70]                                                  0.1317
 mprj/o_q_dly[57]                                              0.1312
 wbs_dat_o[10]                                                 0.1292
 mprj/o_q[88]                                                  0.1291
 la_data_out[1]                                                0.1280
 mprj/o_q_dly[80]                                              0.1277
 la_oenb[46]                                                   0.1268
 mprj/o_q_dly[56]                                              0.1253
 mprj/o_q[76]                                                  0.1224
 mprj/o_q[74]                                                  0.1218
 mprj/o_q[84]                                                  0.1214
 la_data_in[51]                                                0.1206
 io_oeb[22]                                                    0.1191
 mprj/o_q[72]                                                  0.1185
 mprj/o_q[60]                                                  0.1168
 wbs_adr_i[7]                                                  0.1166
 mprj/o_q[85]                                                  0.1156
 wbs_dat_o[25]                                                 0.1136
 la_data_in[61]                                                0.1132
 io_out[19]                                                    0.1112
 la_data_out[63]                                               0.1112
 wbs_dat_o[22]                                                 0.1109
 wbs_dat_o[3]                                                  0.1104
 la_data_out[55]                                               0.1066
 la_data_out[20]                                               0.1051
 la_data_in[57]                                                0.1031
 la_data_out[54]                                               0.1012
 la_data_in[29]                                                0.1007
 wbs_dat_o[21]                                                 0.0986
 la_oenb[28]                                                   0.0984
 mprj/o_q[94]                                                  0.0976
 wbs_dat_o[2]                                                  0.0968
 mprj/o_q_dly[123]                                             0.0964
 la_oenb[59]                                                   0.0956
 wbs_dat_i[29]                                                 0.0952
 la_data_out[48]                                               0.0952
 mprj/buf_i[124]                                               0.0949
 mprj/o_q_dly[9]                                               0.0948
 mprj/o_q_dly[14]                                              0.0935
 mprj/o_q_dly[143]                                             0.0931
 io_oeb[0]                                                     0.0927
 wbs_stb_i                                                     0.0923
 mprj/o_q_dly[171]                                             0.0922
 mprj/o_q_dly[7]                                               0.0912
 wbs_dat_o[13]                                                 0.0905
 mprj/o_q_dly[140]                                             0.0898
 mprj/o_q_dly[0]                                               0.0893
 la_data_in[7]                                                 0.0891
 mprj/o_q_dly[133]                                             0.0890
 wbs_dat_o[5]                                                  0.0887
 mprj/o_q[87]                                                  0.0877
 mprj/o_q[91]                                                  0.0874
 mprj/o_q_dly[165]                                             0.0860
 mprj/o_q[59]                                                  0.0857
 mprj/o_q[78]                                                  0.0856
 la_data_out[46]                                               0.0856
 mprj/o_q_dly[28]                                              0.0854
 la_oenb[53]                                                   0.0853
 la_data_in[58]                                                0.0851
 mprj/o_q[90]                                                  0.0846
 mprj/buf_i[191]                                               0.0827
 mprj/o_q_dly[29]                                              0.0825
 mprj/o_q_dly[110]                                             0.0824
 mprj/o_q_dly[146]                                             0.0821
 mprj/o_q_dly[27]                                              0.0820
 la_oenb[29]                                                   0.0819
 la_oenb[63]                                                   0.0816
 mprj/o_q_dly[76]                                              0.0796
 mprj/o_q_dly[85]                                              0.0790
 mprj/o_q_dly[53]                                              0.0778
 mprj/o_q[97]                                                  0.0774
 mprj/o_q[73]                                                  0.0771
 io_oeb[9]                                                     0.0771
 wbs_adr_i[27]                                                 0.0765
 mprj/o_q_dly[87]                                              0.0754
 mprj/o_q_dly[79]                                              0.0748
 mprj/o_q_dly[155]                                             0.0741
 mprj/o_q_dly[40]                                              0.0739
 la_data_out[30]                                               0.0734
 mprj/o_q_dly[55]                                              0.0731
 mprj/buf_i[123]                                               0.0731
 mprj/buf_i[119]                                               0.0719
 mprj/o_q_dly[86]                                              0.0717
 mprj/o_q_dly[153]                                             0.0716
 mprj/o_q_dly[51]                                              0.0716
 mprj/o_q[75]                                                  0.0715
 mprj/o_q_dly[23]                                              0.0715
 la_data_in[12]                                                0.0712
 mprj/o_q_dly[11]                                              0.0705
 mprj/buf_i[190]                                               0.0691
 mprj/o_q_dly[89]                                              0.0688
 io_oeb[12]                                                    0.0683
 la_data_out[58]                                               0.0656
 mprj/o_q_dly[77]                                              0.0655
 mprj/o_q[63]                                                  0.0655
 mprj/o_q[64]                                                  0.0653
 mprj/buf_i[175]                                               0.0646
 mprj/o_q[68]                                                  0.0636
 mprj/o_q_dly[45]                                              0.0633
 mprj/o_q[25]                                                  0.0625
 wbs_adr_i[9]                                                  0.0624
 mprj/o_q[83]                                                  0.0621
 mprj/o_q[86]                                                  0.0621
 mprj/o_q_dly[163]                                             0.0620
 wbs_dat_i[25]                                                 0.0602
 mprj/o_q_dly[6]                                               0.0595
 mprj/buf_i[120]                                               0.0584
 io_out[14]                                                    0.0582
 mprj/o_q_dly[142]                                             0.0582
 mprj/buf_i[111]                                               0.0571
 la_oenb[18]                                                   0.0548
 io_oeb[16]                                                    0.0544
 la_data_out[53]                                               0.0539
 mprj/buf_i[188]                                               0.0535
 mprj/o_q_dly[34]                                              0.0527
 mprj/buf_i[174]                                               0.0519
 la_oenb[37]                                                   0.0519
 mprj/buf_i[187]                                               0.0517
 mprj/o_q_dly[43]                                              0.0517
 mprj/o_q_dly[62]                                              0.0502
 wbs_dat_i[27]                                                 0.0499
 mprj/o_q[66]                                                  0.0498
 mprj/o_q[136]                                                 0.0495
 mprj/o_q_dly[82]                                              0.0494
 la_data_in[23]                                                0.0491
 la_oenb[8]                                                    0.0490
 mprj/buf_i[110]                                               0.0489
 mprj/o_q_dly[36]                                              0.0484
 wbs_dat_i[11]                                                 0.0483
 mprj/o_q_dly[74]                                              0.0483
 mprj/o_q_dly[159]                                             0.0473
 mprj/o_q_dly[42]                                              0.0469
 mprj/o_q_dly[17]                                              0.0468
 mprj/buf_i[122]                                               0.0463
 mprj/o_q[93]                                                  0.0461
 mprj/o_q[96]                                                  0.0458
 mprj/o_q_dly[8]                                               0.0448
 mprj/buf_i[173]                                               0.0445
 mprj/o_q[62]                                                  0.0425
 la_data_in[17]                                                0.0418
 mprj/o_q_dly[104]                                             0.0416
 la_data_out[28]                                               0.0416
 io_out[26]                                                    0.0415
 mprj/o_q_dly[18]                                              0.0415
 io_out[22]                                                    0.0412
 mprj/o_q_dly[121]                                             0.0407
 mprj/buf_i[234]                                               0.0407
 mprj/o_q[77]                                                  0.0396
 mprj/buf_i[182]                                               0.0392
 mprj/o_q_dly[95]                                              0.0384
 mprj/o_q_dly[24]                                              0.0383
 mprj/o_q_dly[120]                                             0.0382
 mprj/buf_i[180]                                               0.0373
 mprj/buf_i[126]                                               0.0363
 mprj/o_q_dly[170]                                             0.0361
 mprj/buf_i[115]                                               0.0361
 mprj/o_q_dly[132]                                             0.0360
 mprj/o_q_dly[161]                                             0.0358
 wbs_adr_i[3]                                                  0.0355
 mprj/buf_i[172]                                               0.0354
 mprj/o_q_dly[20]                                              0.0351
 mprj/buf_i[179]                                               0.0329
 mprj/buf_i[127]                                               0.0328
 mprj/buf_i[116]                                               0.0324
 mprj/o_q[95]                                                  0.0324
 mprj/buf_i[176]                                               0.0322
 mprj/buf_i[107]                                               0.0321
 mprj/buf_i[177]                                               0.0319
 mprj/buf_i[186]                                               0.0318
 mprj/o_q[81]                                                  0.0314
 mprj/o_q_dly[138]                                             0.0304
 mprj/buf_i[121]                                               0.0304
 mprj/buf_i[117]                                               0.0302
 mprj/o_q_dly[2]                                               0.0299
 wbs_dat_i[12]                                                 0.0296
 mprj/o_q[58]                                                  0.0292
 mprj/o_q_dly[33]                                              0.0291
 mprj/o_q_dly[116]                                             0.0281
 mprj/buf_i[168]                                               0.0276
 mprj/o_q[61]                                                  0.0272
 mprj/o_q_dly[25]                                              0.0271
 mprj/o_q[106]                                                 0.0260
 mprj/buf_i[91]                                                0.0259
 mprj/o_q_dly[4]                                               0.0258
 mprj/o_q_dly[64]                                              0.0256
 mprj/buf_i[178]                                               0.0256
 mprj/o_q[17]                                                  0.0256
 mprj/o_q_dly[173]                                             0.0247
 mprj/o_q[156]                                                 0.0247
 mprj/o_q_dly[91]                                              0.0246
 la_oenb[54]                                                   0.0240
 mprj/buf_i[170]                                               0.0238
 mprj/o_q[79]                                                  0.0237
 mprj/buf_i[106]                                               0.0234
 mprj/o_q[131]                                                 0.0231
 mprj/o_q[20]                                                  0.0228
 mprj/buf_i[235]                                               0.0227
 mprj/o_q_dly[98]                                              0.0227
 mprj/o_q[121]                                                 0.0227
 mprj/buf_i[100]                                               0.0226
 mprj/buf_i[113]                                               0.0225
 mprj/o_q[37]                                                  0.0224
 mprj/o_q_dly[19]                                              0.0221
 mprj/o_q_dly[83]                                              0.0218
 mprj/o_q_dly[147]                                             0.0217
 mprj/o_q[48]                                                  0.0216
 wbs_dat_i[19]                                                 0.0215
 mprj/buf_i[8]                                                 0.0215
 mprj/buf_i[118]                                               0.0214
 io_out[18]                                                    0.0211
 mprj/o_q_dly[37]                                              0.0211
 mprj/o_q[18]                                                  0.0210
 mprj/o_q_dly[139]                                             0.0208
 mprj/o_q_dly[92]                                              0.0207
 mprj/o_q[67]                                                  0.0207
 mprj/o_q_dly[175]                                             0.0206
 mprj/o_q[98]                                                  0.0206
 mprj/o_q[109]                                                 0.0205
 mprj/buf_i[171]                                               0.0205
 mprj/o_q[125]                                                 0.0205
 mprj/o_q[119]                                                 0.0203
 mprj/buf_i[84]                                                0.0202
 mprj/o_q[129]                                                 0.0201
 mprj/buf_i[105]                                               0.0200
 mprj/o_q[7]                                                   0.0200
 mprj/o_q[150]                                                 0.0199
 mprj/o_q_dly[156]                                             0.0199
 mprj/o_q[166]                                                 0.0199
 mprj/o_q[51]                                                  0.0197
 mprj/o_q[110]                                                 0.0191
 mprj/o_q[111]                                                 0.0191
 mprj/o_q[160]                                                 0.0190
 mprj/o_q_dly[101]                                             0.0190
 mprj/o_q[134]                                                 0.0186
 mprj/buf_i[226]                                               0.0185
 mprj/o_q_dly[10]                                              0.0185
 mprj/o_q_dly[115]                                             0.0184
 mprj/o_q_dly[12]                                              0.0184
 mprj/o_q_dly[88]                                              0.0183
 mprj/o_q_dly[35]                                              0.0180
 mprj/o_q[174]                                                 0.0179
 mprj/buf_i[36]                                                0.0176
 mprj/o_q_dly[108]                                             0.0174
 mprj/buf_i[78]                                                0.0172
 mprj/buf_i[96]                                                0.0171
 mprj/buf_i[76]                                                0.0171
 mprj/buf_i[147]                                               0.0171
 mprj/o_q[122]                                                 0.0170
 mprj/buf_i[227]                                               0.0170
 mprj/buf_i[31]                                                0.0169
 mprj/o_q_dly[105]                                             0.0168
 mprj/o_q_dly[107]                                             0.0167
 mprj/buf_i[155]                                               0.0166
 mprj/buf_i[75]                                                0.0165
 mprj/o_q[105]                                                 0.0165
 mprj/o_q[92]                                                  0.0164
 mprj/o_q_dly[78]                                              0.0164
 mprj/buf_i[86]                                                0.0164
 mprj/buf_i[85]                                                0.0163
 mprj/o_q_dly[154]                                             0.0162
 mprj/o_q_dly[93]                                              0.0162
 mprj/o_q[159]                                                 0.0162
 mprj/buf_i[97]                                                0.0160
 mprj/o_q[39]                                                  0.0159
 mprj/o_q[49]                                                  0.0159
 mprj/buf_i[148]                                               0.0159
 mprj/o_q[107]                                                 0.0157
 mprj/buf_i[108]                                               0.0156
 mprj/buf_i[33]                                                0.0156
 mprj/o_q[108]                                                 0.0156
 mprj/buf_i[201]                                               0.0155
 mprj/o_q_dly[135]                                             0.0155
 mprj/o_q_dly[118]                                             0.0152
 mprj/o_q_dly[145]                                             0.0151
 mprj/buf_i[18]                                                0.0150
 mprj/o_q[82]                                                  0.0150
 mprj/o_q_dly[122]                                             0.0150
 mprj/o_q_dly[21]                                              0.0150
 mprj/o_q_dly[94]                                              0.0150
 mprj/o_q_dly[164]                                             0.0150
 mprj/o_q_dly[160]                                             0.0149
 mprj/o_q_dly[5]                                               0.0148
 mprj/o_q[27]                                                  0.0147
 mprj/buf_i[156]                                               0.0146
 mprj/o_q_dly[72]                                              0.0146
 mprj/o_q[171]                                                 0.0145
 mprj/buf_i[196]                                               0.0141
 mprj/o_q_dly[41]                                              0.0140
 mprj/o_q_dly[162]                                             0.0139
 mprj/o_q_dly[22]                                              0.0139
 mprj/buf_i[34]                                                0.0138
 mprj/o_q[35]                                                  0.0136
 mprj/buf_i[149]                                               0.0135
 mprj/buf_i[143]                                               0.0135
 mprj/o_q[42]                                                  0.0133
 mprj/buf_i[53]                                                0.0129
 mprj/buf_i[153]                                               0.0127
 mprj/o_q_dly[15]                                              0.0126
 mprj/buf_i[185]                                               0.0124
 mprj/o_q[99]                                                  0.0123
 mprj/buf_i[63]                                                0.0123
 mprj/o_q_dly[44]                                              0.0123
 mprj/buf_i[82]                                                0.0122
 mprj/buf_i[136]                                               0.0121
 mprj/o_q_dly[148]                                             0.0121
 mprj/o_q_dly[75]                                              0.0121
 mprj/o_q_dly[71]                                              0.0119
 mprj/buf_i[112]                                               0.0119
 mprj/buf_i[17]                                                0.0118
 mprj/buf_i[51]                                                0.0117
 mprj/buf_i[132]                                               0.0116
 mprj/buf_i[32]                                                0.0115
 mprj/buf_i[89]                                                0.0115
 mprj/o_q_dly[109]                                             0.0114
 mprj/o_q[5]                                                   0.0114
 mprj/buf_i[219]                                               0.0114
 mprj/o_q[28]                                                  0.0113
 mprj/o_q[155]                                                 0.0112
 mprj/o_q_dly[158]                                             0.0112
 mprj/buf_i[184]                                               0.0112
 mprj/buf_i[200]                                               0.0111
 mprj/buf_i[181]                                               0.0111
 mprj/o_q[132]                                                 0.0107
 mprj/o_q[162]                                                 0.0107
 mprj/o_q_dly[66]                                              0.0107
 mprj/o_q_dly[168]                                             0.0105
 mprj/o_q[157]                                                 0.0105
 mprj/o_q_dly[103]                                             0.0105
 mprj/o_q[145]                                                 0.0104
 mprj/buf_i[229]                                               0.0104
 mprj/o_q_dly[126]                                             0.0103
 mprj/o_q_dly[61]                                              0.0103
 mprj/o_q_dly[97]                                              0.0103
 mprj/buf_i[102]                                               0.0102
 mprj/o_q_dly[102]                                             0.0102
 mprj/o_q[34]                                                  0.0101
 mprj/o_q_dly[127]                                             0.0099
 mprj/o_q[165]                                                 0.0099
 mprj/o_q_dly[73]                                              0.0098
 mprj/o_q_dly[52]                                              0.0098
 mprj/o_q_dly[169]                                             0.0097
 mprj/buf_i[13]                                                0.0097
 mprj/buf_i[2]                                                 0.0096
 mprj/buf_i[42]                                                0.0094
 mprj/o_q[141]                                                 0.0094
 mprj/o_q[2]                                                   0.0094
 mprj/buf_i[167]                                               0.0093
 mprj/o_q[137]                                                 0.0092
 mprj/o_q[65]                                                  0.0091
 mprj/buf_i[138]                                               0.0090
 mprj/buf_i[109]                                               0.0089
 mprj/o_q_dly[48]                                              0.0088
 mprj/o_q[133]                                                 0.0087
 mprj/buf_i[20]                                                0.0086
 mprj/o_q_dly[124]                                             0.0085
 mprj/o_q[38]                                                  0.0085
 mprj/o_q[146]                                                 0.0085
 mprj/o_q[169]                                                 0.0083
 mprj/o_q[104]                                                 0.0082
 mprj/o_q_dly[50]                                              0.0080
 mprj/buf_i[83]                                                0.0079
 mprj/buf_i[150]                                               0.0079
 mprj/o_q_dly[141]                                             0.0078
 mprj/buf_i[103]                                               0.0078
 mprj/buf_i[193]                                               0.0078
 la_oenb[45]                                                   0.0077
 mprj/o_q[46]                                                  0.0077
 mprj/buf_i[93]                                                0.0076
 mprj/buf_i[7]                                                 0.0075
 mprj/o_q[3]                                                   0.0074
 mprj/o_q[170]                                                 0.0074
 mprj/buf_i[215]                                               0.0074
 mprj/o_q[4]                                                   0.0073
 mprj/buf_i[54]                                                0.0073
 mprj/buf_i[50]                                                0.0072
 mprj/buf_i[231]                                               0.0072
 mprj/o_q_dly[81]                                              0.0070
 mprj/buf_i[164]                                               0.0070
 mprj/buf_i[151]                                               0.0069
 mprj/o_q[149]                                                 0.0069
 mprj/buf_i[77]                                                0.0067
 mprj/o_q_dly[68]                                              0.0067
 mprj/o_q_dly[144]                                             0.0067
 mprj/buf_i[199]                                               0.0065
 mprj/buf_i[166]                                               0.0064
 mprj/o_q_dly[47]                                              0.0064
 mprj/o_q[24]                                                  0.0064
 mprj/buf_i[98]                                                0.0063
 mprj/buf_i[92]                                                0.0062
 mprj/buf_i[134]                                               0.0062
 mprj/buf_i[230]                                               0.0060
 mprj/o_q[113]                                                 0.0060
 mprj/o_q_dly[65]                                              0.0059
 mprj/buf_i[4]                                                 0.0058
 mprj/o_q_dly[63]                                              0.0058
 mprj/buf_i[140]                                               0.0058
 mprj/o_q_dly[54]                                              0.0058
 mprj/buf_i[202]                                               0.0056
 mprj/o_q_dly[167]                                             0.0056
 mprj/buf_i[228]                                               0.0056
 mprj/o_q[23]                                                  0.0055
 mprj/buf_i[222]                                               0.0054
 mprj/o_q[123]                                                 0.0053
 mprj/buf_i[221]                                               0.0053
 mprj/buf_i[52]                                                0.0052
 mprj/buf_i[183]                                               0.0051
 mprj/buf_i[88]                                                0.0050
 mprj/buf_i[154]                                               0.0050
 mprj/buf_i[35]                                                0.0049
 mprj/buf_i[3]                                                 0.0049
 mprj/o_q_dly[1]                                               0.0049
 mprj/buf_i[204]                                               0.0048
 mprj/buf_i[79]                                                0.0048
 mprj/buf_i[0]                                                 0.0048
 la_oenb[17]                                                   0.0047
 mprj/buf_i[104]                                               0.0047
 mprj/buf_i[64]                                                0.0046
 mprj/buf_i[70]                                                0.0045
 mprj/buf_i[158]                                               0.0044
 mprj/o_q_dly[39]                                              0.0044
 mprj/buf_i[1]                                                 0.0043
 mprj/buf_i[62]                                                0.0042
 mprj/o_q[11]                                                  0.0042
 mprj/buf_i[90]                                                0.0041
 mprj/buf_i[169]                                               0.0041
 mprj/buf_i[21]                                                0.0040
 mprj/buf_i[72]                                                0.0039
 mprj/buf_i[197]                                               0.0039
 mprj/o_q[6]                                                   0.0039
 mprj/buf_i[66]                                                0.0035
 mprj/buf_i[44]                                                0.0035
 mprj/buf_i[198]                                               0.0034
 mprj/buf_i[94]                                                0.0033
 mprj/o_q[135]                                                 0.0033
 mprj/buf_i[48]                                                0.0032
 mprj/buf_i[141]                                               0.0032
 mprj/buf_i[46]                                                0.0032
 mprj/buf_i[114]                                               0.0031
 mprj/buf_i[145]                                               0.0029
 mprj/buf_i[19]                                                0.0029
 mprj/buf_i[131]                                               0.0028
 mprj/buf_i[194]                                               0.0028
 mprj/buf_i[232]                                               0.0026
 mprj/buf_i[135]                                               0.0025
 mprj/buf_i[23]                                                0.0024
 mprj/buf_i[81]                                                0.0023
 mprj/buf_i[30]                                                0.0023
 mprj/buf_i[165]                                               0.0023
 mprj/buf_i[224]                                               0.0021
 mprj/buf_i[43]                                                0.0020
 mprj/buf_i[213]                                               0.0020
 mprj/buf_i[60]                                                0.0020
 la_oenb[52]                                                   0.0020
 mprj/buf_i[73]                                                0.0019
 mprj/buf_i[12]                                                0.0018
 mprj/buf_i[55]                                                0.0018
 mprj/buf_i[80]                                                0.0017
 mprj/buf_i[5]                                                 0.0016
 mprj/buf_i[101]                                               0.0016
 wbs_dat_i[18]                                                 0.0016
 mprj/buf_i[74]                                                0.0015
 mprj/buf_i[146]                                               0.0013
 mprj/buf_i[45]                                                0.0013
 mprj/buf_i[69]                                                0.0009
 mprj/buf_i[10]                                                0.0009
 io_in[24]                                                     0.0006
 mprj/buf_i[37]                                                0.0003
 mprj/buf_i[207]                                               0.0002
 mprj/buf_i[214]                                               0.0001
 mprj/buf_i[163]                                              -0.0000
 mprj/buf_i[38]                                               -0.0000
 mprj/o_q[153]                                                 0.0000
 mprj/o_q[0]                                                   0.0000
 mprj/o_q[152]                                                 0.0000
 mprj/o_q_dly[67]                                             -0.0000
 mprj/o_q[57]                                                  0.0000
 mprj/o_q[112]                                                -0.0000
 mprj/o_q_dly[26]                                             -0.0000
 mprj/o_q[56]                                                 -0.0000
 mprj/o_q[16]                                                  0.0000
 mprj/buf_i[139]                                              -0.0000
 mprj/buf_i[206]                                              -0.0000
 mprj/o_q_dly[157]                                            -0.0000
 mprj/o_q[14]                                                  0.0000
 mprj/o_q[168]                                                -0.0000
 mprj/buf_i[211]                                              -0.0000
 io_in[19]                                                    -0.0000
 mprj/buf_i[203]                                              -0.0000
 mprj/o_q[128]                                                 0.0000
 mprj/o_q[167]                                                -0.0000
 mprj/o_q_dly[60]                                              0.0000
 mprj/buf_i[133]                                              -0.0000
 mprj/o_q_dly[111]                                            -0.0000
 la_data_out[37]                                              -0.0000
 io_out[21]                                                   -0.0000
 io_out[36]                                                   -0.0000
 mprj/buf_i[189]                                              -0.0000
 wbs_dat_i[0]                                                 -0.0000
 mprj/o_q[127]                                                 0.0000
 io_oeb[18]                                                   -0.0000
 mprj/o_q[126]                                                 0.0000
 mprj/o_q[50]                                                 -0.0000
 io_oeb[34]                                                   -0.0000
 mprj/o_q[10]                                                  0.0000
 mprj/o_q[164]                                                 0.0000
 wbs_ack_o                                                    -0.0000
 mprj/o_q_dly[32]                                              0.0000
 mprj/o_q[124]                                                -0.0000
 mprj/buf_i[6]                                                -0.0000
 mprj/o_q_dly[125]                                             0.0000
 mprj/o_q[163]                                                 0.0000
 mprj/o_q_dly[31]                                             -0.0000
 mprj/buf_i[212]                                              -0.0000
 mprj/buf_i[144]                                              -0.0000
 mprj/buf_i[59]                                               -0.0000
 mprj/o_q[161]                                                 0.0000
 mprj/o_q[26]                                                  0.0000
 la_data_in[50]                                               -0.0000
 mprj/buf_i[210]                                              -0.0000
 mprj/o_q_dly[49]                                             -0.0000
 mprj/o_q[22]                                                  0.0000
 mprj/buf_i[142]                                              -0.0000
 mprj/o_q[21]                                                 -0.0000
 mprj/o_q[175]                                                -0.0000
 mprj/buf_i[16]                                               -0.0000
 mprj/o_q_dly[46]                                              0.0000
 mprj/o_q[173]                                                 0.0000
 mprj/o_q_dly[84]                                              0.0000
 mprj/buf_i[157]                                              -0.0000
 mprj/o_q[172]                                                 0.0000
 mprj/o_q[36]                                                 -0.0000
 la_data_in[54]                                               -0.0000
 mprj/o_q[130]                                                 0.0000
 mprj/buf_i[195]                                              -0.0000
 mprj/o_q[148]                                                 0.0000
 mprj/o_q[147]                                                 0.0000
 mprj/o_q[32]                                                 -0.0000
 mprj/o_q_dly[99]                                             -0.0000
 mprj/buf_i[68]                                               -0.0000
 mprj/o_q_dly[59]                                              0.0000
 mprj/o_q[30]                                                  0.0000
 mprj/buf_i[67]                                               -0.0000
 mprj/o_q_dly[58]                                             -0.0000
 mprj/o_q_dly[131]                                            -0.0000
 mprj/o_q[144]                                                 0.0000
 mprj/buf_i[27]                                               -0.0000
 mprj/o_q_dly[130]                                             0.0000
 mprj/o_q_dly[96]                                             -0.0000
 mprj/o_q[143]                                                 0.0000
 mprj/o_q[47]                                                 -0.0000
 mprj/o_q[9]                                                   0.0000
 mprj/o_q_dly[16]                                             -0.0000
 mprj/buf_i[236]                                              -0.0000
 mprj/o_q[101]                                                -0.0000
 mprj/o_q[45]                                                  0.0000
 mprj/o_q[158]                                                -0.0000
 mprj/o_q_dly[13]                                              0.0000
 mprj/o_q[43]                                                  0.0000
 mprj/o_q[118]                                                 0.0000
 mprj/buf_i[233]                                              -0.0000
 mprj/o_q[41]                                                  0.0000
 mprj/o_q[116]                                                -0.0000
 mprj/buf_i[125]                                              -0.0000
 mprj/o_q_dly[90]                                             -0.0000
 mprj/o_q[40]                                                 -0.0000
 mprj/o_q[115]                                                 0.0000
 mprj/buf_i[39]                                               -0.0000
 mprj/o_q_dly[3]                                              -0.0000
 mprj/o_q[154]                                                -0.0000
 mprj/o_q[114]                                                 0.0000
 mprj/o_q[19]                                                  0.0000
 la_oenb[30]                                                  -0.0000
 la_data_in[59]                                               -0.0000
 io_in[36]                                                    -0.0000

1
