****************************************
Report : global_timing
	-format { narrow }
	-separate_all_groups
Design : user_project_wrapper
Version: T-2022.03-SP3
Date   : Sun Dec 11 11:33:32 2022
****************************************

Setup violations for paths in user_clock2
---------------------------------------------------------
         Total  reg->reg   in->reg  reg->out   in->out
---------------------------------------------------------
WNS    -3.8365    0.0000    0.0000   -3.8365    0.0000
TNS   -23.1923    0.0000    0.0000  -23.1923    0.0000
NUM         32         0         0        32         0
---------------------------------------------------------


Hold violations for paths in clk
---------------------------------------------------------
         Total  reg->reg   in->reg  reg->out   in->out
---------------------------------------------------------
WNS    -0.7273    0.0000   -0.7273    0.0000    0.0000
TNS   -28.2177    0.0000  -28.2177    0.0000    0.0000
NUM         97         0        97         0         0
---------------------------------------------------------

1
