****************************************
Report : global_timing
	-format { narrow }
	-separate_all_groups
Design : user_project_wrapper
Version: T-2022.03-SP3
Date   : Sun Dec 11 06:24:28 2022
****************************************

Setup violations for paths in user_clock2
---------------------------------------------------------
         Total  reg->reg   in->reg  reg->out   in->out
---------------------------------------------------------
WNS    -4.4862    0.0000    0.0000   -4.4862    0.0000
TNS   -54.9062    0.0000    0.0000  -54.9062    0.0000
NUM         57         0         0        57         0
---------------------------------------------------------


Hold violations for paths in clk
---------------------------------------------------------
         Total  reg->reg   in->reg  reg->out   in->out
---------------------------------------------------------
WNS    -1.0172    0.0000   -1.0172    0.0000    0.0000
TNS   -28.7952    0.0000  -28.7952    0.0000    0.0000
NUM        111         0       111         0         0
---------------------------------------------------------

1
