Information: Setting timing_save_pin_arrival_and_slack to TRUE and updating timing. (PTE-076)
Information: It is recommended that the variable timing_save_pin_arrival_and_slack be set before the initial timing update for optimal performance of this command. (PTE-077)
****************************************
Report : si_bottleneck
	-cost_type delta_delay
	-slack_lesser_than 10
	-all_nets
	-significant_digits 4
	-nosplit
	-minimum_active_aggressors 1
	-min
	-max
Design : user_project_wrapper
Version: T-2022.03-SP3
Date   : Sun Dec 11 11:32:51 2022
****************************************

 Bottleneck Cost:  delta_delay
 net                                                         cost
 ---------------------------------------------------------------------
 io_oeb[24]                                                    8.9737
 la_data_out[21]                                               8.5073
 wbs_sel_i[2]                                                  8.4872
 io_in[0]                                                      7.9630
 io_in[1]                                                      7.5362
 io_oeb[2]                                                     5.8773
 la_data_out[17]                                               5.1176
 wbs_dat_o[9]                                                  5.0676
 io_oeb[23]                                                    5.0123
 la_oenb[55]                                                   4.8812
 wbs_sel_i[0]                                                  4.8604
 la_data_in[3]                                                 4.7935
 la_data_in[24]                                                4.4846
 la_data_out[5]                                                4.4530
 la_oenb[21]                                                   4.4056
 la_data_in[25]                                                4.3933
 la_data_in[31]                                                4.3088
 la_data_out[27]                                               4.2003
 la_oenb[11]                                                   4.1784
 wbs_adr_i[8]                                                  4.0416
 la_oenb[13]                                                   3.9818
 la_oenb[43]                                                   3.9817
 io_oeb[32]                                                    3.9393
 la_oenb[12]                                                   3.8895
 io_out[24]                                                    3.8295
 la_data_in[22]                                                3.7527
 la_oenb[24]                                                   3.7323
 io_oeb[15]                                                    3.7161
 la_data_out[10]                                               3.7084
 wbs_sel_i[1]                                                  3.6295
 la_data_out[12]                                               3.6294
 la_oenb[4]                                                    3.6107
 io_out[35]                                                    3.6079
 la_data_in[21]                                                3.5745
 la_oenb[20]                                                   3.5663
 la_data_in[15]                                                3.5638
 la_oenb[22]                                                   3.5426
 la_oenb[23]                                                   3.5199
 la_oenb[16]                                                   3.5029
 la_data_in[19]                                                3.4964
 la_oenb[60]                                                   3.4933
 la_data_out[33]                                               3.4840
 la_data_out[34]                                               3.4539
 io_out[6]                                                     3.4326
 la_data_out[26]                                               3.4201
 la_data_out[19]                                               3.4080
 la_data_out[16]                                               3.3871
 la_data_in[34]                                                3.3162
 user_irq[0]                                                   3.2992
 la_data_out[29]                                               3.2902
 io_oeb[31]                                                    3.2860
 la_oenb[9]                                                    3.2770
 la_data_out[32]                                               3.2538
 io_in[37]                                                     3.2515
 wbs_dat_i[31]                                                 3.2212
 la_oenb[33]                                                   3.1972
 io_out[2]                                                     3.1165
 la_oenb[27]                                                   3.1039
 la_oenb[31]                                                   3.0971
 la_oenb[0]                                                    3.0910
 la_data_out[31]                                               3.0620
 la_oenb[32]                                                   3.0562
 wbs_adr_i[2]                                                  3.0524
 io_out[34]                                                    3.0162
 la_data_in[33]                                                2.9924
 la_oenb[7]                                                    2.9888
 la_oenb[25]                                                   2.9531
 la_data_in[28]                                                2.9136
 la_oenb[36]                                                   2.9135
 la_oenb[56]                                                   2.8964
 io_in[31]                                                     2.8812
 wbs_dat_o[15]                                                 2.8564
 wbs_dat_i[10]                                                 2.8544
 la_data_in[13]                                                2.8438
 io_in[33]                                                     2.8305
 la_oenb[48]                                                   2.8041
 la_oenb[58]                                                   2.7936
 la_data_out[61]                                               2.7870
 la_oenb[1]                                                    2.7595
 la_oenb[14]                                                   2.7212
 io_oeb[1]                                                     2.7187
 la_data_in[27]                                                2.7132
 wbs_adr_i[11]                                                 2.7035
 la_data_in[6]                                                 2.6929
 io_in[2]                                                      2.6814
 io_in[6]                                                      2.6285
 io_oeb[7]                                                     2.6237
 wbs_dat_o[30]                                                 2.6047
 io_in[5]                                                      2.5806
 la_oenb[2]                                                    2.5734
 io_in[32]                                                     2.5695
 io_out[23]                                                    2.5505
 io_oeb[6]                                                     2.5356
 la_oenb[34]                                                   2.5349
 io_in[3]                                                      2.5336
 io_out[5]                                                     2.5178
 la_data_out[35]                                               2.4783
 io_in[15]                                                     2.4398
 io_oeb[5]                                                     2.4319
 wbs_dat_i[16]                                                 2.4004
 la_data_in[35]                                                2.3957
 la_data_in[10]                                                2.3792
 la_data_out[18]                                               2.3633
 io_oeb[4]                                                     2.2849
 io_out[27]                                                    2.2844
 la_data_in[8]                                                 2.2780
 io_in[4]                                                      2.2682
 io_in[35]                                                     2.2477
 io_out[3]                                                     2.2399
 la_oenb[15]                                                   2.2342
 wbs_adr_i[18]                                                 2.1928
 la_oenb[39]                                                   2.1795
 io_oeb[30]                                                    2.1424
 la_oenb[35]                                                   2.1424
 wbs_dat_i[15]                                                 2.1265
 wbs_adr_i[1]                                                  2.1142
 wbs_adr_i[13]                                                 2.0998
 la_data_out[2]                                                2.0865
 io_oeb[8]                                                     2.0827
 io_oeb[27]                                                    2.0321
 la_data_out[57]                                               1.9805
 io_oeb[33]                                                    1.9672
 io_out[10]                                                    1.9405
 la_data_out[41]                                               1.9313
 wbs_adr_i[17]                                                 1.8752
 wbs_dat_o[16]                                                 1.8710
 la_data_out[6]                                                1.8659
 la_data_in[20]                                                1.8619
 io_out[37]                                                    1.8149
 la_data_out[36]                                               1.8078
 wbs_we_i                                                      1.8041
 io_out[29]                                                    1.7956
 la_data_out[42]                                               1.7819
 wbs_adr_i[16]                                                 1.7775
 wbs_adr_i[12]                                                 1.7625
 io_in[11]                                                     1.7611
 wbs_adr_i[22]                                                 1.7596
 la_oenb[19]                                                   1.7570
 la_oenb[41]                                                   1.7538
 wbs_dat_i[28]                                                 1.7167
 io_out[8]                                                     1.7157
 la_data_in[39]                                                1.6999
 wbs_dat_o[19]                                                 1.6753
 la_data_out[7]                                                1.6702
 la_data_out[8]                                                1.6396
 io_in[22]                                                     1.6104
 la_oenb[61]                                                   1.6040
 wbs_dat_i[24]                                                 1.5798
 io_in[28]                                                     1.5761
 la_oenb[10]                                                   1.5487
 la_data_in[16]                                                1.5252
 la_data_out[52]                                               1.5019
 la_data_in[9]                                                 1.4848
 la_oenb[51]                                                   1.4782
 io_oeb[36]                                                    1.4514
 io_out[4]                                                     1.4382
 wbs_adr_i[5]                                                  1.4304
 la_data_out[3]                                                1.4254
 la_oenb[42]                                                   1.4223
 la_data_in[46]                                                1.4149
 wbs_dat_o[12]                                                 1.4110
 io_out[7]                                                     1.3981
 la_data_out[38]                                               1.3941
 la_data_in[1]                                                 1.3921
 io_out[33]                                                    1.3885
 io_in[27]                                                     1.3842
 la_data_in[18]                                                1.3651
 wbs_adr_i[28]                                                 1.3597
 wbs_dat_i[7]                                                  1.3362
 la_data_in[44]                                                1.3332
 wbs_dat_i[4]                                                  1.3291
 la_data_out[43]                                               1.3153
 la_data_in[0]                                                 1.3106
 la_data_out[50]                                               1.2998
 wbs_dat_i[17]                                                 1.2891
 la_oenb[8]                                                    1.2872
 la_data_out[9]                                                1.2796
 wbs_cyc_i                                                     1.2745
 wbs_adr_i[14]                                                 1.2718
 wbs_dat_i[20]                                                 1.2717
 la_oenb[18]                                                   1.2663
 la_data_in[30]                                                1.2623
 la_data_in[4]                                                 1.2617
 io_out[11]                                                    1.2583
 io_in[34]                                                     1.2572
 la_data_out[60]                                               1.2561
 wbs_dat_i[8]                                                  1.2521
 wbs_dat_i[2]                                                  1.2511
 wbs_adr_i[0]                                                  1.2421
 la_data_in[38]                                                1.2219
 wbs_adr_i[21]                                                 1.2039
 io_oeb[35]                                                    1.1989
 wbs_dat_o[8]                                                  1.1904
 wbs_dat_i[14]                                                 1.1887
 wbs_dat_o[27]                                                 1.1836
 wbs_dat_i[6]                                                  1.1809
 wbs_adr_i[24]                                                 1.1756
 la_data_out[40]                                               1.1753
 la_data_out[62]                                               1.1685
 wbs_adr_i[30]                                                 1.1667
 la_data_in[42]                                                1.1534
 io_out[31]                                                    1.1478
 wbs_dat_o[1]                                                  1.1383
 io_out[1]                                                     1.1336
 wbs_adr_i[10]                                                 1.1279
 wbs_adr_i[19]                                                 1.1278
 io_in[7]                                                      1.1241
 io_out[32]                                                    1.1211
 io_oeb[28]                                                    1.1144
 la_data_in[36]                                                1.1096
 la_data_out[15]                                               1.1087
 io_oeb[14]                                                    1.1083
 io_oeb[29]                                                    1.0970
 la_data_out[51]                                               1.0899
 la_data_out[44]                                               1.0893
 wbs_adr_i[6]                                                  1.0863
 wbs_dat_i[13]                                                 1.0850
 wbs_adr_i[23]                                                 1.0807
 io_in[29]                                                     1.0586
 io_in[16]                                                     1.0526
 wbs_dat_o[28]                                                 1.0525
 wbs_dat_i[29]                                                 1.0340
 la_data_out[56]                                               1.0326
 io_oeb[10]                                                    1.0266
 io_in[9]                                                      1.0239
 wbs_dat_o[4]                                                  1.0121
 wbs_dat_i[21]                                                 1.0104
 la_data_in[53]                                                1.0059
 la_data_in[45]                                                1.0016
 wbs_adr_i[20]                                                 0.9979
 io_out[30]                                                    0.9945
 wbs_adr_i[25]                                                 0.9928
 io_in[30]                                                     0.9926
 io_in[8]                                                      0.9911
 io_in[14]                                                     0.9779
 la_data_in[41]                                                0.9685
 la_data_in[47]                                                0.9566
 wbs_dat_o[6]                                                  0.9479
 wbs_dat_i[22]                                                 0.9391
 la_oenb[6]                                                    0.9358
 io_in[10]                                                     0.9318
 io_oeb[3]                                                     0.9233
 la_data_in[32]                                                0.9220
 la_oenb[49]                                                   0.9196
 io_out[28]                                                    0.9140
 wbs_adr_i[26]                                                 0.9074
 wbs_adr_i[15]                                                 0.9058
 wbs_dat_i[23]                                                 0.9011
 la_data_in[2]                                                 0.9010
 io_oeb[11]                                                    0.8824
 la_oenb[47]                                                   0.8638
 la_data_in[49]                                                0.8464
 la_data_out[59]                                               0.8409
 la_data_in[62]                                                0.8351
 la_data_in[52]                                                0.8339
 wbs_dat_i[1]                                                  0.8298
 la_oenb[5]                                                    0.8252
 io_out[9]                                                     0.8207
 la_data_out[0]                                                0.8182
 wbs_dat_o[24]                                                 0.8129
 wbs_dat_o[20]                                                 0.8064
 io_out[20]                                                    0.7948
 wbs_dat_i[27]                                                 0.7924
 la_data_out[45]                                               0.7917
 wbs_dat_o[26]                                                 0.7882
 io_in[13]                                                     0.7812
 la_data_out[47]                                               0.7785
 la_data_in[11]                                                0.7707
 la_data_in[55]                                                0.7693
 user_irq[2]                                                   0.7682
 la_data_in[7]                                                 0.7629
 wbs_adr_i[4]                                                  0.7551
 la_data_in[48]                                                0.7342
 io_in[23]                                                     0.7334
 wbs_adr_i[29]                                                 0.7255
 la_oenb[62]                                                   0.7227
 user_irq[1]                                                   0.7172
 la_oenb[44]                                                   0.7111
 la_data_out[49]                                               0.6983
 la_data_in[43]                                                0.6908
 wbs_dat_i[3]                                                  0.6795
 wbs_adr_i[27]                                                 0.6781
 la_data_in[14]                                                0.6751
 la_oenb[3]                                                    0.6635
 wbs_adr_i[31]                                                 0.6606
 la_data_out[4]                                                0.6602
 io_oeb[26]                                                    0.6513
 la_oenb[57]                                                   0.6360
 io_in[21]                                                     0.6340
 la_data_out[13]                                               0.6272
 la_oenb[40]                                                   0.6253
 la_data_out[14]                                               0.6067
 la_data_in[40]                                                0.5931
 la_data_in[63]                                                0.5845
 la_oenb[26]                                                   0.5838
 wbs_dat_i[26]                                                 0.5812
 wbs_dat_i[30]                                                 0.5802
 la_oenb[50]                                                   0.5776
 la_data_in[17]                                                0.5717
 la_data_in[58]                                                0.5698
 wbs_dat_o[31]                                                 0.5638
 wbs_dat_i[5]                                                  0.5551
 la_oenb[17]                                                   0.5478
 la_data_in[60]                                                0.5337
 wbs_dat_o[23]                                                 0.5287
 la_oenb[63]                                                   0.5262
 io_out[17]                                                    0.5221
 la_data_out[22]                                               0.5084
 la_oenb[38]                                                   0.5083
 wbs_dat_o[18]                                                 0.4960
 la_data_out[24]                                               0.4820
 la_data_in[26]                                                0.4814
 la_data_out[23]                                               0.4710
 la_data_in[37]                                                0.4683
 wbs_dat_o[11]                                                 0.4627
 la_data_out[25]                                               0.4596
 wbs_dat_i[25]                                                 0.4450
 wbs_sel_i[3]                                                  0.4418
 wbs_dat_o[17]                                                 0.4121
 la_data_in[5]                                                 0.4099
 io_out[13]                                                    0.4034
 la_data_in[23]                                                0.3998
 la_oenb[37]                                                   0.3907
 wbs_dat_o[29]                                                 0.3804
 io_oeb[22]                                                    0.3794
 io_out[16]                                                    0.3681
 mprj/o_q[89]                                                  0.3567
 la_oenb[53]                                                   0.3495
 la_data_out[39]                                               0.3432
 mprj/o_q[69]                                                  0.3409
 la_data_out[20]                                               0.3300
 wbs_dat_o[7]                                                  0.3186
 la_data_out[55]                                               0.3161
 la_data_out[1]                                                0.3145
 la_data_out[54]                                               0.3114
 mprj/o_q[70]                                                  0.3029
 mprj/o_q[71]                                                  0.3025
 wbs_dat_i[19]                                                 0.2995
 mprj/o_q[88]                                                  0.2970
 wbs_dat_o[10]                                                 0.2966
 wbs_dat_o[25]                                                 0.2909
 mprj/o_q_dly[117]                                             0.2854
 mprj/o_q[84]                                                  0.2844
 la_data_out[48]                                               0.2835
 mprj/o_q[76]                                                  0.2832
 io_out[19]                                                    0.2776
 wbs_dat_o[22]                                                 0.2774
 la_data_out[11]                                               0.2741
 wbs_dat_o[21]                                                 0.2740
 mprj/o_q[60]                                                  0.2704
 wbs_dat_i[12]                                                 0.2678
 mprj/o_q[72]                                                  0.2670
 mprj/o_q[85]                                                  0.2640
 la_oenb[54]                                                   0.2638
 la_data_out[46]                                               0.2622
 wbs_dat_i[11]                                                 0.2601
 la_oenb[46]                                                   0.2553
 la_data_out[63]                                               0.2549
 wbs_dat_o[3]                                                  0.2518
 mprj/o_q_dly[30]                                              0.2513
 wbs_adr_i[7]                                                  0.2504
 mprj/o_q_dly[134]                                             0.2483
 mprj/o_q_dly[174]                                             0.2483
 la_data_in[51]                                                0.2473
 mprj/o_q_dly[56]                                              0.2457
 wbs_dat_o[14]                                                 0.2448
 mprj/o_q_dly[57]                                              0.2406
 la_data_in[61]                                                0.2381
 la_oenb[59]                                                   0.2351
 wbs_dat_o[2]                                                  0.2313
 la_data_out[30]                                               0.2305
 wbs_adr_i[3]                                                  0.2182
 wbs_dat_o[13]                                                 0.2175
 mprj/buf_i[124]                                               0.2138
 mprj/o_q_dly[80]                                              0.2136
 la_data_in[57]                                                0.2135
 mprj/o_q_dly[136]                                             0.2104
 la_data_in[29]                                                0.2087
 wbs_dat_o[5]                                                  0.2062
 mprj/o_q[87]                                                  0.2035
 io_oeb[0]                                                     0.1944
 mprj/buf_i[191]                                               0.1903
 la_data_out[58]                                               0.1879
 wbs_stb_i                                                     0.1878
 mprj/o_q[74]                                                  0.1843
 mprj/o_q[59]                                                  0.1842
 mprj/o_q[78]                                                  0.1833
 io_oeb[9]                                                     0.1795
 mprj/o_q_dly[143]                                             0.1762
 mprj/o_q[73]                                                  0.1759
 mprj/buf_i[123]                                               0.1700
 mprj/buf_i[119]                                               0.1622
 mprj/o_q[63]                                                  0.1619
 io_out[14]                                                    0.1595
 wbs_dat_i[18]                                                 0.1594
 mprj/o_q[75]                                                  0.1591
 io_oeb[12]                                                    0.1582
 mprj/buf_i[175]                                               0.1568
 mprj/o_q_dly[0]                                               0.1555
 mprj/buf_i[190]                                               0.1547
 mprj/o_q[64]                                                  0.1484
 la_data_out[53]                                               0.1473
 mprj/o_q[68]                                                  0.1462
 mprj/o_q_dly[29]                                              0.1438
 mprj/o_q[86]                                                  0.1424
 mprj/o_q_dly[155]                                             0.1410
 mprj/o_q[83]                                                  0.1408
 io_in[24]                                                     0.1403
 mprj/o_q_dly[172]                                             0.1387
 wbs_adr_i[9]                                                  0.1372
 mprj/o_q_dly[140]                                             0.1371
 mprj/o_q_dly[79]                                              0.1332
 mprj/o_q_dly[76]                                              0.1318
 mprj/buf_i[111]                                               0.1313
 mprj/buf_i[120]                                               0.1311
 mprj/o_q_dly[87]                                              0.1297
 mprj/o_q_dly[55]                                              0.1274
 la_oenb[52]                                                   0.1248
 mprj/buf_i[187]                                               0.1235
 mprj/o_q_dly[153]                                             0.1231
 mprj/o_q_dly[23]                                              0.1209
 mprj/buf_i[174]                                               0.1209
 io_oeb[16]                                                    0.1178
 mprj/o_q_dly[163]                                             0.1139
 mprj/o_q_dly[7]                                               0.1134
 mprj/buf_i[173]                                               0.1134
 mprj/buf_i[110]                                               0.1123
 mprj/o_q_dly[123]                                             0.1116
 la_oenb[29]                                                   0.1106
 la_data_out[28]                                               0.1091
 io_out[22]                                                    0.1082
 mprj/o_q[77]                                                  0.1071
 mprj/o_q_dly[28]                                              0.1056
 mprj/o_q_dly[89]                                              0.1051
 mprj/buf_i[122]                                               0.1050
 la_oenb[28]                                                   0.1048
 mprj/o_q_dly[51]                                              0.1035
 mprj/o_q_dly[142]                                             0.0956
 mprj/buf_i[234]                                               0.0948
 mprj/buf_i[188]                                               0.0938
 mprj/o_q_dly[159]                                             0.0920
 io_out[26]                                                    0.0916
 mprj/o_q_dly[104]                                             0.0915
 mprj/o_q_dly[120]                                             0.0899
 mprj/o_q_dly[40]                                              0.0877
 mprj/o_q_dly[45]                                              0.0863
 mprj/o_q[96]                                                  0.0850
 mprj/buf_i[182]                                               0.0849
 mprj/o_q_dly[43]                                              0.0834
 mprj/buf_i[115]                                               0.0830
 mprj/o_q_dly[27]                                              0.0828
 mprj/buf_i[172]                                               0.0825
 mprj/o_q[97]                                                  0.0821
 mprj/buf_i[126]                                               0.0817
 mprj/buf_i[176]                                               0.0814
 mprj/buf_i[127]                                               0.0806
 mprj/o_q_dly[42]                                              0.0796
 mprj/o_q_dly[34]                                              0.0783
 mprj/o_q[81]                                                  0.0776
 mprj/o_q[66]                                                  0.0772
 io_out[18]                                                    0.0770
 mprj/buf_i[186]                                               0.0761
 mprj/buf_i[177]                                               0.0757
 mprj/buf_i[116]                                               0.0745
 mprj/buf_i[180]                                               0.0745
 mprj/o_q_dly[20]                                              0.0742
 mprj/o_q_dly[77]                                              0.0737
 mprj/buf_i[107]                                               0.0734
 mprj/o_q_dly[74]                                              0.0729
 mprj/o_q_dly[86]                                              0.0724
 mprj/buf_i[121]                                               0.0715
 mprj/buf_i[179]                                               0.0711
 mprj/o_q_dly[132]                                             0.0706
 mprj/o_q_dly[133]                                             0.0693
 mprj/o_q_dly[2]                                               0.0687
 mprj/buf_i[117]                                               0.0681
 mprj/o_q[119]                                                 0.0678
 mprj/o_q[58]                                                  0.0667
 mprj/o_q[91]                                                  0.0664
 mprj/o_q_dly[116]                                             0.0657
 mprj/buf_i[168]                                               0.0654
 mprj/o_q[25]                                                  0.0634
 mprj/o_q[90]                                                  0.0629
 mprj/buf_i[178]                                               0.0625
 mprj/o_q[17]                                                  0.0617
 mprj/o_q[79]                                                  0.0600
 mprj/o_q_dly[11]                                              0.0596
 mprj/buf_i[91]                                                0.0592
 la_oenb[45]                                                   0.0588
 mprj/o_q_dly[106]                                             0.0588
 mprj/o_q_dly[36]                                              0.0586
 mprj/o_q_dly[95]                                              0.0578
 mprj/o_q[156]                                                 0.0565
 mprj/buf_i[170]                                               0.0561
 mprj/o_q[61]                                                  0.0558
 mprj/o_q_dly[19]                                              0.0551
 mprj/o_q_dly[53]                                              0.0541
 mprj/buf_i[235]                                               0.0537
 mprj/o_q_dly[139]                                             0.0533
 mprj/o_q[121]                                                 0.0532
 mprj/o_q_dly[98]                                              0.0531
 mprj/o_q[67]                                                  0.0505
 mprj/o_q_dly[171]                                             0.0505
 mprj/o_q[155]                                                 0.0503
 mprj/o_q[7]                                                   0.0502
 mprj/o_q[109]                                                 0.0500
 mprj/o_q[125]                                                 0.0500
 mprj/o_q_dly[4]                                               0.0499
 mprj/o_q[37]                                                  0.0499
 mprj/o_q[150]                                                 0.0497
 mprj/buf_i[100]                                               0.0494
 mprj/buf_i[171]                                               0.0489
 mprj/o_q_dly[175]                                             0.0483
 mprj/o_q_dly[25]                                              0.0477
 mprj/o_q[166]                                                 0.0477
 mprj/o_q[18]                                                  0.0475
 mprj/o_q[111]                                                 0.0474
 mprj/o_q_dly[82]                                              0.0474
 mprj/o_q[160]                                                 0.0466
 mprj/o_q_dly[92]                                              0.0462
 mprj/buf_i[84]                                                0.0460
 mprj/o_q[20]                                                  0.0459
 mprj/buf_i[106]                                               0.0456
 mprj/o_q[48]                                                  0.0449
 mprj/o_q_dly[62]                                              0.0449
 mprj/o_q_dly[115]                                             0.0447
 mprj/o_q_dly[88]                                              0.0443
 mprj/buf_i[105]                                               0.0440
 mprj/buf_i[31]                                                0.0438
 mprj/buf_i[113]                                               0.0435
 mprj/buf_i[118]                                               0.0435
 mprj/o_q[131]                                                 0.0435
 mprj/o_q_dly[108]                                             0.0425
 mprj/o_q[49]                                                  0.0419
 mprj/o_q_dly[72]                                              0.0411
 mprj/o_q_dly[107]                                             0.0410
 mprj/o_q_dly[64]                                              0.0409
 mprj/o_q[110]                                                 0.0407
 mprj/o_q_dly[101]                                             0.0407
 mprj/o_q[51]                                                  0.0406
 mprj/buf_i[36]                                                0.0404
 mprj/o_q[134]                                                 0.0403
 mprj/o_q_dly[154]                                             0.0402
 mprj/o_q[122]                                                 0.0400
 mprj/buf_i[78]                                                0.0398
 mprj/o_q[105]                                                 0.0392
 mprj/buf_i[76]                                                0.0392
 mprj/o_q_dly[14]                                              0.0390
 mprj/o_q_dly[93]                                              0.0390
 mprj/o_q[39]                                                  0.0389
 mprj/buf_i[96]                                                0.0389
 mprj/buf_i[147]                                               0.0387
 mprj/o_q[82]                                                  0.0380
 mprj/buf_i[148]                                               0.0379
 mprj/buf_i[75]                                                0.0378
 mprj/o_q[107]                                                 0.0377
 mprj/o_q_dly[145]                                             0.0375
 mprj/o_q[174]                                                 0.0375
 mprj/o_q_dly[118]                                             0.0374
 mprj/buf_i[86]                                                0.0373
 mprj/o_q[136]                                                 0.0371
 mprj/buf_i[155]                                               0.0370
 mprj/o_q_dly[122]                                             0.0370
 mprj/o_q_dly[170]                                             0.0369
 mprj/buf_i[85]                                                0.0369
 mprj/o_q_dly[21]                                              0.0368
 mprj/o_q_dly[160]                                             0.0367
 mprj/o_q[92]                                                  0.0365
 mprj/o_q[27]                                                  0.0364
 mprj/buf_i[97]                                                0.0355
 mprj/o_q_dly[164]                                             0.0354
 mprj/o_q_dly[105]                                             0.0349
 mprj/o_q[171]                                                 0.0348
 mprj/o_q_dly[94]                                              0.0348
 mprj/o_q_dly[22]                                              0.0348
 mprj/buf_i[2]                                                 0.0343
 mprj/o_q[108]                                                 0.0341
 mprj/o_q_dly[173]                                             0.0341
 mprj/buf_i[227]                                               0.0341
 mprj/o_q_dly[18]                                              0.0338
 mprj/buf_i[156]                                               0.0338
 mprj/o_q[95]                                                  0.0336
 io_in[18]                                                     0.0333
 mprj/o_q[42]                                                  0.0331
 mprj/buf_i[33]                                                0.0331
 mprj/buf_i[196]                                               0.0331
 mprj/o_q[99]                                                  0.0323
 mprj/buf_i[143]                                               0.0316
 mprj/buf_i[149]                                               0.0315
 mprj/buf_i[108]                                               0.0315
 mprj/o_q_dly[71]                                              0.0312
 mprj/o_q[106]                                                 0.0310
 mprj/o_q_dly[91]                                              0.0310
 mprj/buf_i[226]                                               0.0303
 mprj/o_q[157]                                                 0.0301
 mprj/buf_i[34]                                                0.0298
 mprj/o_q[94]                                                  0.0295
 mprj/o_q_dly[156]                                             0.0295
 mprj/buf_i[32]                                                0.0287
 mprj/o_q_dly[24]                                              0.0286
 mprj/o_q[5]                                                   0.0285
 mprj/buf_i[18]                                                0.0284
 mprj/o_q[159]                                                 0.0281
 mprj/o_q_dly[15]                                              0.0281
 mprj/buf_i[8]                                                 0.0280
 mprj/buf_i[63]                                                0.0276
 mprj/buf_i[153]                                               0.0276
 mprj/o_q_dly[75]                                              0.0274
 mprj/buf_i[82]                                                0.0274
 mprj/buf_i[136]                                               0.0272
 mprj/o_q_dly[35]                                              0.0271
 mprj/buf_i[17]                                                0.0269
 mprj/o_q_dly[48]                                              0.0268
 mprj/buf_i[132]                                               0.0266
 mprj/o_q[162]                                                 0.0262
 mprj/buf_i[51]                                                0.0259
 mprj/o_q_dly[33]                                              0.0259
 mprj/o_q[165]                                                 0.0258
 mprj/o_q_dly[103]                                             0.0258
 mprj/buf_i[89]                                                0.0256
 mprj/buf_i[50]                                                0.0255
 mprj/o_q_dly[102]                                             0.0251
 mprj/o_q_dly[169]                                             0.0249
 mprj/buf_i[112]                                               0.0248
 mprj/o_q_dly[126]                                             0.0248
 mprj/o_q[145]                                                 0.0244
 mprj/o_q_dly[127]                                             0.0242
 mprj/buf_i[53]                                                0.0242
 mprj/o_q_dly[8]                                               0.0239
 mprj/buf_i[200]                                               0.0238
 mprj/o_q[137]                                                 0.0237
 mprj/o_q[93]                                                  0.0231
 mprj/o_q_dly[147]                                             0.0223
 mprj/o_q_dly[165]                                             0.0219
 mprj/o_q[146]                                                 0.0217
 mprj/o_q[104]                                                 0.0216
 mprj/o_q[2]                                                   0.0215
 mprj/o_q_dly[52]                                              0.0213
 mprj/o_q_dly[12]                                              0.0213
 mprj/o_q[133]                                                 0.0210
 mprj/buf_i[167]                                               0.0209
 mprj/buf_i[102]                                               0.0208
 mprj/o_q_dly[97]                                              0.0208
 mprj/o_q_dly[135]                                             0.0207
 mprj/o_q[28]                                                  0.0206
 mprj/o_q[38]                                                  0.0206
 mprj/o_q[3]                                                   0.0206
 mprj/o_q_dly[44]                                              0.0206
 mprj/o_q[35]                                                  0.0202
 mprj/o_q[113]                                                 0.0201
 mprj/buf_i[184]                                               0.0193
 mprj/buf_i[42]                                                0.0193
 mprj/buf_i[181]                                               0.0192
 mprj/buf_i[231]                                               0.0192
 mprj/o_q[132]                                                 0.0191
 mprj/buf_i[193]                                               0.0185
 mprj/buf_i[138]                                               0.0181
 mprj/buf_i[20]                                                0.0178
 mprj/o_q_dly[5]                                               0.0178
 mprj/o_q_dly[37]                                              0.0176
 mprj/o_q_dly[17]                                              0.0176
 mprj/o_q_dly[85]                                              0.0175
 mprj/buf_i[109]                                               0.0169
 mprj/buf_i[229]                                               0.0168
 mprj/buf_i[230]                                               0.0166
 mprj/o_q_dly[162]                                             0.0163
 mprj/buf_i[7]                                                 0.0162
 mprj/o_q_dly[9]                                               0.0161
 mprj/o_q[62]                                                  0.0158
 mprj/o_q_dly[109]                                             0.0156
 mprj/buf_i[103]                                               0.0153
 mprj/o_q_dly[66]                                              0.0149
 mprj/o_q[23]                                                  0.0144
 mprj/buf_i[222]                                               0.0141
 mprj/o_q[34]                                                  0.0140
 mprj/buf_i[150]                                               0.0139
 mprj/buf_i[221]                                               0.0139
 mprj/o_q[123]                                                 0.0139
 mprj/buf_i[54]                                                0.0139
 mprj/buf_i[0]                                                 0.0138
 mprj/o_q_dly[65]                                              0.0135
 mprj/buf_i[134]                                               0.0131
 mprj/buf_i[228]                                               0.0131
 mprj/buf_i[98]                                                0.0131
 mprj/o_q[141]                                                 0.0129
 mprj/o_q[129]                                                 0.0129
 mprj/buf_i[164]                                               0.0128
 mprj/o_q_dly[10]                                              0.0127
 mprj/o_q_dly[50]                                              0.0127
 mprj/o_q_dly[81]                                              0.0127
 mprj/buf_i[114]                                               0.0127
 mprj/buf_i[83]                                                0.0127
 mprj/o_q_dly[68]                                              0.0126
 mprj/o_q_dly[121]                                             0.0125
 mprj/buf_i[154]                                               0.0122
 mprj/buf_i[166]                                               0.0121
 mprj/buf_i[77]                                                0.0119
 mprj/buf_i[183]                                               0.0119
 mprj/buf_i[79]                                                0.0117
 mprj/buf_i[104]                                               0.0116
 mprj/buf_i[35]                                                0.0116
 mprj/o_q_dly[78]                                              0.0115
 mprj/o_q_dly[138]                                             0.0114
 mprj/buf_i[158]                                               0.0111
 mprj/buf_i[3]                                                 0.0110
 mprj/o_q_dly[6]                                               0.0108
 mprj/buf_i[1]                                                 0.0106
 mprj/buf_i[21]                                                0.0105
 mprj/buf_i[4]                                                 0.0105
 mprj/o_q[6]                                                   0.0104
 mprj/buf_i[93]                                                0.0102
 mprj/buf_i[151]                                               0.0100
 mprj/o_q_dly[114]                                             0.0100
 mprj/buf_i[88]                                                0.0096
 mprj/buf_i[62]                                                0.0095
 mprj/o_q_dly[1]                                               0.0092
 mprj/buf_i[197]                                               0.0091
 mprj/buf_i[72]                                                0.0091
 mprj/buf_i[199]                                               0.0088
 mprj/o_q_dly[47]                                              0.0086
 mprj/buf_i[64]                                                0.0084
 mprj/buf_i[198]                                               0.0080
 mprj/buf_i[52]                                                0.0078
 mprj/buf_i[19]                                                0.0078
 mprj/buf_i[46]                                                0.0077
 mprj/buf_i[219]                                               0.0074
 mprj/buf_i[48]                                                0.0073
 mprj/buf_i[92]                                                0.0073
 mprj/buf_i[66]                                                0.0073
 mprj/buf_i[140]                                               0.0072
 mprj/buf_i[207]                                               0.0071
 mprj/buf_i[44]                                                0.0071
 mprj/buf_i[169]                                               0.0068
 mprj/buf_i[194]                                               0.0063
 mprj/buf_i[23]                                                0.0061
 mprj/buf_i[165]                                               0.0061
 mprj/buf_i[80]                                                0.0055
 mprj/buf_i[131]                                               0.0054
 mprj/buf_i[30]                                                0.0053
 mprj/buf_i[232]                                               0.0051
 mprj/buf_i[60]                                                0.0051
 mprj/buf_i[73]                                                0.0049
 mprj/buf_i[224]                                               0.0047
 mprj/buf_i[55]                                                0.0044
 mprj/buf_i[214]                                               0.0043
 mprj/buf_i[216]                                               0.0042
 mprj/buf_i[74]                                                0.0039
 mprj/o_q_dly[41]                                              0.0039
 mprj/buf_i[14]                                                0.0038
 mprj/buf_i[43]                                                0.0038
 mprj/buf_i[5]                                                 0.0037
 mprj/buf_i[146]                                               0.0033
 mprj/o_q_dly[73]                                              0.0033
 mprj/buf_i[81]                                                0.0032
 mprj/buf_i[45]                                                0.0030
 mprj/buf_i[10]                                                0.0029
 mprj/buf_i[90]                                                0.0025
 mprj/buf_i[69]                                                0.0023
 mprj/buf_i[94]                                                0.0017
 mprj/buf_i[145]                                               0.0016
 mprj/o_q_dly[148]                                             0.0012
 mprj/o_q[98]                                                  0.0011
 mprj/buf_i[101]                                               0.0009
 mprj/o_q[4]                                                   0.0000
 mprj/o_q_dly[144]                                             0.0000
 mprj/buf_i[125]                                              -0.0000
 mprj/o_q_dly[90]                                              0.0000
 mprj/o_q[41]                                                  0.0000
 mprj/o_q[116]                                                 0.0000
 mprj/o_q[40]                                                  0.0000
 mprj/buf_i[39]                                               -0.0000
 mprj/o_q[115]                                                 0.0000
 mprj/o_q_dly[3]                                               0.0000
 mprj/buf_i[163]                                              -0.0000
 mprj/buf_i[38]                                               -0.0000
 mprj/o_q[154]                                                 0.0000
 mprj/o_q[114]                                                 0.0000
 mprj/o_q[19]                                                  0.0000
 mprj/buf_i[162]                                              -0.0000
 mprj/o_q_dly[141]                                             0.0000
 mprj/o_q[153]                                                 0.0000
 mprj/o_q_dly[67]                                              0.0000
 mprj/o_q[0]                                                   0.0000
 mprj/o_q[152]                                                 0.0000
 mprj/o_q[57]                                                  0.0000
 mprj/buf_i[139]                                              -0.0000
 mprj/o_q[112]                                                 0.0000
 mprj/o_q[56]                                                  0.0000
 mprj/o_q[16]                                                  0.0000
 mprj/o_q_dly[157]                                             0.0000
 mprj/o_q[169]                                                 0.0000
 mprj/buf_i[212]                                              -0.0000
 mprj/buf_i[211]                                              -0.0000
 mprj/buf_i[210]                                              -0.0000
 mprj/buf_i[142]                                              -0.0000
 mprj/buf_i[157]                                              -0.0000
 mprj/buf_i[137]                                              -0.0000
 mprj/o_q[14]                                                  0.0000
 la_oenb[30]                                                  -0.0000
 la_data_in[12]                                               -0.0000
 mprj/buf_i[203]                                              -0.0000
 la_data_in[50]                                               -0.0000
 la_data_in[54]                                               -0.0000
 io_in[19]                                                    -0.0000
 mprj/o_q_dly[61]                                              0.0000
 mprj/o_q_dly[60]                                              0.0000
 mprj/o_q[168]                                                 0.0000
 mprj/buf_i[133]                                              -0.0000
 mprj/o_q_dly[39]                                              0.0000
 mprj/o_q_dly[111]                                             0.0000
 la_data_out[37]                                               0.0000
 mprj/buf_i[189]                                              -0.0000
 mprj/o_q[128]                                                 0.0000
 mprj/o_q[167]                                                 0.0000
 mprj/o_q_dly[167]                                             0.0000
 io_out[21]                                                    0.0000
 mprj/o_q[127]                                                 0.0000
 mprj/o_q[11]                                                  0.0000
 mprj/o_q[126]                                                 0.0000
 mprj/o_q[50]                                                  0.0000
 mprj/o_q[10]                                                  0.0000
 mprj/o_q[164]                                                 0.0000
 mprj/o_q[124]                                                 0.0000
 io_oeb[18]                                                    0.0000
 mprj/o_q[163]                                                 0.0000
 mprj/o_q_dly[32]                                              0.0000
 mprj/o_q[161]                                                 0.0000
 mprj/buf_i[6]                                                -0.0000
 mprj/o_q_dly[125]                                             0.0000
 mprj/o_q_dly[31]                                              0.0000
 mprj/o_q[26]                                                  0.0000
 mprj/o_q[65]                                                  0.0000
 mprj/buf_i[144]                                              -0.0000
 mprj/buf_i[59]                                               -0.0000
 mprj/o_q[24]                                                  0.0000
 mprj/o_q[22]                                                  0.0000
 mprj/o_q_dly[49]                                              0.0000
 mprj/o_q[21]                                                  0.0000
 mprj/o_q[175]                                                 0.0000
 mprj/o_q[135]                                                 0.0000
 mprj/buf_i[141]                                              -0.0000
 mprj/buf_i[16]                                               -0.0000
 mprj/o_q[173]                                                 0.0000
 mprj/o_q_dly[46]                                              0.0000
 mprj/o_q[172]                                                 0.0000
 mprj/o_q_dly[84]                                              0.0000
 mprj/o_q[36]                                                  0.0000
 mprj/o_q[170]                                                 0.0000
 mprj/o_q[130]                                                 0.0000
 mprj/o_q[149]                                                 0.0000
 mprj/buf_i[195]                                              -0.0000
 mprj/o_q[148]                                                 0.0000
 mprj/o_q_dly[99]                                              0.0000
 mprj/o_q[147]                                                 0.0000
 mprj/o_q[32]                                                  0.0000
 mprj/o_q_dly[59]                                              0.0000
 mprj/o_q[30]                                                  0.0000
 mprj/buf_i[67]                                               -0.0000
 mprj/o_q_dly[58]                                              0.0000
 mprj/o_q_dly[131]                                             0.0000
 mprj/buf_i[27]                                               -0.0000
 mprj/o_q[144]                                                 0.0000
 mprj/o_q_dly[130]                                             0.0000
 mprj/o_q[143]                                                 0.0000
 mprj/o_q_dly[96]                                              0.0000
 mprj/o_q[47]                                                  0.0000
 mprj/o_q_dly[16]                                              0.0000
 mprj/o_q[9]                                                   0.0000
 mprj/o_q[46]                                                  0.0000
 mprj/buf_i[236]                                              -0.0000
 mprj/o_q[101]                                                 0.0000
 mprj/o_q[45]                                                  0.0000
 mprj/o_q_dly[13]                                              0.0000
 mprj/buf_i[61]                                               -0.0000
 mprj/buf_i[233]                                              -0.0000
 mprj/o_q[100]                                                 0.0000
 mprj/o_q[158]                                                 0.0000
 mprj/o_q[43]                                                  0.0000
 mprj/o_q[118]                                                 0.0000
 la_data_in[59]                                               -0.0000

1
