Information: Setting timing_save_pin_arrival_and_slack to TRUE and updating timing. (PTE-076)
Information: It is recommended that the variable timing_save_pin_arrival_and_slack be set before the initial timing update for optimal performance of this command. (PTE-077)
****************************************
Report : si_bottleneck
	-cost_type delta_delay
	-slack_lesser_than 10
	-all_nets
	-significant_digits 4
	-nosplit
	-minimum_active_aggressors 1
	-min
	-max
Design : user_project_wrapper
Version: T-2022.03-SP3
Date   : Sun Dec 11 06:24:02 2022
****************************************

 Bottleneck Cost:  delta_delay
 net                                                         cost
 ---------------------------------------------------------------------
 la_data_out[13]                                              11.5554
 la_data_out[17]                                              11.2896
 la_data_out[15]                                              11.0507
 la_data_out[16]                                              10.9977
 la_data_in[12]                                               10.2362
 io_oeb[1]                                                     8.7090
 la_data_in[0]                                                 7.5905
 la_oenb[4]                                                    7.1986
 la_oenb[7]                                                    6.5248
 la_data_in[22]                                                6.2159
 io_in[10]                                                     6.2090
 la_data_out[14]                                               6.1135
 la_oenb[20]                                                   6.1080
 wbs_dat_i[7]                                                  6.0401
 la_oenb[11]                                                   5.6061
 io_out[26]                                                    5.5715
 la_data_in[8]                                                 5.5313
 io_out[25]                                                    5.4877
 la_data_out[24]                                               5.4034
 la_oenb[0]                                                    5.3117
 la_data_out[19]                                               5.2780
 la_data_in[26]                                                5.1384
 la_oenb[21]                                                   5.0050
 la_data_in[21]                                                4.8997
 io_out[0]                                                     4.8962
 la_oenb[22]                                                   4.8547
 la_oenb[25]                                                   4.8517
 io_in[30]                                                     4.8497
 la_oenb[37]                                                   4.8357
 la_oenb[13]                                                   4.7897
 la_oenb[36]                                                   4.7829
 la_data_out[20]                                               4.7627
 la_oenb[35]                                                   4.6674
 io_in[24]                                                     4.6467
 la_data_out[18]                                               4.6322
 la_data_out[23]                                               4.6156
 la_data_in[24]                                                4.5985
 la_data_out[36]                                               4.5559
 la_data_out[25]                                               4.5170
 la_data_out[27]                                               4.5163
 la_data_in[13]                                                4.4916
 la_oenb[41]                                                   4.3759
 la_data_in[27]                                                4.3722
 io_oeb[15]                                                    4.3681
 la_data_in[16]                                                4.3506
 la_data_in[3]                                                 4.3001
 la_oenb[26]                                                   4.2675
 la_data_in[15]                                                4.2660
 io_in[15]                                                     4.2631
 la_oenb[23]                                                   4.2514
 la_oenb[19]                                                   4.2467
 la_data_in[23]                                                4.1404
 la_data_in[17]                                                4.1278
 wbs_dat_o[30]                                                 4.0528
 la_data_in[25]                                                4.0514
 la_oenb[12]                                                   4.0483
 wbs_dat_o[8]                                                  3.9461
 la_oenb[16]                                                   3.8767
 la_oenb[15]                                                   3.8678
 io_in[22]                                                     3.8654
 wbs_dat_o[6]                                                  3.8129
 la_oenb[14]                                                   3.7654
 wbs_dat_i[31]                                                 3.7340
 wbs_adr_i[10]                                                 3.5118
 wbs_adr_i[13]                                                 3.4743
 io_in[28]                                                     3.4344
 la_data_in[60]                                                3.3098
 wbs_adr_i[1]                                                  3.2678
 io_oeb[37]                                                    3.2634
 wbs_adr_i[16]                                                 3.2550
 la_data_in[10]                                                3.1362
 io_in[9]                                                      3.0914
 la_data_out[51]                                               2.9950
 wbs_adr_i[15]                                                 2.9442
 wbs_adr_i[12]                                                 2.8839
 la_data_out[4]                                                2.8033
 wbs_adr_i[14]                                                 2.7821
 la_data_in[54]                                                2.7478
 io_out[27]                                                    2.6707
 la_data_in[51]                                                2.6502
 io_out[23]                                                    2.6084
 la_data_in[55]                                                2.5820
 io_oeb[28]                                                    2.5525
 la_data_in[57]                                                2.5172
 la_oenb[18]                                                   2.4900
 la_data_in[52]                                                2.4533
 la_data_out[6]                                                2.4400
 wbs_dat_i[13]                                                 2.4306
 wbs_adr_i[18]                                                 2.3405
 wbs_adr_i[2]                                                  2.2863
 la_data_in[50]                                                2.2839
 wbs_adr_i[20]                                                 2.2406
 wbs_dat_i[6]                                                  2.1912
 wbs_adr_i[6]                                                  2.1808
 wbs_dat_i[20]                                                 2.1706
 la_data_out[3]                                                2.1635
 wbs_adr_i[17]                                                 2.1552
 io_in[21]                                                     2.1507
 wbs_adr_i[9]                                                  2.1316
 io_out[33]                                                    2.1186
 io_out[28]                                                    2.0949
 wbs_dat_i[17]                                                 2.0793
 la_data_out[50]                                               2.0681
 la_data_out[11]                                               1.9838
 wbs_dat_i[16]                                                 1.9703
 la_data_in[49]                                                1.9657
 io_oeb[9]                                                     1.9441
 la_data_out[2]                                                1.9358
 la_data_out[57]                                               1.9245
 io_in[33]                                                     1.9152
 wbs_adr_i[5]                                                  1.9027
 wbs_dat_i[11]                                                 1.8988
 wbs_dat_i[9]                                                  1.8883
 io_in[0]                                                      1.8877
 la_data_in[46]                                                1.8773
 la_data_in[48]                                                1.8581
 wbs_dat_o[2]                                                  1.8462
 io_out[29]                                                    1.8433
 io_in[13]                                                     1.8409
 la_oenb[63]                                                   1.8321
 wbs_dat_i[15]                                                 1.8038
 la_oenb[10]                                                   1.7901
 la_data_in[47]                                                1.7602
 wbs_dat_o[19]                                                 1.7577
 la_data_in[53]                                                1.7554
 wbs_adr_i[4]                                                  1.7470
 wbs_dat_i[28]                                                 1.7407
 la_data_out[63]                                               1.7127
 wbs_dat_i[30]                                                 1.7044
 la_data_in[39]                                                1.6747
 la_data_in[45]                                                1.6519
 la_oenb[6]                                                    1.6468
 la_data_out[49]                                               1.6216
 wbs_adr_i[31]                                                 1.5991
 wbs_dat_i[3]                                                  1.5944
 la_oenb[3]                                                    1.5931
 la_data_in[44]                                                1.5899
 la_data_out[9]                                                1.5866
 la_data_in[34]                                                1.5847
 wbs_sel_i[3]                                                  1.5617
 wbs_adr_i[30]                                                 1.5587
 la_data_in[59]                                                1.5377
 la_data_out[61]                                               1.5323
 io_in[5]                                                      1.5217
 wbs_dat_i[14]                                                 1.5213
 la_data_in[42]                                                1.5203
 wbs_dat_i[12]                                                 1.5159
 wbs_dat_o[27]                                                 1.5058
 la_data_out[62]                                               1.5011
 wbs_dat_o[16]                                                 1.4945
 wbs_dat_o[1]                                                  1.4773
 wbs_dat_i[2]                                                  1.4718
 io_in[32]                                                     1.4564
 la_data_out[54]                                               1.4493
 io_oeb[4]                                                     1.4386
 la_oenb[1]                                                    1.4291
 la_data_out[40]                                               1.4201
 wbs_adr_i[8]                                                  1.4144
 la_oenb[39]                                                   1.4072
 wbs_adr_i[19]                                                 1.3551
 la_data_out[45]                                               1.3485
 io_in[14]                                                     1.3433
 la_data_in[58]                                                1.3146
 la_oenb[43]                                                   1.3115
 la_oenb[61]                                                   1.3023
 wbs_dat_i[1]                                                  1.3016
 io_in[23]                                                     1.3005
 wbs_dat_i[25]                                                 1.2905
 wbs_adr_i[21]                                                 1.2818
 io_out[37]                                                    1.2719
 la_oenb[45]                                                   1.2700
 io_oeb[27]                                                    1.2669
 la_oenb[59]                                                   1.2594
 la_data_in[19]                                                1.2580
 wbs_adr_i[27]                                                 1.2559
 wbs_adr_i[23]                                                 1.2559
 io_in[27]                                                     1.2480
 wbs_dat_i[4]                                                  1.2470
 wbs_adr_i[0]                                                  1.2317
 la_data_out[31]                                               1.2306
 wbs_ack_o                                                     1.2279
 wbs_adr_i[22]                                                 1.2173
 wbs_dat_i[23]                                                 1.2101
 user_irq[0]                                                   1.2076
 la_data_out[46]                                               1.2069
 la_data_out[28]                                               1.2012
 la_oenb[49]                                                   1.1973
 io_oeb[31]                                                    1.1909
 la_data_out[33]                                               1.1784
 la_data_out[52]                                               1.1630
 la_oenb[55]                                                   1.1606
 wbs_dat_i[24]                                                 1.1422
 io_oeb[3]                                                     1.1403
 la_data_out[60]                                               1.1342
 wbs_dat_i[27]                                                 1.1313
 io_out[3]                                                     1.1243
 la_oenb[5]                                                    1.1204
 wbs_dat_i[10]                                                 1.1082
 la_data_in[62]                                                1.1081
 la_data_in[20]                                                1.0960
 wbs_dat_i[0]                                                  1.0904
 wbs_sel_i[2]                                                  1.0883
 la_oenb[38]                                                   1.0822
 la_oenb[54]                                                   1.0796
 la_data_out[39]                                               1.0710
 io_oeb[5]                                                     1.0602
 wbs_dat_o[11]                                                 1.0571
 io_oeb[8]                                                     1.0428
 io_in[29]                                                     1.0396
 la_data_in[11]                                                1.0369
 wbs_adr_i[3]                                                  1.0122
 la_data_out[44]                                               1.0093
 wbs_adr_i[26]                                                 0.9939
 la_oenb[62]                                                   0.9881
 la_data_out[53]                                               0.9686
 wbs_stb_i                                                     0.9547
 la_data_in[56]                                                0.9353
 la_data_out[47]                                               0.9303
 wbs_dat_o[23]                                                 0.9288
 la_data_out[8]                                                0.9268
 la_oenb[30]                                                   0.9260
 io_out[11]                                                    0.9250
 la_data_in[5]                                                 0.9246
 wbs_dat_o[28]                                                 0.9205
 wbs_dat_o[29]                                                 0.9203
 wbs_adr_i[29]                                                 0.9130
 wbs_adr_i[25]                                                 0.9054
 la_oenb[34]                                                   0.9007
 io_out[9]                                                     0.8970
 wbs_dat_i[8]                                                  0.8956
 wbs_adr_i[24]                                                 0.8906
 io_in[11]                                                     0.8820
 la_data_in[33]                                                0.8764
 la_data_out[7]                                                0.8682
 io_oeb[10]                                                    0.8629
 la_data_in[1]                                                 0.8625
 io_out[8]                                                     0.8588
 wbs_adr_i[7]                                                  0.8587
 io_out[35]                                                    0.8587
 la_data_out[32]                                               0.8437
 io_in[16]                                                     0.8386
 la_data_in[6]                                                 0.8367
 la_data_in[41]                                                0.8279
 la_data_out[10]                                               0.8272
 la_oenb[8]                                                    0.8238
 la_data_in[38]                                                0.8146
 la_data_in[14]                                                0.8080
 la_data_out[43]                                               0.8034
 io_oeb[0]                                                     0.8028
 la_data_in[2]                                                 0.8011
 la_data_out[0]                                                0.7896
 la_data_out[12]                                               0.7879
 wbs_adr_i[28]                                                 0.7707
 la_data_out[5]                                                0.7573
 la_data_out[41]                                               0.7447
 wbs_dat_o[18]                                                 0.7376
 io_oeb[14]                                                    0.7318
 la_data_in[29]                                                0.7261
 la_data_in[35]                                                0.7244
 io_out[36]                                                    0.7108
 io_in[17]                                                     0.6999
 la_data_in[43]                                                0.6990
 wbs_dat_o[20]                                                 0.6989
 user_irq[1]                                                   0.6979
 la_data_out[1]                                                0.6943
 la_data_out[58]                                               0.6852
 la_oenb[2]                                                    0.6713
 la_oenb[9]                                                    0.6705
 la_data_in[36]                                                0.6687
 io_out[22]                                                    0.6668
 io_out[18]                                                    0.6625
 la_data_out[56]                                               0.6611
 la_data_out[30]                                               0.6552
 la_data_in[30]                                                0.6440
 la_data_in[37]                                                0.6420
 la_data_in[40]                                                0.6351
 wbs_dat_o[10]                                                 0.6194
 la_data_out[59]                                               0.6107
 wbs_dat_o[17]                                                 0.5939
 wbs_dat_o[26]                                                 0.5877
 la_data_in[28]                                                0.5752
 la_data_out[42]                                               0.5749
 io_oeb[19]                                                    0.5525
 wbs_dat_o[25]                                                 0.5469
 la_data_out[55]                                               0.5403
 la_oenb[27]                                                   0.5358
 wbs_adr_i[11]                                                 0.5344
 la_data_out[38]                                               0.5276
 io_out[30]                                                    0.5262
 io_oeb[33]                                                    0.5178
 wbs_dat_o[21]                                                 0.5178
 io_oeb[23]                                                    0.5174
 la_data_out[34]                                               0.5146
 wbs_dat_o[24]                                                 0.5106
 la_data_out[37]                                               0.5079
 la_data_out[22]                                               0.5063
 mprj/o_q_dly[95]                                              0.5024
 la_data_out[21]                                               0.4978
 la_data_out[26]                                               0.4953
 wbs_dat_i[26]                                                 0.4838
 la_data_out[35]                                               0.4829
 io_oeb[12]                                                    0.4767
 la_data_in[4]                                                 0.4756
 wbs_dat_i[5]                                                  0.4611
 wbs_we_i                                                      0.4595
 wbs_dat_i[22]                                                 0.4452
 wbs_dat_i[21]                                                 0.4078
 la_data_in[61]                                                0.4037
 wbs_dat_i[19]                                                 0.3994
 io_out[21]                                                    0.3940
 la_oenb[28]                                                   0.3906
 user_irq[2]                                                   0.3873
 la_oenb[24]                                                   0.3815
 la_data_in[32]                                                0.3779
 la_oenb[40]                                                   0.3747
 wbs_dat_o[4]                                                  0.3584
 wbs_dat_i[18]                                                 0.3539
 la_data_in[31]                                                0.3538
 wbs_dat_o[14]                                                 0.3494
 wbs_dat_o[15]                                                 0.3472
 la_data_out[29]                                               0.3460
 mprj/o_q_dly[93]                                              0.3334
 io_oeb[36]                                                    0.3234
 wbs_cyc_i                                                     0.3169
 io_oeb[26]                                                    0.3138
 la_data_out[48]                                               0.3118
 mprj/o_q_dly[121]                                             0.3043
 wbs_dat_o[12]                                                 0.2967
 mprj/o_q_dly[94]                                              0.2925
 io_in[18]                                                     0.2892
 la_oenb[52]                                                   0.2872
 io_in[1]                                                      0.2866
 io_oeb[11]                                                    0.2814
 mprj/o_q_dly[112]                                             0.2789
 io_in[12]                                                     0.2721
 la_oenb[53]                                                   0.2706
 mprj/o_q_dly[123]                                             0.2705
 wbs_dat_o[22]                                                 0.2612
 mprj/o_q_dly[92]                                              0.2513
 io_in[8]                                                      0.2492
 la_oenb[31]                                                   0.2354
 mprj/o_q_dly[88]                                              0.2350
 io_oeb[32]                                                    0.2338
 mprj/o_q_dly[89]                                              0.2263
 wbs_sel_i[0]                                                  0.2225
 io_out[19]                                                    0.2129
 mprj/o_q_dly[85]                                              0.2126
 mprj/o_q_dly[96]                                              0.2073
 io_oeb[34]                                                    0.2032
 wbs_dat_o[5]                                                  0.2016
 wbs_dat_o[13]                                                 0.1928
 la_oenb[33]                                                   0.1927
 mprj/o_q[173]                                                 0.1901
 mprj/o_q_dly[57]                                              0.1771
 io_oeb[17]                                                    0.1732
 mprj/o_q[135]                                                 0.1685
 io_oeb[18]                                                    0.1661
 mprj/o_q_dly[91]                                              0.1596
 mprj/o_q_dly[76]                                              0.1576
 io_oeb[16]                                                    0.1566
 io_in[6]                                                      0.1550
 wbs_dat_o[0]                                                  0.1506
 mprj/o_q_dly[104]                                             0.1493
 mprj/o_q_dly[71]                                              0.1484
 io_oeb[24]                                                    0.1452
 mprj/o_q_dly[69]                                              0.1418
 mprj/o_q_dly[79]                                              0.1417
 la_oenb[47]                                                   0.1395
 mprj/o_q_dly[142]                                             0.1380
 la_oenb[46]                                                   0.1373
 io_out[5]                                                     0.1364
 mprj/o_q_dly[160]                                             0.1348
 mprj/o_q_dly[15]                                              0.1340
 io_oeb[22]                                                    0.1281
 wbs_dat_o[9]                                                  0.1242
 mprj/o_q_dly[77]                                              0.1218
 wbs_dat_o[7]                                                  0.1176
 mprj/buf_i[188]                                               0.1138
 mprj/o_q_dly[87]                                              0.1113
 io_out[24]                                                    0.1071
 mprj/o_q_dly[90]                                              0.1069
 mprj/o_q_dly[84]                                              0.1059
 la_oenb[51]                                                   0.1050
 mprj/o_q_dly[81]                                              0.1027
 mprj/o_q_dly[6]                                               0.1024
 mprj/o_q_dly[162]                                             0.1021
 mprj/o_q_dly[78]                                              0.0961
 mprj/buf_i[126]                                               0.0932
 mprj/o_q_dly[74]                                              0.0895
 mprj/o_q_dly[116]                                             0.0882
 mprj/o_q_dly[8]                                               0.0872
 mprj/o_q_dly[154]                                             0.0861
 mprj/o_q_dly[97]                                              0.0857
 mprj/o_q_dly[120]                                             0.0821
 mprj/o_q_dly[53]                                              0.0821
 mprj/buf_i[154]                                               0.0818
 mprj/buf_i[171]                                               0.0811
 mprj/o_q_dly[3]                                               0.0802
 mprj/o_q[57]                                                  0.0801
 mprj/o_q[91]                                                  0.0793
 mprj/o_q_dly[130]                                             0.0785
 mprj/o_q_dly[129]                                             0.0783
 la_oenb[44]                                                   0.0776
 mprj/o_q_dly[169]                                             0.0759
 mprj/buf_i[120]                                               0.0758
 mprj/o_q_dly[122]                                             0.0730
 mprj/o_q[55]                                                  0.0724
 mprj/o_q_dly[17]                                              0.0724
 mprj/buf_i[156]                                               0.0721
 mprj/buf_i[183]                                               0.0713
 mprj/o_q_dly[119]                                             0.0696
 mprj/o_q_dly[72]                                              0.0688
 mprj/o_q_dly[128]                                             0.0679
 mprj/o_q_dly[10]                                              0.0678
 la_oenb[32]                                                   0.0673
 mprj/buf_i[110]                                               0.0664
 mprj/buf_i[158]                                               0.0663
 mprj/o_q_dly[158]                                             0.0662
 mprj/o_q_dly[54]                                              0.0651
 mprj/o_q_dly[164]                                             0.0647
 mprj/buf_i[92]                                                0.0637
 mprj/buf_i[118]                                               0.0636
 mprj/o_q_dly[124]                                             0.0631
 mprj/o_q_dly[52]                                              0.0618
 mprj/o_q_dly[133]                                             0.0617
 mprj/o_q_dly[16]                                              0.0595
 mprj/o_q_dly[75]                                              0.0591
 mprj/o_q_dly[135]                                             0.0573
 mprj/buf_i[109]                                               0.0572
 mprj/o_q_dly[65]                                              0.0563
 mprj/buf_i[175]                                               0.0560
 mprj/buf_i[114]                                               0.0557
 mprj/buf_i[9]                                                 0.0554
 mprj/buf_i[113]                                               0.0552
 mprj/buf_i[152]                                               0.0546
 mprj/o_q_dly[67]                                              0.0538
 mprj/buf_i[185]                                               0.0532
 mprj/buf_i[48]                                                0.0529
 mprj/o_q[19]                                                  0.0528
 mprj/o_q[7]                                                   0.0506
 mprj/buf_i[216]                                               0.0498
 mprj/o_q[129]                                                 0.0492
 mprj/o_q[84]                                                  0.0491
 mprj/buf_i[190]                                               0.0486
 mprj/buf_i[160]                                               0.0481
 mprj/o_q_dly[66]                                              0.0481
 mprj/o_q[5]                                                   0.0474
 mprj/o_q[56]                                                  0.0465
 mprj/o_q_dly[157]                                             0.0463
 mprj/buf_i[182]                                               0.0463
 mprj/o_q[52]                                                  0.0461
 mprj/buf_i[187]                                               0.0460
 mprj/o_q_dly[170]                                             0.0459
 mprj/buf_i[123]                                               0.0450
 mprj/buf_i[90]                                                0.0448
 mprj/buf_i[34]                                                0.0447
 mprj/o_q_dly[146]                                             0.0435
 mprj/o_q_dly[131]                                             0.0434
 mprj/buf_i[38]                                                0.0432
 mprj/buf_i[102]                                               0.0426
 mprj/buf_i[32]                                                0.0423
 mprj/o_q[54]                                                  0.0406
 mprj/buf_i[41]                                                0.0403
 mprj/buf_i[35]                                                0.0402
 wbs_dat_i[29]                                                 0.0401
 mprj/o_q[168]                                                 0.0400
 mprj/buf_i[111]                                               0.0400
 mprj/buf_i[184]                                               0.0392
 mprj/buf_i[89]                                                0.0390
 mprj/buf_i[179]                                               0.0374
 la_data_in[63]                                                0.0371
 mprj/o_q[21]                                                  0.0371
 mprj/buf_i[33]                                                0.0365
 mprj/buf_i[0]                                                 0.0364
 mprj/buf_i[79]                                                0.0360
 mprj/o_q[29]                                                  0.0354
 mprj/o_q[169]                                                 0.0349
 mprj/o_q[16]                                                  0.0345
 mprj/buf_i[153]                                               0.0345
 mprj/o_q[22]                                                  0.0343
 mprj/o_q[102]                                                 0.0333
 mprj/buf_i[108]                                               0.0331
 mprj/buf_i[127]                                               0.0329
 mprj/o_q_dly[5]                                               0.0321
 mprj/buf_i[51]                                                0.0311
 mprj/buf_i[178]                                               0.0304
 io_in[19]                                                     0.0300
 mprj/buf_i[155]                                               0.0294
 mprj/buf_i[169]                                               0.0292
 mprj/buf_i[2]                                                 0.0269
 mprj/o_q_dly[60]                                              0.0266
 la_oenb[50]                                                   0.0266
 mprj/o_q[137]                                                 0.0266
 mprj/buf_i[230]                                               0.0264
 la_data_in[9]                                                 0.0263
 mprj/buf_i[119]                                               0.0263
 mprj/buf_i[189]                                               0.0263
 mprj/buf_i[105]                                               0.0262
 mprj/buf_i[16]                                                0.0262
 mprj/buf_i[224]                                               0.0260
 mprj/o_q_dly[70]                                              0.0258
 mprj/o_q[130]                                                 0.0256
 mprj/o_q[86]                                                  0.0252
 mprj/o_q[20]                                                  0.0250
 mprj/buf_i[115]                                               0.0248
 mprj/o_q[101]                                                 0.0247
 mprj/buf_i[116]                                               0.0244
 mprj/buf_i[186]                                               0.0241
 mprj/o_q[4]                                                   0.0232
 mprj/buf_i[99]                                                0.0232
 mprj/buf_i[12]                                                0.0230
 mprj/buf_i[8]                                                 0.0227
 mprj/buf_i[223]                                               0.0222
 mprj/buf_i[176]                                               0.0220
 mprj/o_q[9]                                                   0.0215
 mprj/o_q[94]                                                  0.0215
 mprj/buf_i[14]                                                0.0211
 mprj/o_q[23]                                                  0.0210
 mprj/buf_i[15]                                                0.0209
 mprj/o_q_dly[2]                                               0.0209
 mprj/buf_i[157]                                               0.0207
 mprj/buf_i[205]                                               0.0203
 mprj/buf_i[93]                                                0.0200
 mprj/o_q[134]                                                 0.0199
 mprj/buf_i[177]                                               0.0199
 la_oenb[56]                                                   0.0199
 mprj/buf_i[167]                                               0.0196
 mprj/o_q_dly[1]                                               0.0196
 mprj/buf_i[87]                                                0.0196
 mprj/buf_i[168]                                               0.0194
 mprj/buf_i[197]                                               0.0186
 mprj/o_q[46]                                                  0.0184
 mprj/buf_i[231]                                               0.0182
 mprj/buf_i[103]                                               0.0174
 mprj/buf_i[194]                                               0.0168
 la_oenb[42]                                                   0.0168
 mprj/buf_i[144]                                               0.0166
 mprj/o_q[30]                                                  0.0159
 mprj/buf_i[122]                                               0.0152
 mprj/o_q_dly[48]                                              0.0151
 mprj/buf_i[88]                                                0.0151
 mprj/buf_i[235]                                               0.0146
 mprj/o_q[132]                                                 0.0144
 mprj/buf_i[215]                                               0.0144
 mprj/buf_i[7]                                                 0.0133
 mprj/buf_i[232]                                               0.0131
 mprj/buf_i[91]                                                0.0128
 mprj/o_q[28]                                                  0.0127
 mprj/buf_i[219]                                               0.0120
 mprj/o_q[47]                                                  0.0119
 mprj/buf_i[125]                                               0.0115
 mprj/buf_i[5]                                                 0.0111
 mprj/o_q[95]                                                  0.0110
 mprj/buf_i[191]                                               0.0099
 mprj/o_q_dly[14]                                              0.0096
 mprj/buf_i[45]                                                0.0092
 mprj/buf_i[227]                                               0.0091
 mprj/o_q[142]                                                 0.0090
 mprj/o_q[100]                                                 0.0089
 mprj/o_q[172]                                                 0.0089
 mprj/buf_i[214]                                               0.0089
 mprj/buf_i[117]                                               0.0087
 mprj/buf_i[174]                                               0.0086
 mprj/buf_i[159]                                               0.0083
 mprj/buf_i[173]                                               0.0082
 mprj/buf_i[131]                                               0.0081
 mprj/buf_i[165]                                               0.0081
 mprj/buf_i[234]                                               0.0078
 mprj/buf_i[94]                                                0.0077
 mprj/buf_i[180]                                               0.0074
 mprj/buf_i[39]                                                0.0072
 mprj/buf_i[4]                                                 0.0072
 mprj/buf_i[68]                                                0.0070
 mprj/buf_i[66]                                                0.0066
 mprj/buf_i[162]                                               0.0065
 mprj/buf_i[47]                                                0.0064
 mprj/buf_i[172]                                               0.0063
 mprj/buf_i[37]                                                0.0062
 mprj/buf_i[236]                                               0.0057
 mprj/buf_i[170]                                               0.0051
 mprj/buf_i[107]                                               0.0049
 mprj/buf_i[101]                                               0.0048
 mprj/buf_i[193]                                               0.0043
 mprj/o_q[93]                                                  0.0042
 mprj/buf_i[150]                                               0.0041
 mprj/buf_i[85]                                                0.0039
 mprj/o_q[139]                                                 0.0037
 mprj/buf_i[86]                                                0.0036
 mprj/buf_i[46]                                                0.0036
 mprj/buf_i[112]                                               0.0029
 mprj/buf_i[36]                                                0.0029
 mprj/buf_i[130]                                               0.0026
 mprj/buf_i[65]                                                0.0023
 mprj/buf_i[142]                                               0.0022
 mprj/buf_i[124]                                               0.0018
 mprj/buf_i[161]                                               0.0015
 mprj/buf_i[209]                                               0.0015
 mprj/buf_i[164]                                               0.0015
 mprj/buf_i[166]                                               0.0013
 mprj/buf_i[210]                                               0.0013
 mprj/buf_i[98]                                                0.0012
 mprj/buf_i[198]                                               0.0010
 mprj/o_q[92]                                                  0.0009
 mprj/buf_i[96]                                                0.0008
 mprj/buf_i[106]                                               0.0008
 mprj/buf_i[97]                                                0.0007
 mprj/buf_i[132]                                               0.0006
 mprj/buf_i[218]                                               0.0004
 mprj/buf_i[225]                                               0.0003
 mprj/o_q_dly[47]                                              0.0000
 mprj/buf_i[228]                                              -0.0000
 mprj/o_q_dly[86]                                              0.0000
 mprj/o_q_dly[139]                                             0.0000
 mprj/o_q[39]                                                  0.0000
 mprj/buf_i[199]                                              -0.0000
 mprj/buf_i[54]                                               -0.0000
 mprj/o_q_dly[45]                                              0.0000
 mprj/o_q[78]                                                  0.0000
 mprj/o_q[133]                                                 0.0000
 mprj/o_q_dly[138]                                             0.0000
 mprj/o_q[38]                                                  0.0000
 mprj/o_q_dly[137]                                             0.0000
 mprj/o_q[77]                                                  0.0000
 mprj/o_q_dly[83]                                              0.0000
 mprj/o_q_dly[43]                                              0.0000
 mprj/o_q_dly[136]                                             0.0000
 mprj/o_q_dly[82]                                              0.0000
 mprj/o_q_dly[175]                                             0.0000
 mprj/o_q[35]                                                  0.0000
 mprj/o_q[74]                                                  0.0000
 mprj/o_q[148]                                                 0.0000
 mprj/o_q[108]                                                 0.0000
 mprj/o_q[72]                                                  0.0000
 mprj/o_q_dly[174]                                             0.0000
 mprj/buf_i[50]                                               -0.0000
 mprj/o_q_dly[41]                                              0.0000
 mprj/o_q[147]                                                 0.0000
 mprj/o_q[146]                                                 0.0000
 mprj/buf_i[222]                                              -0.0000
 mprj/buf_i[10]                                               -0.0000
 mprj/o_q_dly[80]                                              0.0000
 mprj/o_q[31]                                                  0.0000
 mprj/o_q_dly[40]                                              0.0000
 mprj/o_q[70]                                                  0.0000
 mprj/o_q[49]                                                  0.0000
 mprj/o_q_dly[59]                                              0.0000
 mprj/o_q_dly[132]                                             0.0000
 mprj/o_q_dly[19]                                              0.0000
 mprj/o_q_dly[98]                                              0.0000
 mprj/o_q_dly[171]                                             0.0000
 mprj/o_q_dly[58]                                              0.0000
 mprj/buf_i[27]                                               -0.0000
 mprj/o_q_dly[18]                                              0.0000
 mprj/o_q[104]                                                 0.0000
 mprj/o_q[143]                                                 0.0000
 mprj/o_q[87]                                                  0.0000
 mprj/buf_i[151]                                              -0.0000
 mprj/o_q[85]                                                  0.0000
 mprj/o_q[140]                                                 0.0000
 mprj/o_q_dly[56]                                              0.0000
 mprj/o_q_dly[149]                                             0.0000
 mprj/o_q_dly[9]                                               0.0000
 mprj/buf_i[64]                                               -0.0000
 mprj/o_q_dly[55]                                              0.0000
 mprj/o_q[8]                                                   0.0000
 mprj/o_q[45]                                                  0.0000
 mprj/o_q_dly[108]                                             0.0000
 mprj/o_q[159]                                                 0.0000
 mprj/o_q_dly[147]                                             0.0000
 mprj/o_q[44]                                                  0.0000
 mprj/o_q[119]                                                 0.0000
 mprj/o_q_dly[107]                                             0.0000
 mprj/o_q_dly[7]                                               0.0000
 mprj/o_q[83]                                                  0.0000
 mprj/buf_i[62]                                               -0.0000
 mprj/o_q[6]                                                   0.0000
 mprj/o_q[43]                                                  0.0000
 mprj/o_q[118]                                                 0.0000
 mprj/buf_i[22]                                               -0.0000
 mprj/o_q_dly[13]                                              0.0000
 mprj/o_q[157]                                                 0.0000
 mprj/o_q_dly[106]                                             0.0000
 mprj/buf_i[81]                                               -0.0000
 mprj/o_q[42]                                                  0.0000
 mprj/o_q[117]                                                 0.0000
 mprj/o_q_dly[145]                                             0.0000
 mprj/o_q_dly[12]                                              0.0000
 mprj/buf_i[95]                                               -0.0000
 mprj/o_q[41]                                                  0.0000
 mprj/o_q_dly[105]                                             0.0000
 mprj/o_q_dly[144]                                             0.0000
 mprj/o_q[155]                                                 0.0000
 mprj/o_q[40]                                                  0.0000
 mprj/o_q_dly[11]                                              0.0000
 mprj/buf_i[29]                                               -0.0000
 mprj/o_q[99]                                                  0.0000
 mprj/o_q_dly[4]                                               0.0000
 mprj/o_q_dly[50]                                              0.0000
 mprj/buf_i[163]                                              -0.0000
 mprj/o_q[1]                                                   0.0000
 mprj/o_q[97]                                                  0.0000
 mprj/buf_i[121]                                              -0.0000
 mprj/o_q_dly[143]                                             0.0000
 mprj/o_q_dly[103]                                             0.0000
 la_oenb[17]                                                  -0.0000
 mprj/buf_i[78]                                               -0.0000
 mprj/o_q[0]                                                   0.0000
 mprj/o_q[17]                                                  0.0000
 io_in[4]                                                     -0.0000
 io_in[31]                                                    -0.0000
 la_oenb[29]                                                  -0.0000
 mprj/buf_i[77]                                               -0.0000
 la_oenb[48]                                                  -0.0000
 mprj/o_q_dly[68]                                              0.0000
 mprj/o_q_dly[141]                                             0.0000
 mprj/o_q[111]                                                 0.0000
 la_oenb[57]                                                  -0.0000
 mprj/o_q_dly[28]                                              0.0000
 la_oenb[58]                                                  -0.0000
 la_data_in[7]                                                -0.0000
 mprj/o_q_dly[101]                                             0.0000
 la_data_in[18]                                               -0.0000
 mprj/o_q_dly[159]                                             0.0000
 mprj/o_q[15]                                                  0.0000
 mprj/o_q_dly[26]                                              0.0000
 io_in[20]                                                    -0.0000
 mprj/o_q_dly[25]                                              0.0000
 io_in[25]                                                    -0.0000
 io_in[26]                                                    -0.0000
 mprj/o_q_dly[118]                                             0.0000
 wbs_dat_o[3]                                                  0.0000
 mprj/o_q_dly[64]                                              0.0000
 mprj/o_q_dly[117]                                             0.0000
 mprj/o_q_dly[63]                                              0.0000
 mprj/o_q[14]                                                  0.0000
 mprj/o_q[128]                                                 0.0000
 mprj/o_q_dly[156]                                             0.0000
 mprj/o_q_dly[23]                                              0.0000
 mprj/o_q_dly[62]                                              0.0000
 mprj/o_q_dly[155]                                             0.0000
 mprj/o_q_dly[22]                                              0.0000
 mprj/o_q_dly[61]                                              0.0000
 mprj/o_q_dly[21]                                              0.0000
 mprj/buf_i[202]                                              -0.0000
 mprj/o_q_dly[114]                                             0.0000
 mprj/o_q_dly[20]                                              0.0000
 mprj/buf_i[201]                                              -0.0000
 mprj/o_q_dly[113]                                             0.0000
 mprj/o_q_dly[152]                                             0.0000
 mprj/o_q_dly[39]                                              0.0000
 mprj/o_q_dly[151]                                             0.0000
 mprj/o_q[167]                                                 0.0000
 mprj/o_q_dly[111]                                             0.0000
 mprj/o_q_dly[110]                                             0.0000
 io_out[4]                                                     0.0000
 io_out[6]                                                     0.0000
 io_out[7]                                                     0.0000
 io_out[10]                                                    0.0000
 io_out[14]                                                    0.0000
 io_out[17]                                                    0.0000
 mprj/o_q_dly[36]                                              0.0000
 mprj/buf_i[84]                                               -0.0000
 mprj/o_q_dly[168]                                             0.0000
 io_out[31]                                                    0.0000
 io_out[32]                                                    0.0000
 io_out[34]                                                    0.0000
 mprj/o_q_dly[35]                                              0.0000
 mprj/buf_i[83]                                               -0.0000
 io_oeb[6]                                                     0.0000
 io_oeb[7]                                                     0.0000
 mprj/o_q_dly[167]                                             0.0000
 mprj/o_q_dly[34]                                              0.0000
 mprj/o_q_dly[127]                                             0.0000
 mprj/buf_i[82]                                               -0.0000
 mprj/o_q_dly[73]                                              0.0000
 io_oeb[20]                                                    0.0000
 io_oeb[21]                                                    0.0000
 mprj/o_q_dly[166]                                             0.0000
 io_oeb[29]                                                    0.0000
 io_oeb[30]                                                    0.0000
 mprj/o_q[127]                                                 0.0000
 mprj/o_q[11]                                                  0.0000
 mprj/o_q[126]                                                 0.0000
 mprj/o_q_dly[126]                                             0.0000
 mprj/o_q[50]                                                  0.0000
 mprj/o_q[10]                                                  0.0000
 mprj/o_q_dly[165]                                             0.0000
 mprj/o_q_dly[32]                                              0.0000
 mprj/buf_i[6]                                                -0.0000
 mprj/o_q_dly[125]                                             0.0000
 mprj/o_q[125]                                                 0.0000
 mprj/o_q[164]                                                 0.0000
 mprj/o_q[68]                                                  0.0000
 mprj/buf_i[40]                                               -0.0000
 mprj/o_q_dly[31]                                              0.0000
 mprj/o_q[67]                                                  0.0000
 mprj/o_q[27]                                                  0.0000
 mprj/o_q[121]                                                 0.0000
 mprj/o_q[26]                                                  0.0000
 mprj/o_q_dly[163]                                             0.0000
 mprj/o_q_dly[30]                                              0.0000
 mprj/o_q[65]                                                  0.0000
 mprj/o_q[120]                                                 0.0000
 mprj/o_q[64]                                                  0.0000
 mprj/o_q_dly[49]                                              0.0000
 mprj/buf_i[18]                                               -0.0000
 mprj/o_q_dly[161]                                             0.0000
 mprj/buf_i[229]                                              -0.0000
 mprj/buf_i[181]                                              -0.0000
 mprj/o_q[24]                                                  0.0000
 mprj/o_q[63]                                                  0.0000
 mprj/o_q[138]                                                 0.0000
 mprj/buf_i[104]                                              -0.0000
 mprj/o_q[62]                                                  0.0000
 wbs_sel_i[1]                                                 -0.0000
 io_in[34]                                                    -0.0000

1
