****************************************
Report : global_timing
	-format { narrow }
	-separate_all_groups
Design : user_project_wrapper
Version: T-2022.03-SP3
Date   : Sun Dec 11 06:23:48 2022
****************************************

Setup violations for paths in user_clock2
--------------------------------------------------------------
          Total   reg->reg    in->reg   reg->out    in->out
--------------------------------------------------------------
WNS    -25.0400     0.0000     0.0000   -25.0400     0.0000
TNS  -2264.8455     0.0000     0.0000 -2264.8455     0.0000
NUM         176          0          0        176          0
--------------------------------------------------------------

Setup violations for paths in clk
---------------------------------------------------------
         Total  reg->reg   in->reg  reg->out   in->out
---------------------------------------------------------
WNS    -2.5328    0.0000   -2.5328    0.0000    0.0000
TNS    -2.5328    0.0000   -2.5328    0.0000    0.0000
NUM          1         0         1         0         0
---------------------------------------------------------


Hold violations for paths in clk
---------------------------------------------------------
         Total  reg->reg   in->reg  reg->out   in->out
---------------------------------------------------------
WNS    -6.7219    0.0000   -6.7219    0.0000    0.0000
TNS  -670.5718    0.0000 -670.5718    0.0000    0.0000
NUM        236         0       236         0         0
---------------------------------------------------------

1
