****************************************
Report : global_timing
	-format { narrow }
	-separate_all_groups
Design : user_project_wrapper
Version: T-2022.03-SP3
Date   : Sun Dec 11 11:32:51 2022
****************************************

Setup violations for paths in user_clock2
--------------------------------------------------------------
          Total   reg->reg    in->reg   reg->out    in->out
--------------------------------------------------------------
WNS    -21.6544     0.0000     0.0000   -21.6544     0.0000
TNS  -1761.6158     0.0000     0.0000 -1761.6158     0.0000
NUM         176          0          0        176          0
--------------------------------------------------------------

Setup violations for paths in clk
---------------------------------------------------------
         Total  reg->reg   in->reg  reg->out   in->out
---------------------------------------------------------
WNS    -4.6988    0.0000   -4.6988    0.0000    0.0000
TNS   -12.8181    0.0000  -12.8181    0.0000    0.0000
NUM          3         0         3         0         0
---------------------------------------------------------


Hold violations for paths in clk
---------------------------------------------------------
         Total  reg->reg   in->reg  reg->out   in->out
---------------------------------------------------------
WNS    -4.8312    0.0000   -4.8312    0.0000    0.0000
TNS  -639.3875    0.0000 -639.3875    0.0000    0.0000
NUM        237         0       237         0         0
---------------------------------------------------------

1
