Information: Setting timing_save_pin_arrival_and_slack to TRUE and updating timing. (PTE-076)
Information: It is recommended that the variable timing_save_pin_arrival_and_slack be set before the initial timing update for optimal performance of this command. (PTE-077)
****************************************
Report : si_bottleneck
	-cost_type delta_delay
	-slack_lesser_than 10
	-all_nets
	-significant_digits 4
	-nosplit
	-minimum_active_aggressors 1
	-min
	-max
Design : user_project_wrapper
Version: T-2022.03-SP3
Date   : Sun Dec 11 06:23:49 2022
****************************************

 Bottleneck Cost:  delta_delay
 net                                                         cost
 ---------------------------------------------------------------------
 la_data_out[13]                                              10.1300
 la_data_out[17]                                               9.9096
 la_data_out[15]                                               9.7112
 la_data_out[16]                                               9.6703
 la_data_in[12]                                                8.8762
 io_oeb[1]                                                     7.5201
 la_data_in[0]                                                 6.3611
 la_oenb[4]                                                    6.0177
 la_oenb[7]                                                    5.5534
 wbs_dat_i[7]                                                  5.3776
 la_data_in[22]                                                5.3171
 la_data_out[14]                                               5.2622
 la_oenb[20]                                                   5.2252
 io_in[10]                                                     5.2119
 la_oenb[11]                                                   4.8876
 io_out[26]                                                    4.7391
 io_out[25]                                                    4.6879
 la_data_in[8]                                                 4.6648
 la_data_out[19]                                               4.5366
 la_oenb[0]                                                    4.4918
 la_data_out[24]                                               4.4015
 la_data_in[26]                                                4.3399
 la_oenb[21]                                                   4.2215
 io_out[0]                                                     4.1765
 la_oenb[13]                                                   4.1548
 la_data_in[21]                                                4.1489
 la_oenb[25]                                                   4.0967
 la_oenb[22]                                                   4.0910
 la_oenb[37]                                                   4.0729
 la_data_out[18]                                               4.0451
 la_data_out[20]                                               4.0293
 la_oenb[36]                                                   4.0249
 io_in[24]                                                     4.0164
 io_in[30]                                                     3.9981
 la_data_out[23]                                               3.9052
 la_oenb[35]                                                   3.8999
 la_data_in[13]                                                3.8843
 la_data_out[36]                                               3.8758
 la_data_in[24]                                                3.8659
 la_data_out[25]                                               3.8376
 la_data_out[27]                                               3.8362
 la_data_in[16]                                                3.7690
 io_oeb[15]                                                    3.7388
 la_data_in[15]                                                3.6889
 la_oenb[41]                                                   3.6780
 la_data_in[27]                                                3.6737
 io_in[15]                                                     3.6569
 la_data_in[3]                                                 3.6344
 la_oenb[26]                                                   3.6006
 la_oenb[23]                                                   3.5937
 la_data_in[17]                                                3.5900
 la_oenb[19]                                                   3.5663
 la_oenb[12]                                                   3.5085
 la_data_in[23]                                                3.4734
 wbs_dat_o[30]                                                 3.4495
 la_data_in[25]                                                3.3965
 la_oenb[16]                                                   3.3661
 la_oenb[15]                                                   3.3585
 io_in[22]                                                     3.3518
 wbs_dat_o[8]                                                  3.2975
 la_oenb[14]                                                   3.2612
 wbs_dat_o[6]                                                  3.1954
 wbs_dat_i[31]                                                 3.1253
 io_in[28]                                                     2.9796
 wbs_adr_i[10]                                                 2.8679
 la_data_out[51]                                               2.8646
 wbs_adr_i[13]                                                 2.8452
 la_data_in[10]                                                2.8286
 io_oeb[37]                                                    2.7590
 io_in[9]                                                      2.7148
 la_data_in[60]                                                2.7140
 wbs_adr_i[1]                                                  2.6909
 wbs_adr_i[16]                                                 2.6683
 la_data_out[4]                                                2.4957
 wbs_adr_i[15]                                                 2.4209
 wbs_adr_i[12]                                                 2.3649
 wbs_adr_i[14]                                                 2.3624
 io_oeb[28]                                                    2.3142
 la_data_in[54]                                                2.2476
 io_out[23]                                                    2.2322
 io_out[27]                                                    2.2063
 la_data_in[51]                                                2.1932
 la_oenb[18]                                                   2.1852
 la_data_out[6]                                                2.1760
 la_data_in[55]                                                2.1262
 la_data_in[57]                                                2.0666
 la_data_in[52]                                                2.0646
 wbs_adr_i[18]                                                 2.0047
 wbs_dat_i[13]                                                 1.9985
 wbs_adr_i[20]                                                 1.9242
 la_data_out[3]                                                1.9218
 wbs_dat_i[6]                                                  1.8855
 la_data_in[50]                                                1.8842
 wbs_dat_i[20]                                                 1.8764
 wbs_adr_i[2]                                                  1.8717
 io_in[21]                                                     1.8664
 wbs_adr_i[17]                                                 1.8657
 io_out[33]                                                    1.8600
 wbs_adr_i[6]                                                  1.8198
 io_out[28]                                                    1.8147
 la_data_out[11]                                               1.8047
 wbs_dat_i[17]                                                 1.8026
 la_data_out[50]                                               1.7779
 la_data_out[2]                                                1.7594
 wbs_adr_i[9]                                                  1.7488
 la_data_in[49]                                                1.6851
 io_in[33]                                                     1.6731
 io_oeb[9]                                                     1.6529
 io_in[0]                                                      1.6429
 wbs_dat_i[16]                                                 1.6148
 la_data_in[48]                                                1.6050
 la_data_out[57]                                               1.6016
 wbs_adr_i[5]                                                  1.5860
 la_data_out[63]                                               1.5673
 la_oenb[10]                                                   1.5623
 wbs_dat_i[9]                                                  1.5548
 io_out[29]                                                    1.5490
 io_in[13]                                                     1.5474
 wbs_dat_o[2]                                                  1.5438
 wbs_dat_i[11]                                                 1.5362
 la_oenb[63]                                                   1.5291
 la_data_in[47]                                                1.5250
 wbs_adr_i[4]                                                  1.5221
 wbs_dat_o[19]                                                 1.5129
 la_data_in[46]                                                1.4956
 la_oenb[6]                                                    1.4768
 wbs_dat_i[30]                                                 1.4753
 la_data_in[39]                                                1.4625
 wbs_dat_i[28]                                                 1.4467
 wbs_dat_i[15]                                                 1.4433
 la_oenb[3]                                                    1.4384
 la_data_in[45]                                                1.4269
 la_data_in[53]                                                1.4194
 wbs_dat_i[3]                                                  1.3845
 la_data_out[49]                                               1.3780
 wbs_adr_i[31]                                                 1.3624
 la_data_in[44]                                                1.3542
 wbs_sel_i[3]                                                  1.3493
 la_data_in[34]                                                1.3437
 wbs_adr_i[30]                                                 1.3412
 la_data_out[9]                                                1.3188
 io_in[5]                                                      1.3185
 wbs_dat_i[14]                                                 1.3013
 wbs_dat_i[12]                                                 1.2979
 la_data_in[42]                                                1.2950
 wbs_dat_o[27]                                                 1.2950
 io_in[32]                                                     1.2940
 la_data_out[62]                                               1.2865
 la_data_out[61]                                               1.2859
 wbs_dat_i[2]                                                  1.2787
 wbs_dat_o[16]                                                 1.2495
 wbs_dat_o[1]                                                  1.2381
 la_oenb[1]                                                    1.2311
 la_data_in[59]                                                1.2289
 io_oeb[4]                                                     1.2193
 la_data_out[54]                                               1.2130
 la_data_in[19]                                                1.2022
 wbs_adr_i[8]                                                  1.1960
 la_data_out[40]                                               1.1925
 la_oenb[39]                                                   1.1863
 io_in[23]                                                     1.1702
 la_data_out[45]                                               1.1600
 io_in[14]                                                     1.1516
 io_out[37]                                                    1.1504
 la_data_in[58]                                                1.1353
 io_oeb[27]                                                    1.1285
 wbs_dat_i[1]                                                  1.1179
 wbs_adr_i[27]                                                 1.1028
 la_oenb[59]                                                   1.0986
 wbs_dat_i[25]                                                 1.0961
 wbs_adr_i[21]                                                 1.0937
 wbs_dat_i[4]                                                  1.0796
 wbs_adr_i[23]                                                 1.0720
 wbs_ack_o                                                     1.0682
 io_oeb[3]                                                     1.0652
 wbs_adr_i[19]                                                 1.0645
 wbs_adr_i[0]                                                  1.0595
 la_data_out[33]                                               1.0582
 la_data_out[31]                                               1.0544
 la_oenb[43]                                                   1.0541
 io_out[3]                                                     1.0522
 user_irq[0]                                                   1.0514
 la_data_in[20]                                                1.0445
 la_oenb[61]                                                   1.0437
 la_data_out[28]                                               1.0434
 wbs_adr_i[22]                                                 1.0394
 la_data_out[46]                                               1.0390
 io_in[27]                                                     1.0301
 wbs_dat_i[23]                                                 1.0289
 io_oeb[31]                                                    1.0238
 la_oenb[49]                                                   1.0203
 la_data_out[52]                                               1.0123
 la_oenb[45]                                                   1.0025
 la_data_out[60]                                               0.9915
 wbs_dat_i[27]                                                 0.9623
 wbs_dat_i[24]                                                 0.9603
 io_oeb[5]                                                     0.9566
 la_data_in[62]                                                0.9547
 wbs_dat_i[10]                                                 0.9507
 la_oenb[5]                                                    0.9451
 la_data_in[11]                                                0.9432
 la_oenb[55]                                                   0.9213
 io_oeb[8]                                                     0.9201
 la_oenb[38]                                                   0.9168
 la_data_out[39]                                               0.9147
 io_in[29]                                                     0.9030
 wbs_dat_o[11]                                                 0.9013
 wbs_sel_i[2]                                                  0.8836
 wbs_adr_i[26]                                                 0.8740
 la_data_out[44]                                               0.8674
 wbs_adr_i[3]                                                  0.8668
 la_data_out[8]                                                0.8478
 la_data_out[53]                                               0.8409
 io_out[11]                                                    0.8394
 wbs_dat_i[0]                                                  0.8383
 la_oenb[54]                                                   0.8373
 wbs_stb_i                                                     0.8184
 la_data_out[47]                                               0.8112
 la_data_in[5]                                                 0.7981
 wbs_dat_o[28]                                                 0.7939
 la_data_in[56]                                                0.7937
 la_data_out[7]                                                0.7917
 wbs_dat_o[23]                                                 0.7877
 wbs_adr_i[29]                                                 0.7829
 la_data_in[29]                                                0.7822
 wbs_dat_o[29]                                                 0.7750
 io_out[9]                                                     0.7725
 la_oenb[62]                                                   0.7695
 wbs_adr_i[25]                                                 0.7692
 la_oenb[8]                                                    0.7637
 io_out[35]                                                    0.7589
 la_oenb[34]                                                   0.7586
 wbs_adr_i[24]                                                 0.7582
 la_data_in[1]                                                 0.7561
 io_oeb[10]                                                    0.7552
 la_data_out[32]                                               0.7490
 io_out[8]                                                     0.7450
 io_in[16]                                                     0.7421
 la_data_in[33]                                                0.7406
 io_in[11]                                                     0.7402
 wbs_adr_i[7]                                                  0.7398
 la_data_out[12]                                               0.7324
 la_data_in[14]                                                0.7182
 io_oeb[0]                                                     0.7113
 la_data_in[38]                                                0.7040
 la_oenb[30]                                                   0.6954
 la_data_in[41]                                                0.6953
 la_data_in[6]                                                 0.6901
 la_data_out[43]                                               0.6853
 la_data_out[0]                                                0.6839
 wbs_dat_i[8]                                                  0.6827
 la_data_in[2]                                                 0.6817
 wbs_adr_i[28]                                                 0.6589
 la_data_out[10]                                               0.6555
 io_oeb[14]                                                    0.6482
 io_in[17]                                                     0.6473
 la_data_out[41]                                               0.6457
 la_oenb[9]                                                    0.6403
 wbs_dat_o[18]                                                 0.6321
 io_out[36]                                                    0.6279
 la_data_in[35]                                                0.6171
 wbs_dat_o[20]                                                 0.6135
 user_irq[1]                                                   0.6045
 la_data_in[43]                                                0.5995
 la_data_out[1]                                                0.5959
 la_data_out[30]                                               0.5935
 la_data_out[56]                                               0.5890
 la_data_out[58]                                               0.5873
 io_out[22]                                                    0.5717
 la_data_in[36]                                                0.5688
 io_out[18]                                                    0.5664
 la_oenb[2]                                                    0.5559
 la_data_in[37]                                                0.5457
 la_data_out[5]                                                0.5452
 wbs_dat_o[10]                                                 0.5421
 wbs_dat_o[26]                                                 0.5400
 la_data_in[30]                                                0.5368
 la_data_in[28]                                                0.5283
 la_data_out[59]                                               0.5238
 la_data_in[40]                                                0.5204
 wbs_dat_o[17]                                                 0.5086
 io_out[30]                                                    0.5081
 io_oeb[33]                                                    0.4980
 la_data_out[22]                                               0.4964
 la_data_out[42]                                               0.4904
 la_data_out[21]                                               0.4883
 wbs_dat_o[25]                                                 0.4730
 wbs_adr_i[11]                                                 0.4723
 la_data_out[55]                                               0.4684
 la_data_out[26]                                               0.4621
 la_data_in[4]                                                 0.4580
 la_data_out[38]                                               0.4534
 la_data_out[34]                                               0.4524
 io_oeb[23]                                                    0.4500
 wbs_dat_o[21]                                                 0.4471
 wbs_dat_o[24]                                                 0.4437
 la_data_out[37]                                               0.4366
 mprj/o_q_dly[95]                                              0.4359
 la_data_out[35]                                               0.4150
 wbs_we_i                                                      0.4140
 io_oeb[12]                                                    0.4092
 io_oeb[19]                                                    0.4057
 wbs_dat_i[26]                                                 0.4028
 wbs_dat_i[5]                                                  0.3792
 wbs_dat_i[22]                                                 0.3707
 user_irq[2]                                                   0.3559
 io_out[21]                                                    0.3458
 wbs_dat_i[21]                                                 0.3412
 la_data_in[61]                                                0.3407
 la_data_out[29]                                               0.3323
 wbs_dat_i[19]                                                 0.3320
 la_oenb[28]                                                   0.3126
 wbs_dat_o[4]                                                  0.3106
 wbs_dat_o[14]                                                 0.3054
 wbs_dat_o[15]                                                 0.3041
 io_oeb[36]                                                    0.2995
 wbs_dat_i[18]                                                 0.2967
 la_oenb[52]                                                   0.2912
 la_oenb[53]                                                   0.2784
 la_data_in[31]                                                0.2739
 la_oenb[24]                                                   0.2725
 wbs_cyc_i                                                     0.2713
 la_oenb[40]                                                   0.2692
 io_in[1]                                                      0.2676
 io_oeb[26]                                                    0.2668
 la_data_in[32]                                                0.2640
 wbs_dat_o[12]                                                 0.2605
 io_in[8]                                                      0.2497
 io_oeb[11]                                                    0.2486
 mprj/o_q_dly[94]                                              0.2472
 mprj/o_q_dly[112]                                             0.2439
 mprj/o_q_dly[123]                                             0.2354
 mprj/o_q_dly[93]                                              0.2337
 la_oenb[27]                                                   0.2325
 wbs_dat_o[22]                                                 0.2264
 mprj/o_q_dly[121]                                             0.2191
 mprj/o_q_dly[92]                                              0.2146
 io_oeb[32]                                                    0.2062
 io_in[18]                                                     0.1977
 wbs_dat_o[5]                                                  0.1874
 wbs_sel_i[0]                                                  0.1867
 la_data_in[63]                                                0.1862
 io_oeb[34]                                                    0.1818
 la_oenb[31]                                                   0.1804
 wbs_dat_o[13]                                                 0.1758
 la_data_out[48]                                               0.1694
 la_oenb[33]                                                   0.1673
 mprj/o_q_dly[57]                                              0.1615
 mprj/o_q[173]                                                 0.1607
 mprj/o_q_dly[88]                                              0.1547
 io_oeb[17]                                                    0.1512
 mprj/o_q[135]                                                 0.1473
 io_oeb[18]                                                    0.1436
 io_oeb[16]                                                    0.1379
 wbs_dat_o[0]                                                  0.1341
 io_in[6]                                                      0.1339
 mprj/o_q_dly[104]                                             0.1283
 io_oeb[30]                                                    0.1276
 mprj/o_q_dly[71]                                              0.1267
 mprj/o_q_dly[79]                                              0.1259
 mprj/o_q_dly[91]                                              0.1254
 io_oeb[24]                                                    0.1239
 mprj/o_q_dly[142]                                             0.1180
 mprj/o_q_dly[15]                                              0.1169
 mprj/o_q_dly[76]                                              0.1151
 io_out[19]                                                    0.1146
 io_oeb[22]                                                    0.1096
 wbs_dat_o[9]                                                  0.1073
 wbs_dat_o[7]                                                  0.1069
 mprj/o_q_dly[77]                                              0.1056
 mprj/o_q_dly[84]                                              0.1018
 io_out[24]                                                    0.1005
 mprj/buf_i[188]                                               0.0994
 mprj/o_q_dly[89]                                              0.0916
 mprj/o_q_dly[6]                                               0.0889
 la_oenb[46]                                                   0.0880
 mprj/o_q_dly[116]                                             0.0864
 mprj/o_q[91]                                                  0.0827
 mprj/buf_i[171]                                               0.0821
 mprj/o_q_dly[162]                                             0.0815
 mprj/buf_i[126]                                               0.0809
 mprj/o_q_dly[8]                                               0.0791
 mprj/o_q_dly[69]                                              0.0785
 mprj/o_q_dly[85]                                              0.0784
 mprj/o_q[57]                                                  0.0736
 mprj/o_q_dly[90]                                              0.0734
 mprj/o_q_dly[81]                                              0.0726
 mprj/buf_i[154]                                               0.0725
 mprj/o_q_dly[3]                                               0.0725
 mprj/o_q_dly[53]                                              0.0718
 la_oenb[51]                                                   0.0708
 mprj/o_q_dly[130]                                             0.0704
 mprj/o_q_dly[169]                                             0.0682
 mprj/o_q_dly[129]                                             0.0681
 mprj/o_q[55]                                                  0.0675
 mprj/buf_i[120]                                               0.0674
 mprj/o_q_dly[154]                                             0.0672
 mprj/o_q_dly[74]                                              0.0672
 mprj/o_q[84]                                                  0.0669
 mprj/o_q_dly[17]                                              0.0654
 mprj/buf_i[183]                                               0.0644
 mprj/buf_i[156]                                               0.0643
 la_oenb[32]                                                   0.0629
 mprj/o_q_dly[128]                                             0.0621
 mprj/o_q_dly[10]                                              0.0610
 mprj/buf_i[158]                                               0.0608
 mprj/o_q_dly[72]                                              0.0601
 mprj/o_q_dly[54]                                              0.0598
 mprj/o_q_dly[124]                                             0.0597
 mprj/o_q_dly[52]                                              0.0589
 mprj/o_q_dly[158]                                             0.0586
 mprj/buf_i[92]                                                0.0579
 mprj/o_q_dly[133]                                             0.0541
 mprj/o_q_dly[135]                                             0.0538
 mprj/o_q_dly[16]                                              0.0523
 mprj/buf_i[109]                                               0.0517
 mprj/buf_i[175]                                               0.0512
 mprj/buf_i[114]                                               0.0511
 mprj/buf_i[9]                                                 0.0509
 mprj/o_q_dly[65]                                              0.0506
 mprj/buf_i[152]                                               0.0485
 mprj/o_q_dly[122]                                             0.0483
 mprj/o_q_dly[67]                                              0.0480
 mprj/buf_i[185]                                               0.0477
 mprj/buf_i[110]                                               0.0474
 mprj/buf_i[48]                                                0.0472
 mprj/o_q[19]                                                  0.0466
 mprj/o_q_dly[157]                                             0.0464
 mprj/buf_i[113]                                               0.0463
 mprj/o_q_dly[170]                                             0.0463
 mprj/o_q[7]                                                   0.0442
 mprj/buf_i[216]                                               0.0440
 mprj/buf_i[160]                                               0.0436
 mprj/o_q[129]                                                 0.0434
 mprj/buf_i[182]                                               0.0426
 mprj/buf_i[190]                                               0.0422
 mprj/buf_i[123]                                               0.0421
 mprj/o_q_dly[120]                                             0.0419
 mprj/o_q[5]                                                   0.0416
 mprj/o_q[56]                                                  0.0412
 mprj/o_q_dly[131]                                             0.0410
 mprj/buf_i[90]                                                0.0409
 mprj/o_q_dly[78]                                              0.0404
 mprj/buf_i[187]                                               0.0402
 mprj/o_q[52]                                                  0.0401
 mprj/buf_i[34]                                                0.0398
 mprj/buf_i[224]                                               0.0395
 mprj/buf_i[102]                                               0.0390
 mprj/buf_i[38]                                                0.0383
 mprj/buf_i[32]                                                0.0381
 mprj/buf_i[184]                                               0.0379
 mprj/buf_i[111]                                               0.0375
 mprj/buf_i[118]                                               0.0368
 mprj/buf_i[35]                                                0.0364
 mprj/buf_i[89]                                                0.0362
 mprj/o_q[86]                                                  0.0359
 mprj/o_q_dly[87]                                              0.0359
 mprj/o_q[54]                                                  0.0359
 mprj/buf_i[41]                                                0.0358
 mprj/o_q[168]                                                 0.0356
 mprj/o_q_dly[75]                                              0.0346
 mprj/o_q[21]                                                  0.0340
 mprj/buf_i[179]                                               0.0330
 mprj/buf_i[0]                                                 0.0326
 la_data_in[9]                                                 0.0323
 mprj/buf_i[79]                                                0.0322
 mprj/buf_i[33]                                                0.0322
 mprj/o_q[22]                                                  0.0317
 mprj/buf_i[153]                                               0.0317
 mprj/o_q[29]                                                  0.0317
 mprj/buf_i[108]                                               0.0316
 mprj/o_q[169]                                                 0.0308
 mprj/o_q[102]                                                 0.0305
 mprj/buf_i[155]                                               0.0282
 mprj/buf_i[178]                                               0.0281
 mprj/buf_i[51]                                                0.0280
 mprj/o_q[101]                                                 0.0268
 mprj/o_q[137]                                                 0.0261
 io_in[12]                                                     0.0257
 mprj/buf_i[2]                                                 0.0251
 mprj/o_q[94]                                                  0.0247
 mprj/buf_i[230]                                               0.0238
 mprj/o_q[20]                                                  0.0238
 mprj/buf_i[16]                                                0.0237
 mprj/buf_i[105]                                               0.0237
 mprj/buf_i[169]                                               0.0234
 wbs_dat_i[29]                                                 0.0233
 mprj/o_q_dly[60]                                              0.0229
 mprj/o_q[130]                                                 0.0228
 mprj/o_q_dly[70]                                              0.0222
 mprj/buf_i[223]                                               0.0217
 mprj/buf_i[176]                                               0.0214
 mprj/buf_i[87]                                                0.0209
 mprj/buf_i[116]                                               0.0208
 mprj/buf_i[12]                                                0.0208
 mprj/o_q[9]                                                   0.0207
 mprj/buf_i[8]                                                 0.0206
 la_oenb[50]                                                   0.0204
 mprj/buf_i[186]                                               0.0204
 mprj/o_q[23]                                                  0.0203
 mprj/o_q[16]                                                  0.0203
 mprj/buf_i[99]                                                0.0201
 mprj/buf_i[119]                                               0.0199
 mprj/o_q_dly[119]                                             0.0195
 mprj/o_q_dly[146]                                             0.0190
 la_oenb[47]                                                   0.0189
 mprj/buf_i[93]                                                0.0187
 mprj/buf_i[14]                                                0.0186
 mprj/buf_i[15]                                                0.0184
 mprj/buf_i[191]                                               0.0182
 mprj/o_q[132]                                                 0.0181
 mprj/buf_i[157]                                               0.0180
 mprj/o_q_dly[2]                                               0.0178
 mprj/o_q[46]                                                  0.0178
 mprj/o_q[134]                                                 0.0176
 mprj/buf_i[177]                                               0.0173
 mprj/o_q_dly[1]                                               0.0172
 la_oenb[44]                                                   0.0171
 mprj/o_q_dly[160]                                             0.0167
 mprj/buf_i[189]                                               0.0166
 mprj/buf_i[197]                                               0.0162
 mprj/o_q_dly[164]                                             0.0161
 mprj/buf_i[144]                                               0.0156
 io_in[19]                                                     0.0155
 mprj/buf_i[231]                                               0.0155
 mprj/buf_i[194]                                               0.0152
 mprj/o_q[30]                                                  0.0151
 mprj/buf_i[235]                                               0.0142
 mprj/buf_i[122]                                               0.0139
 mprj/buf_i[115]                                               0.0136
 mprj/buf_i[167]                                               0.0136
 mprj/buf_i[88]                                                0.0136
 mprj/o_q_dly[48]                                              0.0132
 mprj/o_q[28]                                                  0.0124
 mprj/o_q[4]                                                   0.0124
 mprj/buf_i[232]                                               0.0118
 mprj/buf_i[94]                                                0.0115
 mprj/o_q[47]                                                  0.0114
 mprj/buf_i[125]                                               0.0112
 mprj/buf_i[7]                                                 0.0110
 mprj/buf_i[127]                                               0.0109
 mprj/o_q[95]                                                  0.0108
 mprj/buf_i[91]                                                0.0101
 mprj/buf_i[5]                                                 0.0101
 mprj/o_q[100]                                                 0.0093
 mprj/buf_i[205]                                               0.0089
 mprj/o_q[142]                                                 0.0086
 mprj/o_q[172]                                                 0.0084
 mprj/buf_i[227]                                               0.0080
 mprj/buf_i[234]                                               0.0079
 mprj/buf_i[214]                                               0.0078
 mprj/buf_i[103]                                               0.0075
 mprj/buf_i[173]                                               0.0071
 mprj/buf_i[4]                                                 0.0070
 mprj/buf_i[180]                                               0.0069
 mprj/buf_i[131]                                               0.0069
 mprj/buf_i[66]                                                0.0066
 mprj/o_q[92]                                                  0.0066
 mprj/buf_i[68]                                                0.0066
 mprj/buf_i[164]                                               0.0065
 mprj/buf_i[39]                                                0.0065
 mprj/buf_i[162]                                               0.0062
 mprj/o_q[93]                                                  0.0062
 mprj/buf_i[172]                                               0.0062
 mprj/buf_i[174]                                               0.0061
 mprj/buf_i[37]                                                0.0060
 mprj/buf_i[166]                                               0.0060
 mprj/buf_i[236]                                               0.0058
 mprj/buf_i[47]                                                0.0055
 mprj/buf_i[168]                                               0.0052
 mprj/buf_i[170]                                               0.0050
 mprj/buf_i[107]                                               0.0049
 mprj/buf_i[219]                                               0.0046
 mprj/buf_i[45]                                                0.0042
 mprj/buf_i[101]                                               0.0042
 mprj/buf_i[150]                                               0.0041
 mprj/buf_i[85]                                                0.0039
 mprj/buf_i[161]                                               0.0035
 mprj/buf_i[159]                                               0.0032
 mprj/buf_i[112]                                               0.0028
 mprj/buf_i[36]                                                0.0026
 mprj/buf_i[198]                                               0.0026
 mprj/buf_i[130]                                               0.0025
 mprj/buf_i[165]                                               0.0024
 mprj/buf_i[142]                                               0.0023
 mprj/buf_i[132]                                               0.0022
 mprj/buf_i[46]                                                0.0022
 mprj/buf_i[65]                                                0.0021
 mprj/buf_i[98]                                                0.0020
 mprj/buf_i[124]                                               0.0018
 mprj/buf_i[210]                                               0.0016
 mprj/buf_i[117]                                               0.0015
 mprj/buf_i[96]                                                0.0009
 mprj/buf_i[106]                                               0.0008
 mprj/buf_i[209]                                               0.0008
 mprj/buf_i[215]                                               0.0008
 mprj/buf_i[97]                                                0.0007
 mprj/o_q_dly[14]                                              0.0002
 mprj/buf_i[218]                                               0.0000
 mprj/o_q[31]                                                  0.0000
 mprj/o_q_dly[82]                                              0.0000
 mprj/o_q_dly[175]                                             0.0000
 mprj/o_q[70]                                                  0.0000
 mprj/o_q[49]                                                  0.0000
 mprj/o_q_dly[174]                                             0.0000
 mprj/buf_i[50]                                               -0.0000
 mprj/o_q[104]                                                 0.0000
 mprj/o_q_dly[41]                                              0.0000
 mprj/buf_i[222]                                              -0.0000
 mprj/buf_i[10]                                               -0.0000
 mprj/o_q[143]                                                 0.0000
 mprj/o_q[87]                                                  0.0000
 mprj/o_q_dly[80]                                              0.0000
 mprj/o_q_dly[40]                                              0.0000
 mprj/buf_i[193]                                              -0.0000
 mprj/o_q_dly[59]                                              0.0000
 mprj/o_q_dly[132]                                             0.0000
 mprj/o_q_dly[19]                                              0.0000
 mprj/o_q_dly[98]                                              0.0000
 mprj/o_q_dly[171]                                             0.0000
 mprj/o_q_dly[58]                                              0.0000
 mprj/o_q[85]                                                  0.0000
 mprj/o_q[140]                                                 0.0000
 mprj/buf_i[27]                                               -0.0000
 mprj/o_q_dly[18]                                              0.0000
 mprj/o_q[8]                                                   0.0000
 mprj/buf_i[151]                                              -0.0000
 mprj/o_q[45]                                                  0.0000
 mprj/o_q[159]                                                 0.0000
 mprj/o_q_dly[56]                                              0.0000
 mprj/o_q_dly[149]                                             0.0000
 mprj/o_q[44]                                                  0.0000
 mprj/o_q[119]                                                 0.0000
 mprj/o_q_dly[9]                                               0.0000
 mprj/o_q[83]                                                  0.0000
 mprj/buf_i[64]                                               -0.0000
 mprj/o_q_dly[55]                                              0.0000
 mprj/o_q[6]                                                   0.0000
 mprj/o_q[43]                                                  0.0000
 mprj/o_q[118]                                                 0.0000
 mprj/o_q_dly[108]                                             0.0000
 mprj/o_q_dly[147]                                             0.0000
 mprj/o_q[157]                                                 0.0000
 mprj/o_q[42]                                                  0.0000
 mprj/o_q[117]                                                 0.0000
 mprj/o_q_dly[107]                                             0.0000
 mprj/o_q_dly[7]                                               0.0000
 mprj/buf_i[62]                                               -0.0000
 mprj/o_q[41]                                                  0.0000
 mprj/buf_i[22]                                               -0.0000
 mprj/o_q[155]                                                 0.0000
 mprj/o_q[40]                                                  0.0000
 mprj/o_q_dly[13]                                              0.0000
 mprj/o_q_dly[106]                                             0.0000
 mprj/o_q[99]                                                  0.0000
 mprj/o_q_dly[145]                                             0.0000
 mprj/o_q[1]                                                   0.0000
 mprj/o_q[97]                                                  0.0000
 mprj/o_q_dly[12]                                              0.0000
 mprj/o_q_dly[105]                                             0.0000
 mprj/o_q_dly[5]                                               0.0000
 mprj/o_q_dly[144]                                             0.0000
 mprj/o_q[0]                                                   0.0000
 mprj/o_q_dly[11]                                              0.0000
 mprj/o_q_dly[4]                                               0.0000
 mprj/o_q_dly[50]                                              0.0000
 mprj/o_q[17]                                                  0.0000
 mprj/o_q[111]                                                 0.0000
 mprj/o_q_dly[143]                                             0.0000
 mprj/o_q_dly[103]                                             0.0000
 mprj/buf_i[163]                                              -0.0000
 mprj/o_q[15]                                                  0.0000
 mprj/buf_i[78]                                               -0.0000
 mprj/buf_i[81]                                               -0.0000
 mprj/buf_i[104]                                              -0.0000
 mprj/buf_i[95]                                               -0.0000
 mprj/o_q_dly[68]                                              0.0000
 mprj/o_q[14]                                                  0.0000
 mprj/o_q_dly[141]                                             0.0000
 mprj/buf_i[29]                                               -0.0000
 mprj/o_q_dly[28]                                              0.0000
 mprj/o_q_dly[101]                                             0.0000
 mprj/buf_i[121]                                              -0.0000
 mprj/o_q[128]                                                 0.0000
 mprj/o_q_dly[66]                                              0.0000
 la_oenb[17]                                                  -0.0000
 mprj/o_q_dly[159]                                             0.0000
 la_oenb[29]                                                  -0.0000
 la_oenb[42]                                                  -0.0000
 mprj/o_q_dly[26]                                              0.0000
 mprj/o_q[167]                                                 0.0000
 wbs_sel_i[1]                                                 -0.0000
 io_in[4]                                                     -0.0000
 io_in[31]                                                    -0.0000
 la_oenb[48]                                                  -0.0000
 mprj/o_q_dly[25]                                              0.0000
 la_oenb[56]                                                  -0.0000
 la_oenb[57]                                                  -0.0000
 mprj/o_q_dly[118]                                             0.0000
 la_oenb[58]                                                  -0.0000
 la_data_in[7]                                                -0.0000
 la_data_in[18]                                               -0.0000
 mprj/o_q_dly[64]                                              0.0000
 mprj/o_q_dly[117]                                             0.0000
 mprj/o_q_dly[63]                                              0.0000
 io_in[25]                                                    -0.0000
 io_in[26]                                                    -0.0000
 mprj/o_q_dly[156]                                             0.0000
 wbs_dat_o[3]                                                  0.0000
 mprj/o_q_dly[23]                                              0.0000
 mprj/o_q_dly[62]                                              0.0000
 mprj/o_q_dly[155]                                             0.0000
 mprj/o_q_dly[22]                                              0.0000
 mprj/o_q_dly[61]                                              0.0000
 mprj/o_q_dly[21]                                              0.0000
 mprj/buf_i[202]                                              -0.0000
 mprj/o_q_dly[114]                                             0.0000
 mprj/o_q_dly[20]                                              0.0000
 mprj/buf_i[201]                                              -0.0000
 mprj/o_q_dly[113]                                             0.0000
 mprj/o_q_dly[152]                                             0.0000
 mprj/o_q_dly[39]                                              0.0000
 mprj/o_q_dly[151]                                             0.0000
 mprj/o_q_dly[111]                                             0.0000
 mprj/buf_i[86]                                               -0.0000
 mprj/o_q_dly[110]                                             0.0000
 io_out[4]                                                     0.0000
 io_out[5]                                                     0.0000
 io_out[6]                                                     0.0000
 io_out[7]                                                     0.0000
 mprj/o_q_dly[36]                                              0.0000
 mprj/buf_i[84]                                               -0.0000
 mprj/o_q_dly[168]                                             0.0000
 mprj/o_q_dly[35]                                              0.0000
 io_out[10]                                                    0.0000
 io_out[31]                                                    0.0000
 io_out[32]                                                    0.0000
 mprj/buf_i[83]                                               -0.0000
 mprj/o_q_dly[167]                                             0.0000
 io_out[34]                                                    0.0000
 mprj/o_q_dly[34]                                              0.0000
 mprj/o_q_dly[127]                                             0.0000
 io_oeb[6]                                                     0.0000
 io_oeb[7]                                                     0.0000
 mprj/o_q_dly[73]                                              0.0000
 mprj/o_q_dly[166]                                             0.0000
 mprj/o_q[127]                                                 0.0000
 io_oeb[20]                                                    0.0000
 mprj/o_q[11]                                                  0.0000
 io_oeb[21]                                                    0.0000
 mprj/o_q[126]                                                 0.0000
 mprj/o_q[50]                                                  0.0000
 io_oeb[29]                                                    0.0000
 mprj/o_q[10]                                                  0.0000
 mprj/o_q[125]                                                 0.0000
 mprj/o_q[164]                                                 0.0000
 mprj/o_q[68]                                                  0.0000
 mprj/o_q_dly[126]                                             0.0000
 mprj/o_q_dly[165]                                             0.0000
 mprj/o_q_dly[32]                                              0.0000
 mprj/buf_i[6]                                                -0.0000
 mprj/o_q[67]                                                  0.0000
 mprj/o_q[27]                                                  0.0000
 mprj/o_q[121]                                                 0.0000
 mprj/o_q[26]                                                  0.0000
 mprj/o_q_dly[125]                                             0.0000
 mprj/o_q[65]                                                  0.0000
 mprj/o_q[120]                                                 0.0000
 mprj/buf_i[40]                                               -0.0000
 mprj/o_q_dly[31]                                              0.0000
 mprj/o_q[64]                                                  0.0000
 mprj/o_q[139]                                                 0.0000
 mprj/o_q[24]                                                  0.0000
 mprj/o_q_dly[163]                                             0.0000
 mprj/o_q_dly[30]                                              0.0000
 mprj/o_q[63]                                                  0.0000
 mprj/o_q[138]                                                 0.0000
 mprj/o_q_dly[49]                                              0.0000
 mprj/buf_i[18]                                               -0.0000
 mprj/o_q_dly[161]                                             0.0000
 mprj/o_q[62]                                                  0.0000
 mprj/o_q[39]                                                  0.0000
 mprj/buf_i[229]                                              -0.0000
 mprj/buf_i[181]                                              -0.0000
 mprj/o_q[78]                                                  0.0000
 mprj/o_q_dly[47]                                              0.0000
 mprj/buf_i[228]                                              -0.0000
 mprj/o_q[133]                                                 0.0000
 mprj/o_q[38]                                                  0.0000
 mprj/o_q_dly[86]                                              0.0000
 mprj/o_q[77]                                                  0.0000
 mprj/buf_i[54]                                               -0.0000
 mprj/o_q[35]                                                  0.0000
 mprj/o_q_dly[45]                                              0.0000
 mprj/o_q_dly[138]                                             0.0000
 mprj/o_q[74]                                                  0.0000
 mprj/o_q[148]                                                 0.0000
 mprj/o_q_dly[137]                                             0.0000
 mprj/o_q_dly[83]                                              0.0000
 mprj/o_q_dly[43]                                              0.0000
 mprj/o_q_dly[136]                                             0.0000
 mprj/o_q[108]                                                 0.0000
 mprj/o_q[72]                                                  0.0000
 mprj/o_q[147]                                                 0.0000
 mprj/o_q[32]                                                  0.0000
 mprj/o_q[146]                                                 0.0000
 io_in[34]                                                    -0.0000

1
