****************************************
Report : global_timing
	-format { narrow }
	-separate_all_groups
Design : user_project_wrapper
Version: T-2022.03-SP3
Date   : Sun Dec 11 11:32:37 2022
****************************************

Setup violations for paths in user_clock2
--------------------------------------------------------------
          Total   reg->reg    in->reg   reg->out    in->out
--------------------------------------------------------------
WNS    -30.1014     0.0000     0.0000   -30.1014     0.0000
TNS  -2250.3263     0.0000     0.0000 -2250.3263     0.0000
NUM         176          0          0        176          0
--------------------------------------------------------------

Setup violations for paths in clk
---------------------------------------------------------
         Total  reg->reg   in->reg  reg->out   in->out
---------------------------------------------------------
WNS   -11.1168    0.0000  -11.1168    0.0000    0.0000
TNS   -35.5238    0.0000  -35.5238    0.0000    0.0000
NUM          5         0         5         0         0
---------------------------------------------------------


Hold violations for paths in clk
---------------------------------------------------------
         Total  reg->reg   in->reg  reg->out   in->out
---------------------------------------------------------
WNS    -7.4229    0.0000   -7.4229    0.0000    0.0000
TNS  -893.0791    0.0000 -893.0791    0.0000    0.0000
NUM        231         0       231         0         0
---------------------------------------------------------

1
