[INFO]: Run Directory: /home/passant/caravel_user_project-gf180mcu/openlane/user_proj_example/runs/22_12_11_04_36
[INFO]: Preparing LEF files for the nom corner...
[INFO]: Preparing LEF files for the min corner...
[INFO]: Preparing LEF files for the max corner...
[INFO]: Running Synthesis (log: ../home/passant/caravel_user_project-gf180mcu/openlane/user_proj_example/runs/22_12_11_04_36/logs/synthesis/1-synthesis.log)...
[INFO]: Running Single-Corner Static Timing Analysis (log: ../home/passant/caravel_user_project-gf180mcu/openlane/user_proj_example/runs/22_12_11_04_36/logs/synthesis/2-sta.log)...
[INFO]: Running Initial Floorplanning (log: ../home/passant/caravel_user_project-gf180mcu/openlane/user_proj_example/runs/22_12_11_04_36/logs/floorplan/3-initial_fp.log)...
[INFO]: Floorplanned with width 886.48 and height 568.4.
[INFO]: Running IO Placement (log: ../home/passant/caravel_user_project-gf180mcu/openlane/user_proj_example/runs/22_12_11_04_36/logs/floorplan/4-place_io.log)...
[INFO]: Running Tap/Decap Insertion (log: ../home/passant/caravel_user_project-gf180mcu/openlane/user_proj_example/runs/22_12_11_04_36/logs/floorplan/5-tap.log)...
[INFO]: Power planning with power {vdd} and ground {vss}...
[INFO]: Generating PDN (log: ../home/passant/caravel_user_project-gf180mcu/openlane/user_proj_example/runs/22_12_11_04_36/logs/floorplan/6-pdn.log)...
[INFO]: Running Global Placement (log: ../home/passant/caravel_user_project-gf180mcu/openlane/user_proj_example/runs/22_12_11_04_36/logs/placement/7-global.log)...
[INFO]: Skipping Placement Resizer Design Optimizations.
[INFO]: Running Detailed Placement (log: ../home/passant/caravel_user_project-gf180mcu/openlane/user_proj_example/runs/22_12_11_04_36/logs/placement/8-detailed.log)...
[INFO]: Skipping Placement Resizer Timing Optimizations.
[INFO]: Skipping Global Routing Resizer Timing Optimizations.
[INFO]: Running Diode Insertion (log: ../home/passant/caravel_user_project-gf180mcu/openlane/user_proj_example/runs/22_12_11_04_36/logs/routing/9-diodes.log)...
[INFO]: Running Detailed Placement (log: ../home/passant/caravel_user_project-gf180mcu/openlane/user_proj_example/runs/22_12_11_04_36/logs/routing/10-diode_legalization.log)...
[INFO]: Running Fill Insertion (log: ../home/passant/caravel_user_project-gf180mcu/openlane/user_proj_example/runs/22_12_11_04_36/logs/routing/11-fill.log)...
[INFO]: Running Global Routing (log: ../home/passant/caravel_user_project-gf180mcu/openlane/user_proj_example/runs/22_12_11_04_36/logs/routing/12-global.log)...
[INFO]: Writing Verilog (log: ../home/passant/caravel_user_project-gf180mcu/openlane/user_proj_example/runs/22_12_11_04_36/logs/routing/12-global_write_netlist.log)...
[INFO]: Running Detailed Routing (log: ../home/passant/caravel_user_project-gf180mcu/openlane/user_proj_example/runs/22_12_11_04_36/logs/routing/14-detailed.log)...
[INFO]: No DRC violations after detailed routing.
[INFO]: Checking Wire Lengths (log: ../home/passant/caravel_user_project-gf180mcu/openlane/user_proj_example/runs/22_12_11_04_36/logs/routing/15-wire_lengths.log)...
[INFO]: Running SPEF Extraction at the min process corner (log: ../home/passant/caravel_user_project-gf180mcu/openlane/user_proj_example/runs/22_12_11_04_36/logs/signoff/16-parasitics_extraction.min.log)...
[INFO]: Running Multi-Corner Static Timing Analysis at the min process corner (log: ../home/passant/caravel_user_project-gf180mcu/openlane/user_proj_example/runs/22_12_11_04_36/logs/signoff/17-rcx_mcsta.min.log)...
[INFO]: Running SPEF Extraction at the max process corner (log: ../home/passant/caravel_user_project-gf180mcu/openlane/user_proj_example/runs/22_12_11_04_36/logs/signoff/18-parasitics_extraction.max.log)...
[INFO]: Running Multi-Corner Static Timing Analysis at the max process corner (log: ../home/passant/caravel_user_project-gf180mcu/openlane/user_proj_example/runs/22_12_11_04_36/logs/signoff/19-rcx_mcsta.max.log)...
[INFO]: Running SPEF Extraction at the nom process corner (log: ../home/passant/caravel_user_project-gf180mcu/openlane/user_proj_example/runs/22_12_11_04_36/logs/signoff/20-parasitics_extraction.nom.log)...
[INFO]: Running Multi-Corner Static Timing Analysis at the nom process corner (log: ../home/passant/caravel_user_project-gf180mcu/openlane/user_proj_example/runs/22_12_11_04_36/logs/signoff/21-rcx_mcsta.nom.log)...
[INFO]: Running Single-Corner Static Timing Analysis at the nom process corner (log: ../home/passant/caravel_user_project-gf180mcu/openlane/user_proj_example/runs/22_12_11_04_36/logs/signoff/22-rcx_sta.log)...
[INFO]: Creating IR Drop Report (log: ../home/passant/caravel_user_project-gf180mcu/openlane/user_proj_example/runs/22_12_11_04_36/logs/signoff/23-irdrop.log)...
[INFO]: Running Magic to generate various views...
[INFO]: Streaming out GDSII with Magic (log: ../home/passant/caravel_user_project-gf180mcu/openlane/user_proj_example/runs/22_12_11_04_36/logs/signoff/24-gdsii.log)...
[INFO]: Generating MAGLEF views...
[INFO]: Running Magic Spice Export from LEF (log: ../home/passant/caravel_user_project-gf180mcu/openlane/user_proj_example/runs/22_12_11_04_36/logs/signoff/25-spice.log)...
[INFO]: Writing Powered Verilog (logs: ../home/passant/caravel_user_project-gf180mcu/openlane/user_proj_example/runs/22_12_11_04_36/logs/signoff/26-write_powered_def.log, ../home/passant/caravel_user_project-gf180mcu/openlane/user_proj_example/runs/22_12_11_04_36/logs/signoff/26-write_powered_verilog.log)...
[INFO]: Writing Verilog (log: ../home/passant/caravel_user_project-gf180mcu/openlane/user_proj_example/runs/22_12_11_04_36/logs/signoff/26-write_powered_verilog.log)...
[INFO]: Running LVS (log: ../home/passant/caravel_user_project-gf180mcu/openlane/user_proj_example/runs/22_12_11_04_36/logs/signoff/28-lvs.lef.log)...
[INFO]: Running Magic DRC (log: ../home/passant/caravel_user_project-gf180mcu/openlane/user_proj_example/runs/22_12_11_04_36/logs/signoff/29-drc.log)...
[INFO]: Converting Magic DRC database to various tool-readable formats...
[INFO]: No DRC violations after GDS streaming out.
[INFO]: Running OpenROAD Antenna Rule Checker (log: ../home/passant/caravel_user_project-gf180mcu/openlane/user_proj_example/runs/22_12_11_04_36/logs/signoff/30-antenna.log)...
[WARNING]: This PDK does not support the Circuit Validity Checker, skipping...
[INFO]: Saving current set of views in '../home/passant/caravel_user_project-gf180mcu/openlane/user_proj_example/runs/22_12_11_04_36/results/final'...
[INFO]: Saving current set of views in '../home/passant/caravel_user_project-gf180mcu'...
[INFO]: Saving runtime environment...
[INFO]: Generating final set of reports...
[INFO]: Created manufacturability report at '../home/passant/caravel_user_project-gf180mcu/openlane/user_proj_example/runs/22_12_11_04_36/reports/manufacturability.rpt'.
[INFO]: Created metrics report at '../home/passant/caravel_user_project-gf180mcu/openlane/user_proj_example/runs/22_12_11_04_36/reports/metrics.csv'.
[WARNING]: There are max slew violations in the design at the typical corner. Please refer to '../home/passant/caravel_user_project-gf180mcu/openlane/user_proj_example/runs/22_12_11_04_36/reports/signoff/22-rcx_sta.slew.rpt'.
[WARNING]: There are max fanout violations in the design at the typical corner. Please refer to '../home/passant/caravel_user_project-gf180mcu/openlane/user_proj_example/runs/22_12_11_04_36/reports/signoff/22-rcx_sta.slew.rpt'.
[WARNING]: There are max capacitance violations in the design at the typical corner. Please refer to '../home/passant/caravel_user_project-gf180mcu/openlane/user_proj_example/runs/22_12_11_04_36/reports/signoff/22-rcx_sta.slew.rpt'.
[INFO]: There are no hold violations in the design at the typical corner.
[INFO]: There are no setup violations in the design at the typical corner.
[SUCCESS]: Flow complete.
[INFO]: Note that the following warnings have been generated:
