****************************************
Report : global_timing
	-format { narrow }
	-separate_all_groups
Design : user_project_wrapper
Version: T-2022.03-SP3
Date   : Sun Dec 11 06:23:08 2022
****************************************

Setup violations for paths in user_clock2
---------------------------------------------------------
         Total  reg->reg   in->reg  reg->out   in->out
---------------------------------------------------------
WNS   -11.3119    0.0000    0.0000  -11.3119    0.0000
TNS  -699.8823    0.0000    0.0000 -699.8823    0.0000
NUM        176         0         0       176         0
---------------------------------------------------------


Hold violations for paths in clk
---------------------------------------------------------
         Total  reg->reg   in->reg  reg->out   in->out
---------------------------------------------------------
WNS    -3.2973    0.0000   -3.2973    0.0000    0.0000
TNS  -221.7247    0.0000 -221.7247    0.0000    0.0000
NUM        215         0       215         0         0
---------------------------------------------------------

1
