****************************************
Report : global_timing
	-format { narrow }
	-separate_all_groups
Design : user_project_wrapper
Version: T-2022.03-SP3
Date   : Sun Dec 11 06:23:22 2022
****************************************

Setup violations for paths in user_clock2
---------------------------------------------------------
         Total  reg->reg   in->reg  reg->out   in->out
---------------------------------------------------------
WNS   -13.4671    0.0000    0.0000  -13.4671    0.0000
TNS  -865.8269    0.0000    0.0000 -865.8269    0.0000
NUM        176         0         0       176         0
---------------------------------------------------------


Hold violations for paths in clk
---------------------------------------------------------
         Total  reg->reg   in->reg  reg->out   in->out
---------------------------------------------------------
WNS    -4.3191    0.0000   -4.3191    0.0000    0.0000
TNS  -340.6933    0.0000 -340.6933    0.0000    0.0000
NUM        202         0       202         0         0
---------------------------------------------------------

1
