****************************************
Report : global_timing
	-format { narrow }
	-separate_all_groups
Design : user_project_wrapper
Version: T-2022.03-SP3
Date   : Sun Dec 11 11:32:09 2022
****************************************

Setup violations for paths in user_clock2
---------------------------------------------------------
         Total  reg->reg   in->reg  reg->out   in->out
---------------------------------------------------------
WNS    -9.5155    0.0000    0.0000   -9.5155    0.0000
TNS  -432.4521    0.0000    0.0000 -432.4521    0.0000
NUM        174         0         0       174         0
---------------------------------------------------------


Hold violations for paths in clk
---------------------------------------------------------
         Total  reg->reg   in->reg  reg->out   in->out
---------------------------------------------------------
WNS    -2.1647    0.0000   -2.1647    0.0000    0.0000
TNS  -184.1439    0.0000 -184.1439    0.0000    0.0000
NUM        200         0       200         0         0
---------------------------------------------------------

1
