Information: Setting timing_save_pin_arrival_and_slack to TRUE and updating timing. (PTE-076)
Information: It is recommended that the variable timing_save_pin_arrival_and_slack be set before the initial timing update for optimal performance of this command. (PTE-077)
****************************************
Report : si_bottleneck
	-cost_type delta_delay
	-slack_lesser_than 10
	-all_nets
	-significant_digits 4
	-nosplit
	-minimum_active_aggressors 1
	-min
	-max
Design : user_project_wrapper
Version: T-2022.03-SP3
Date   : Sun Dec 11 06:23:09 2022
****************************************

 Bottleneck Cost:  delta_delay
 net                                                         cost
 ---------------------------------------------------------------------
 la_data_out[13]                                               6.0175
 la_data_out[17]                                               5.8839
 la_data_out[15]                                               5.7707
 la_data_out[16]                                               5.7473
 la_data_in[12]                                                5.2540
 io_oeb[1]                                                     4.4327
 la_data_in[0]                                                 3.7494
 wbs_dat_i[7]                                                  3.3247
 la_data_out[14]                                               3.1051
 la_oenb[7]                                                    2.9788
 la_data_in[22]                                                2.9256
 la_oenb[4]                                                    2.9106
 la_oenb[20]                                                   2.8688
 io_out[26]                                                    2.7957
 io_out[25]                                                    2.7646
 io_in[10]                                                     2.7147
 la_data_out[19]                                               2.6743
 la_data_in[8]                                                 2.6645
 la_oenb[11]                                                   2.6402
 la_oenb[0]                                                    2.6360
 la_data_out[24]                                               2.5972
 la_data_in[26]                                                2.5564
 la_oenb[21]                                                   2.4844
 io_out[0]                                                     2.4646
 la_data_in[21]                                                2.4383
 la_oenb[37]                                                   2.4167
 la_oenb[25]                                                   2.4135
 la_oenb[22]                                                   2.4072
 la_data_out[18]                                               2.3837
 la_data_out[20]                                               2.3795
 la_oenb[36]                                                   2.3785
 la_data_out[23]                                               2.3067
 io_in[24]                                                     2.2980
 la_data_out[36]                                               2.2792
 la_data_out[25]                                               2.2650
 la_data_out[27]                                               2.2535
 io_oeb[15]                                                    2.2236
 la_oenb[41]                                                   2.1758
 io_in[30]                                                     2.1210
 la_oenb[23]                                                   2.0778
 la_oenb[26]                                                   2.0692
 la_oenb[13]                                                   2.0630
 wbs_dat_o[30]                                                 2.0278
 la_data_in[13]                                                2.0235
 la_oenb[35]                                                   2.0115
 la_data_in[3]                                                 1.9760
 la_data_in[15]                                                1.9698
 la_data_in[16]                                                1.9607
 io_in[22]                                                     1.9293
 io_in[15]                                                     1.9225
 wbs_dat_o[8]                                                  1.9208
 la_data_in[17]                                                1.9178
 la_data_in[24]                                                1.8668
 la_oenb[12]                                                   1.8623
 wbs_dat_o[6]                                                  1.8574
 la_oenb[19]                                                   1.8532
 la_oenb[16]                                                   1.8278
 la_oenb[15]                                                   1.8226
 la_data_in[23]                                                1.7961
 la_data_in[25]                                                1.7881
 la_data_in[27]                                                1.7808
 la_oenb[14]                                                   1.7780
 io_oeb[37]                                                    1.6613
 wbs_dat_i[31]                                                 1.6602
 io_in[9]                                                      1.6460
 wbs_adr_i[13]                                                 1.6438
 wbs_adr_i[10]                                                 1.6400
 la_data_in[60]                                                1.6107
 wbs_adr_i[1]                                                  1.5805
 io_in[28]                                                     1.5460
 wbs_adr_i[16]                                                 1.5286
 la_data_in[10]                                                1.4406
 wbs_adr_i[15]                                                 1.4384
 la_data_out[4]                                                1.4000
 wbs_adr_i[14]                                                 1.3933
 la_data_in[54]                                                1.3825
 io_oeb[28]                                                    1.3510
 la_data_in[51]                                                1.3410
 wbs_adr_i[12]                                                 1.3359
 la_oenb[18]                                                   1.2922
 la_data_out[6]                                                1.2901
 io_out[27]                                                    1.2880
 la_data_in[55]                                                1.2714
 la_data_in[57]                                                1.2488
 la_data_in[52]                                                1.2447
 io_out[23]                                                    1.2397
 wbs_adr_i[18]                                                 1.1910
 la_data_in[50]                                                1.1582
 wbs_adr_i[20]                                                 1.1421
 la_data_out[3]                                                1.1381
 wbs_dat_i[13]                                                 1.1245
 wbs_dat_i[6]                                                  1.1190
 wbs_dat_i[20]                                                 1.1142
 wbs_adr_i[2]                                                  1.1130
 io_in[21]                                                     1.1105
 io_out[33]                                                    1.0951
 wbs_adr_i[17]                                                 1.0789
 wbs_dat_i[17]                                                 1.0709
 io_out[28]                                                    1.0615
 wbs_adr_i[6]                                                  1.0368
 la_data_out[50]                                               1.0363
 wbs_adr_i[9]                                                  1.0346
 la_data_in[49]                                                1.0009
 io_in[33]                                                     0.9869
 la_data_out[2]                                                0.9845
 wbs_dat_i[16]                                                 0.9659
 io_oeb[9]                                                     0.9658
 io_in[0]                                                      0.9596
 la_data_in[48]                                                0.9532
 wbs_adr_i[5]                                                  0.9423
 la_data_out[51]                                               0.9377
 la_data_out[57]                                               0.9376
 io_in[13]                                                     0.9198
 wbs_dat_i[9]                                                  0.9198
 la_data_in[46]                                                0.9180
 la_data_out[63]                                               0.9142
 la_oenb[63]                                                   0.9083
 io_out[29]                                                    0.9079
 la_data_in[47]                                                0.9056
 wbs_adr_i[4]                                                  0.9037
 wbs_dat_i[11]                                                 0.9015
 wbs_dat_o[2]                                                  0.8992
 wbs_dat_i[30]                                                 0.8876
 wbs_dat_i[28]                                                 0.8824
 wbs_dat_o[19]                                                 0.8794
 la_data_in[39]                                                0.8780
 la_data_in[53]                                                0.8567
 wbs_dat_i[15]                                                 0.8522
 la_data_in[45]                                                0.8466
 la_oenb[10]                                                   0.8424
 wbs_dat_i[3]                                                  0.8234
 wbs_adr_i[31]                                                 0.8194
 la_data_in[44]                                                0.8144
 la_oenb[6]                                                    0.8086
 la_data_out[49]                                               0.8053
 la_data_in[34]                                                0.8044
 wbs_sel_i[3]                                                  0.8027
 wbs_adr_i[30]                                                 0.7970
 wbs_dat_i[14]                                                 0.7791
 la_data_in[42]                                                0.7787
 wbs_dat_i[12]                                                 0.7760
 io_in[5]                                                      0.7759
 la_data_out[9]                                                0.7742
 la_data_in[59]                                                0.7741
 io_in[32]                                                     0.7672
 wbs_dat_i[2]                                                  0.7608
 wbs_dat_o[27]                                                 0.7547
 la_data_out[61]                                               0.7494
 la_oenb[1]                                                    0.7398
 la_oenb[3]                                                    0.7380
 wbs_dat_o[16]                                                 0.7303
 wbs_dat_o[1]                                                  0.7237
 io_oeb[4]                                                     0.7219
 la_oenb[39]                                                   0.7207
 wbs_adr_i[8]                                                  0.7124
 la_data_in[19]                                                0.7112
 la_data_out[54]                                               0.7079
 io_in[23]                                                     0.6986
 la_data_out[62]                                               0.6985
 io_in[14]                                                     0.6942
 la_data_out[11]                                               0.6901
 io_out[37]                                                    0.6817
 la_data_in[58]                                                0.6757
 wbs_dat_i[1]                                                  0.6664
 wbs_adr_i[27]                                                 0.6631
 wbs_dat_i[25]                                                 0.6611
 io_in[27]                                                     0.6585
 wbs_adr_i[21]                                                 0.6569
 la_oenb[43]                                                   0.6556
 la_oenb[59]                                                   0.6532
 la_oenb[61]                                                   0.6511
 wbs_dat_i[4]                                                  0.6504
 wbs_adr_i[19]                                                 0.6487
 wbs_adr_i[23]                                                 0.6439
 wbs_adr_i[0]                                                  0.6347
 la_oenb[45]                                                   0.6270
 wbs_dat_i[23]                                                 0.6218
 wbs_ack_o                                                     0.6209
 io_oeb[3]                                                     0.6207
 wbs_adr_i[22]                                                 0.6168
 la_oenb[49]                                                   0.6136
 user_irq[0]                                                   0.6130
 io_out[3]                                                     0.6129
 la_data_out[46]                                               0.6080
 io_oeb[31]                                                    0.5942
 la_data_out[52]                                               0.5898
 la_oenb[55]                                                   0.5848
 wbs_dat_i[24]                                                 0.5817
 la_data_out[60]                                               0.5765
 wbs_dat_i[27]                                                 0.5728
 la_oenb[5]                                                    0.5727
 io_oeb[5]                                                     0.5714
 la_data_out[45]                                               0.5705
 la_data_in[62]                                                0.5700
 la_data_in[20]                                                0.5679
 la_oenb[38]                                                   0.5678
 io_oeb[27]                                                    0.5629
 la_data_in[11]                                                0.5415
 io_oeb[8]                                                     0.5393
 io_in[29]                                                     0.5340
 la_data_out[39]                                               0.5338
 la_oenb[54]                                                   0.5331
 wbs_dat_o[11]                                                 0.5319
 wbs_sel_i[2]                                                  0.5266
 wbs_adr_i[26]                                                 0.5255
 wbs_adr_i[3]                                                  0.5177
 la_data_out[8]                                                0.5031
 wbs_dat_i[0]                                                  0.5010
 la_data_out[40]                                               0.4994
 la_data_out[33]                                               0.4966
 io_out[11]                                                    0.4964
 la_data_out[53]                                               0.4906
 la_oenb[62]                                                   0.4882
 wbs_stb_i                                                     0.4873
 la_data_in[5]                                                 0.4806
 la_data_in[56]                                                0.4789
 la_data_out[47]                                               0.4729
 wbs_adr_i[29]                                                 0.4705
 wbs_dat_o[23]                                                 0.4699
 wbs_dat_i[10]                                                 0.4681
 io_in[11]                                                     0.4664
 la_oenb[34]                                                   0.4659
 la_data_in[29]                                                0.4629
 wbs_adr_i[25]                                                 0.4621
 wbs_dat_o[29]                                                 0.4598
 la_data_in[33]                                                0.4574
 wbs_adr_i[24]                                                 0.4551
 io_in[16]                                                     0.4542
 la_data_in[1]                                                 0.4537
 la_data_out[44]                                               0.4524
 la_oenb[30]                                                   0.4504
 io_out[9]                                                     0.4497
 io_out[35]                                                    0.4489
 la_data_in[14]                                                0.4481
 wbs_adr_i[7]                                                  0.4426
 io_oeb[10]                                                    0.4416
 la_oenb[8]                                                    0.4403
 io_out[8]                                                     0.4350
 la_data_out[12]                                               0.4340
 la_data_in[41]                                                0.4267
 la_data_in[6]                                                 0.4255
 la_data_in[38]                                                0.4229
 io_oeb[0]                                                     0.4205
 la_data_in[2]                                                 0.4104
 wbs_dat_i[8]                                                  0.4061
 la_data_out[0]                                                0.3997
 wbs_adr_i[28]                                                 0.3961
 la_data_out[32]                                               0.3924
 io_in[17]                                                     0.3856
 la_oenb[9]                                                    0.3827
 la_data_out[41]                                               0.3766
 io_out[36]                                                    0.3718
 la_data_in[35]                                                0.3716
 la_data_out[43]                                               0.3625
 la_data_in[43]                                                0.3599
 user_irq[1]                                                   0.3489
 la_data_out[1]                                                0.3486
 la_data_out[31]                                               0.3461
 la_data_out[56]                                               0.3438
 la_data_in[36]                                                0.3423
 la_data_out[58]                                               0.3412
 la_oenb[2]                                                    0.3401
 la_data_out[7]                                                0.3379
 io_oeb[14]                                                    0.3374
 la_data_out[28]                                               0.3372
 la_data_in[37]                                                0.3366
 la_data_in[30]                                                0.3326
 la_data_out[10]                                               0.3171
 la_data_out[59]                                               0.3037
 la_data_in[40]                                                0.3024
 io_out[30]                                                    0.3002
 wbs_dat_o[28]                                                 0.2985
 wbs_dat_o[17]                                                 0.2973
 la_data_out[22]                                               0.2940
 wbs_dat_o[18]                                                 0.2916
 io_oeb[33]                                                    0.2901
 la_data_out[21]                                               0.2891
 la_data_out[42]                                               0.2873
 wbs_adr_i[11]                                                 0.2820
 io_out[22]                                                    0.2806
 la_data_out[5]                                                0.2801
 wbs_dat_o[10]                                                 0.2773
 la_data_out[55]                                               0.2720
 wbs_dat_o[20]                                                 0.2688
 la_data_out[38]                                               0.2654
 io_oeb[23]                                                    0.2628
 la_data_in[32]                                                0.2587
 wbs_dat_o[24]                                                 0.2574
 la_data_out[37]                                               0.2556
 wbs_we_i                                                      0.2440
 la_data_out[35]                                               0.2419
 io_oeb[12]                                                    0.2382
 la_data_in[4]                                                 0.2361
 la_data_in[31]                                                0.2325
 la_oenb[27]                                                   0.2256
 la_oenb[24]                                                   0.2178
 wbs_dat_i[26]                                                 0.2095
 la_data_in[61]                                                0.2043
 wbs_dat_o[26]                                                 0.1945
 wbs_dat_i[22]                                                 0.1907
 la_data_out[30]                                               0.1839
 la_oenb[28]                                                   0.1825
 la_data_out[26]                                               0.1801
 wbs_dat_o[4]                                                  0.1790
 io_oeb[36]                                                    0.1776
 wbs_dat_o[14]                                                 0.1769
 la_data_in[28]                                                0.1765
 wbs_dat_o[15]                                                 0.1761
 la_oenb[52]                                                   0.1759
 wbs_dat_o[25]                                                 0.1758
 la_oenb[40]                                                   0.1645
 io_out[21]                                                    0.1638
 wbs_cyc_i                                                     0.1621
 io_in[12]                                                     0.1618
 io_in[1]                                                      0.1596
 wbs_dat_o[21]                                                 0.1591
 la_oenb[44]                                                   0.1585
 io_oeb[26]                                                    0.1564
 la_oenb[33]                                                   0.1560
 wbs_dat_i[21]                                                 0.1519
 wbs_dat_o[12]                                                 0.1508
 io_oeb[11]                                                    0.1472
 la_data_out[34]                                               0.1456
 la_oenb[46]                                                   0.1409
 wbs_dat_i[19]                                                 0.1406
 io_in[18]                                                     0.1373
 io_in[8]                                                      0.1370
 la_oenb[51]                                                   0.1342
 wbs_dat_i[18]                                                 0.1332
 wbs_dat_o[22]                                                 0.1313
 wbs_dat_i[5]                                                  0.1302
 la_oenb[31]                                                   0.1227
 io_oeb[32]                                                    0.1221
 mprj/o_q_dly[121]                                             0.1200
 mprj/o_q[173]                                                 0.1157
 la_oenb[47]                                                   0.1132
 la_data_in[63]                                                0.1128
 wbs_sel_i[0]                                                  0.1120
 wbs_dat_o[5]                                                  0.1107
 io_oeb[34]                                                    0.1078
 user_irq[2]                                                   0.1075
 wbs_dat_o[13]                                                 0.1045
 la_oenb[53]                                                   0.1013
 mprj/o_q_dly[57]                                              0.0951
 la_data_out[29]                                               0.0935
 mprj/o_q[91]                                                  0.0934
 io_oeb[17]                                                    0.0892
 la_oenb[32]                                                   0.0862
 mprj/o_q[135]                                                 0.0849
 io_oeb[16]                                                    0.0816
 wbs_dat_o[0]                                                  0.0792
 la_data_in[7]                                                 0.0766
 wbs_dat_i[29]                                                 0.0765
 mprj/o_q_dly[104]                                             0.0764
 io_oeb[30]                                                    0.0754
 mprj/o_q_dly[88]                                              0.0752
 mprj/o_q_dly[91]                                              0.0741
 io_oeb[19]                                                    0.0725
 mprj/o_q_dly[92]                                              0.0704
 mprj/o_q_dly[142]                                             0.0702
 la_oenb[50]                                                   0.0700
 mprj/o_q_dly[15]                                              0.0689
 io_out[19]                                                    0.0675
 la_data_in[9]                                                 0.0654
 mprj/o_q[84]                                                  0.0644
 wbs_dat_o[9]                                                  0.0633
 wbs_dat_o[7]                                                  0.0631
 io_in[6]                                                      0.0626
 mprj/buf_i[188]                                               0.0579
 mprj/o_q_dly[71]                                              0.0575
 mprj/o_q_dly[162]                                             0.0564
 la_oenb[56]                                                   0.0529
 la_data_out[48]                                               0.0524
 io_oeb[22]                                                    0.0505
 io_out[18]                                                    0.0503
 mprj/o_q_dly[95]                                              0.0480
 mprj/buf_i[171]                                               0.0479
 mprj/buf_i[126]                                               0.0475
 mprj/o_q_dly[8]                                               0.0445
 la_oenb[42]                                                   0.0430
 mprj/o_q[57]                                                  0.0430
 mprj/buf_i[154]                                               0.0429
 mprj/o_q_dly[6]                                               0.0424
 mprj/o_q_dly[53]                                              0.0413
 mprj/o_q_dly[133]                                             0.0407
 la_oenb[29]                                                   0.0402
 mprj/o_q_dly[79]                                              0.0402
 mprj/o_q_dly[130]                                             0.0400
 io_oeb[18]                                                    0.0400
 mprj/buf_i[120]                                               0.0396
 mprj/o_q_dly[129]                                             0.0393
 mprj/o_q[55]                                                  0.0389
 mprj/buf_i[183]                                               0.0381
 mprj/buf_i[156]                                               0.0377
 mprj/o_q_dly[169]                                             0.0376
 io_in[25]                                                     0.0364
 mprj/buf_i[158]                                               0.0364
 io_oeb[24]                                                    0.0360
 mprj/o_q_dly[123]                                             0.0360
 mprj/o_q_dly[10]                                              0.0359
 mprj/o_q_dly[128]                                             0.0359
 mprj/o_q_dly[3]                                               0.0358
 mprj/o_q_dly[124]                                             0.0351
 mprj/o_q[86]                                                  0.0351
 mprj/o_q[102]                                                 0.0347
 mprj/buf_i[92]                                                0.0340
 mprj/o_q_dly[89]                                              0.0339
 mprj/o_q[29]                                                  0.0337
 mprj/o_q[101]                                                 0.0336
 mprj/o_q_dly[54]                                              0.0336
 mprj/o_q_dly[17]                                              0.0335
 mprj/o_q_dly[52]                                              0.0321
 mprj/o_q_dly[158]                                             0.0321
 io_out[24]                                                    0.0320
 mprj/o_q_dly[84]                                              0.0314
 mprj/buf_i[109]                                               0.0308
 mprj/buf_i[114]                                               0.0305
 mprj/o_q_dly[16]                                              0.0304
 mprj/buf_i[175]                                               0.0303
 mprj/buf_i[9]                                                 0.0301
 mprj/o_q_dly[77]                                              0.0298
 mprj/o_q_dly[135]                                             0.0293
 mprj/o_q_dly[65]                                              0.0292
 mprj/buf_i[34]                                                0.0288
 mprj/buf_i[185]                                               0.0283
 mprj/buf_i[48]                                                0.0282
 mprj/o_q_dly[1]                                               0.0282
 mprj/buf_i[187]                                               0.0278
 mprj/o_q_dly[69]                                              0.0277
 mprj/o_q_dly[81]                                              0.0272
 mprj/buf_i[216]                                               0.0266
 mprj/buf_i[110]                                               0.0265
 mprj/o_q_dly[122]                                             0.0264
 mprj/o_q[19]                                                  0.0264
 mprj/o_q_dly[85]                                              0.0262
 mprj/buf_i[160]                                               0.0259
 mprj/o_q[7]                                                   0.0254
 mprj/o_q_dly[170]                                             0.0254
 mprj/o_q[16]                                                  0.0252
 mprj/buf_i[182]                                               0.0251
 mprj/buf_i[123]                                               0.0249
 mprj/buf_i[190]                                               0.0248
 mprj/buf_i[152]                                               0.0244
 mprj/buf_i[35]                                                0.0244
 mprj/o_q[129]                                                 0.0238
 mprj/o_q[5]                                                   0.0236
 mprj/buf_i[224]                                               0.0235
 mprj/buf_i[102]                                               0.0232
 mprj/o_q_dly[120]                                             0.0230
 mprj/o_q[52]                                                  0.0230
 mprj/o_q_dly[157]                                             0.0228
 mprj/buf_i[38]                                                0.0228
 mprj/o_q[56]                                                  0.0227
 mprj/buf_i[32]                                                0.0226
 mprj/o_q_dly[131]                                             0.0226
 mprj/buf_i[184]                                               0.0224
 mprj/buf_i[111]                                               0.0223
 mprj/buf_i[235]                                               0.0218
 mprj/o_q_dly[66]                                              0.0217
 mprj/buf_i[89]                                                0.0215
 mprj/buf_i[41]                                                0.0214
 mprj/o_q_dly[67]                                              0.0211
 mprj/buf_i[118]                                               0.0210
 mprj/o_q[134]                                                 0.0207
 mprj/o_q[169]                                                 0.0205
 mprj/o_q_dly[78]                                              0.0201
 mprj/buf_i[16]                                                0.0199
 mprj/o_q[21]                                                  0.0198
 mprj/o_q[168]                                                 0.0197
 mprj/o_q[54]                                                  0.0196
 mprj/buf_i[179]                                               0.0196
 mprj/buf_i[79]                                                0.0195
 mprj/buf_i[0]                                                 0.0194
 mprj/buf_i[33]                                                0.0191
 mprj/o_q_dly[146]                                             0.0191
 mprj/buf_i[113]                                               0.0191
 mprj/buf_i[223]                                               0.0190
 mprj/buf_i[108]                                               0.0189
 mprj/o_q[22]                                                  0.0182
 mprj/o_q[132]                                                 0.0181
 mprj/buf_i[93]                                                0.0180
 mprj/o_q_dly[5]                                               0.0178
 mprj/buf_i[51]                                                0.0169
 mprj/buf_i[178]                                               0.0167
 mprj/buf_i[155]                                               0.0167
 mprj/o_q_dly[94]                                              0.0165
 mprj/buf_i[2]                                                 0.0163
 mprj/buf_i[176]                                               0.0160
 mprj/o_q[94]                                                  0.0152
 mprj/o_q[137]                                                 0.0151
 mprj/o_q_dly[90]                                              0.0146
 mprj/buf_i[230]                                               0.0143
 mprj/buf_i[105]                                               0.0141
 mprj/o_q[20]                                                  0.0138
 mprj/buf_i[90]                                                0.0135
 mprj/buf_i[116]                                               0.0135
 mprj/o_q_dly[60]                                              0.0134
 mprj/buf_i[186]                                               0.0130
 mprj/buf_i[12]                                                0.0127
 mprj/buf_i[157]                                               0.0126
 mprj/o_q[130]                                                 0.0125
 mprj/buf_i[87]                                                0.0124
 mprj/buf_i[99]                                                0.0124
 mprj/o_q[100]                                                 0.0123
 mprj/buf_i[8]                                                 0.0123
 mprj/o_q[4]                                                   0.0121
 mprj/buf_i[153]                                               0.0118
 mprj/o_q[9]                                                   0.0117
 mprj/buf_i[232]                                               0.0117
 mprj/buf_i[177]                                               0.0114
 mprj/buf_i[169]                                               0.0114
 mprj/o_q[23]                                                  0.0113
 mprj/o_q_dly[119]                                             0.0113
 mprj/buf_i[88]                                                0.0112
 mprj/buf_i[14]                                                0.0111
 mprj/o_q_dly[93]                                              0.0109
 mprj/buf_i[15]                                                0.0109
 io_in[19]                                                     0.0106
 mprj/buf_i[191]                                               0.0105
 mprj/buf_i[231]                                               0.0103
 mprj/o_q_dly[2]                                               0.0103
 mprj/o_q[46]                                                  0.0101
 mprj/buf_i[122]                                               0.0099
 mprj/buf_i[197]                                               0.0099
 mprj/o_q[172]                                                 0.0098
 mprj/o_q_dly[160]                                             0.0096
 mprj/buf_i[144]                                               0.0093
 mprj/o_q_dly[164]                                             0.0093
 mprj/buf_i[91]                                                0.0092
 mprj/buf_i[194]                                               0.0091
 mprj/buf_i[189]                                               0.0091
 mprj/buf_i[115]                                               0.0089
 mprj/o_q[30]                                                  0.0087
 mprj/o_q_dly[48]                                              0.0075
 mprj/buf_i[4]                                                 0.0073
 mprj/buf_i[119]                                               0.0073
 mprj/buf_i[159]                                               0.0072
 mprj/o_q[28]                                                  0.0071
 mprj/buf_i[7]                                                 0.0071
 mprj/o_q[92]                                                  0.0071
 mprj/buf_i[112]                                               0.0070
 mprj/buf_i[94]                                                0.0069
 mprj/o_q[47]                                                  0.0065
 mprj/buf_i[125]                                               0.0065
 mprj/o_q[93]                                                  0.0064
 mprj/o_q[95]                                                  0.0061
 mprj/buf_i[5]                                                 0.0059
 mprj/o_q_dly[0]                                               0.0058
 mprj/buf_i[225]                                               0.0055
 mprj/buf_i[45]                                                0.0050
 mprj/o_q[139]                                                 0.0050
 mprj/buf_i[227]                                               0.0049
 mprj/o_q[142]                                                 0.0048
 mprj/buf_i[214]                                               0.0048
 mprj/buf_i[124]                                               0.0047
 mprj/buf_i[234]                                               0.0046
 mprj/buf_i[131]                                               0.0046
 mprj/buf_i[103]                                               0.0042
 mprj/buf_i[47]                                                0.0042
 mprj/buf_i[180]                                               0.0040
 mprj/buf_i[68]                                                0.0040
 mprj/buf_i[165]                                               0.0039
 mprj/buf_i[164]                                               0.0039
 mprj/buf_i[66]                                                0.0039
 mprj/buf_i[39]                                                0.0038
 mprj/buf_i[162]                                               0.0037
 mprj/buf_i[172]                                               0.0036
 mprj/buf_i[166]                                               0.0035
 mprj/buf_i[37]                                                0.0035
 mprj/buf_i[236]                                               0.0034
 mprj/buf_i[168]                                               0.0033
 mprj/buf_i[170]                                               0.0030
 mprj/buf_i[107]                                               0.0029
 mprj/buf_i[101]                                               0.0026
 mprj/buf_i[150]                                               0.0024
 mprj/buf_i[198]                                               0.0024
 mprj/buf_i[96]                                                0.0023
 mprj/buf_i[85]                                                0.0023
 mprj/buf_i[173]                                               0.0023
 mprj/buf_i[106]                                               0.0022
 mprj/buf_i[46]                                                0.0021
 mprj/buf_i[78]                                                0.0020
 mprj/buf_i[151]                                               0.0019
 mprj/buf_i[97]                                                0.0019
 mprj/buf_i[36]                                                0.0016
 mprj/buf_i[130]                                               0.0015
 mprj/buf_i[132]                                               0.0013
 mprj/buf_i[65]                                                0.0013
 mprj/buf_i[127]                                               0.0007
 mprj/o_q_dly[58]                                              0.0000
 mprj/o_q[41]                                                  0.0000
 mprj/o_q[155]                                                 0.0000
 mprj/buf_i[27]                                               -0.0000
 mprj/o_q_dly[18]                                              0.0000
 mprj/o_q[40]                                                  0.0000
 mprj/o_q[99]                                                  0.0000
 mprj/o_q[1]                                                   0.0000
 mprj/o_q[97]                                                  0.0000
 mprj/o_q[0]                                                   0.0000
 mprj/o_q_dly[56]                                              0.0000
 mprj/o_q_dly[149]                                             0.0000
 mprj/o_q_dly[9]                                               0.0000
 mprj/buf_i[64]                                               -0.0000
 mprj/o_q[17]                                                  0.0000
 mprj/o_q_dly[55]                                              0.0000
 mprj/o_q_dly[108]                                             0.0000
 mprj/o_q[111]                                                 0.0000
 mprj/o_q[15]                                                  0.0000
 mprj/o_q_dly[147]                                             0.0000
 mprj/o_q_dly[14]                                              0.0000
 mprj/o_q_dly[107]                                             0.0000
 mprj/o_q_dly[7]                                               0.0000
 mprj/buf_i[62]                                               -0.0000
 mprj/buf_i[22]                                               -0.0000
 mprj/o_q_dly[13]                                              0.0000
 mprj/o_q_dly[106]                                             0.0000
 mprj/o_q[14]                                                  0.0000
 mprj/o_q[128]                                                 0.0000
 mprj/o_q_dly[145]                                             0.0000
 mprj/o_q_dly[12]                                              0.0000
 mprj/o_q_dly[105]                                             0.0000
 mprj/o_q[167]                                                 0.0000
 mprj/o_q_dly[144]                                             0.0000
 mprj/o_q_dly[11]                                              0.0000
 wbs_sel_i[1]                                                 -0.0000
 la_oenb[48]                                                  -0.0000
 io_in[4]                                                     -0.0000
 mprj/o_q_dly[4]                                               0.0000
 mprj/o_q_dly[50]                                              0.0000
 mprj/o_q_dly[143]                                             0.0000
 mprj/o_q_dly[103]                                             0.0000
 mprj/buf_i[163]                                              -0.0000
 mprj/o_q_dly[68]                                              0.0000
 mprj/o_q_dly[141]                                             0.0000
 mprj/o_q_dly[28]                                              0.0000
 mprj/o_q_dly[101]                                             0.0000
 mprj/buf_i[121]                                              -0.0000
 mprj/o_q_dly[159]                                             0.0000
 mprj/o_q_dly[26]                                              0.0000
 mprj/o_q_dly[118]                                             0.0000
 mprj/o_q_dly[64]                                              0.0000
 mprj/o_q_dly[117]                                             0.0000
 la_oenb[57]                                                  -0.0000
 mprj/o_q_dly[63]                                              0.0000
 mprj/o_q_dly[156]                                             0.0000
 mprj/o_q_dly[23]                                              0.0000
 mprj/o_q_dly[62]                                              0.0000
 mprj/o_q_dly[22]                                              0.0000
 wbs_dat_o[3]                                                  0.0000
 mprj/o_q_dly[61]                                              0.0000
 mprj/o_q_dly[21]                                              0.0000
 mprj/buf_i[202]                                              -0.0000
 mprj/o_q_dly[114]                                             0.0000
 mprj/o_q_dly[20]                                              0.0000
 la_oenb[58]                                                  -0.0000
 io_in[26]                                                    -0.0000
 io_in[31]                                                    -0.0000
 mprj/buf_i[201]                                              -0.0000
 mprj/o_q_dly[113]                                             0.0000
 mprj/o_q_dly[152]                                             0.0000
 mprj/o_q_dly[39]                                              0.0000
 mprj/o_q_dly[151]                                             0.0000
 mprj/o_q_dly[111]                                             0.0000
 mprj/buf_i[86]                                               -0.0000
 mprj/o_q_dly[110]                                             0.0000
 mprj/o_q_dly[36]                                              0.0000
 mprj/buf_i[84]                                               -0.0000
 mprj/o_q_dly[168]                                             0.0000
 mprj/o_q_dly[35]                                              0.0000
 mprj/buf_i[83]                                               -0.0000
 mprj/o_q_dly[167]                                             0.0000
 mprj/o_q_dly[34]                                              0.0000
 io_out[4]                                                     0.0000
 io_out[5]                                                     0.0000
 io_out[6]                                                     0.0000
 io_out[7]                                                     0.0000
 io_out[10]                                                    0.0000
 mprj/o_q_dly[127]                                             0.0000
 mprj/o_q_dly[73]                                              0.0000
 mprj/o_q_dly[166]                                             0.0000
 mprj/o_q[127]                                                 0.0000
 io_out[31]                                                    0.0000
 io_out[32]                                                    0.0000
 mprj/o_q[11]                                                  0.0000
 mprj/o_q[126]                                                 0.0000
 io_out[34]                                                    0.0000
 mprj/o_q[50]                                                 -0.0000
 mprj/o_q[10]                                                  0.0000
 mprj/o_q[125]                                                 0.0000
 mprj/o_q[164]                                                 0.0000
 io_oeb[6]                                                     0.0000
 io_oeb[7]                                                     0.0000
 mprj/o_q[68]                                                  0.0000
 mprj/o_q[67]                                                  0.0000
 io_oeb[20]                                                    0.0000
 io_oeb[21]                                                    0.0000
 mprj/o_q[27]                                                  0.0000
 mprj/o_q[121]                                                 0.0000
 mprj/o_q[26]                                                  0.0000
 mprj/o_q[65]                                                  0.0000
 mprj/o_q[120]                                                 0.0000
 mprj/o_q[64]                                                  0.0000
 io_oeb[29]                                                    0.0000
 mprj/o_q[24]                                                  0.0000
 mprj/o_q[63]                                                  0.0000
 mprj/o_q_dly[126]                                             0.0000
 mprj/o_q[138]                                                 0.0000
 mprj/o_q[62]                                                  0.0000
 mprj/buf_i[81]                                               -0.0000
 mprj/o_q_dly[165]                                             0.0000
 mprj/o_q_dly[32]                                              0.0000
 mprj/buf_i[6]                                                -0.0000
 mprj/o_q_dly[125]                                             0.0000
 mprj/buf_i[40]                                               -0.0000
 mprj/o_q_dly[31]                                              0.0000
 mprj/o_q[39]                                                  0.0000
 mprj/o_q[78]                                                  0.0000
 mprj/o_q_dly[163]                                             0.0000
 mprj/o_q[133]                                                 0.0000
 mprj/o_q_dly[30]                                              0.0000
 mprj/o_q[38]                                                  0.0000
 mprj/buf_i[104]                                              -0.0000
 mprj/o_q_dly[49]                                              0.0000
 mprj/buf_i[18]                                               -0.0000
 mprj/o_q[77]                                                  0.0000
 mprj/o_q[35]                                                  0.0000
 mprj/o_q[74]                                                  0.0000
 mprj/o_q_dly[161]                                             0.0000
 mprj/o_q[148]                                                 0.0000
 mprj/buf_i[229]                                              -0.0000
 mprj/o_q[108]                                                 0.0000
 mprj/o_q[72]                                                  0.0000
 mprj/buf_i[181]                                              -0.0000
 mprj/o_q_dly[47]                                              0.0000
 mprj/buf_i[228]                                              -0.0000
 mprj/o_q[147]                                                 0.0000
 mprj/o_q[32]                                                  0.0000
 mprj/o_q[146]                                                 0.0000
 mprj/o_q[31]                                                  0.0000
 mprj/buf_i[95]                                               -0.0000
 mprj/o_q_dly[86]                                              0.0000
 mprj/o_q[70]                                                  0.0000
 mprj/o_q[49]                                                 -0.0000
 mprj/o_q[104]                                                 0.0000
 mprj/buf_i[54]                                               -0.0000
 mprj/o_q_dly[45]                                             -0.0000
 mprj/buf_i[226]                                              -0.0000
 mprj/o_q_dly[138]                                             0.0000
 mprj/o_q[143]                                                 0.0000
 mprj/o_q[87]                                                  0.0000
 mprj/o_q_dly[137]                                             0.0000
 mprj/o_q_dly[83]                                              0.0000
 mprj/o_q_dly[43]                                              0.0000
 mprj/o_q_dly[136]                                             0.0000
 mprj/o_q[85]                                                  0.0000
 mprj/o_q[140]                                                 0.0000
 mprj/o_q[8]                                                   0.0000
 mprj/o_q_dly[82]                                              0.0000
 mprj/o_q_dly[175]                                             0.0000
 mprj/o_q[45]                                                 -0.0000
 mprj/o_q_dly[174]                                             0.0000
 mprj/o_q[159]                                                 0.0000
 mprj/buf_i[50]                                               -0.0000
 mprj/o_q_dly[41]                                              0.0000
 mprj/o_q[44]                                                  0.0000
 mprj/buf_i[222]                                              -0.0000
 mprj/buf_i[10]                                               -0.0000
 mprj/o_q[119]                                                 0.0000
 mprj/o_q[83]                                                  0.0000
 mprj/o_q_dly[80]                                              0.0000
 mprj/o_q[6]                                                   0.0000
 mprj/o_q_dly[40]                                              0.0000
 mprj/o_q[43]                                                  0.0000
 mprj/buf_i[29]                                               -0.0000
 mprj/buf_i[193]                                              -0.0000
 mprj/o_q[118]                                                 0.0000
 mprj/o_q_dly[59]                                              0.0000
 mprj/o_q_dly[132]                                             0.0000
 mprj/o_q_dly[19]                                              0.0000
 mprj/o_q_dly[98]                                              0.0000
 mprj/o_q_dly[171]                                             0.0000
 mprj/o_q[157]                                                 0.0000
 mprj/o_q[42]                                                  0.0000
 mprj/o_q[117]                                                 0.0000
 la_oenb[17]                                                  -0.0000
 la_data_in[18]                                               -0.0000
 io_in[34]                                                    -0.0000

1
