Information: Setting timing_save_pin_arrival_and_slack to TRUE and updating timing. (PTE-076)
Information: It is recommended that the variable timing_save_pin_arrival_and_slack be set before the initial timing update for optimal performance of this command. (PTE-077)
****************************************
Report : si_bottleneck
	-cost_type delta_delay
	-slack_lesser_than 10
	-all_nets
	-significant_digits 4
	-nosplit
	-minimum_active_aggressors 1
	-min
	-max
Design : user_project_wrapper
Version: T-2022.03-SP3
Date   : Sun Dec 11 06:23:35 2022
****************************************

 Bottleneck Cost:  delta_delay
 net                                                         cost
 ---------------------------------------------------------------------
 la_data_out[13]                                               5.3078
 la_data_out[17]                                               5.1964
 la_data_out[15]                                               5.1013
 la_data_out[16]                                               5.0843
 la_data_in[12]                                                4.4029
 io_oeb[1]                                                     3.7898
 la_data_in[0]                                                 3.1169
 wbs_dat_i[7]                                                  2.8114
 la_data_in[22]                                                2.4844
 la_oenb[7]                                                    2.4719
 la_oenb[4]                                                    2.4529
 la_oenb[20]                                                   2.4398
 io_out[26]                                                    2.3926
 la_data_out[14]                                               2.3861
 io_out[25]                                                    2.3796
 la_data_out[19]                                               2.2912
 io_in[10]                                                     2.2701
 la_oenb[11]                                                   2.2497
 la_data_in[8]                                                 2.2241
 la_oenb[0]                                                    2.2192
 la_data_out[24]                                               2.1865
 la_data_in[26]                                                2.1467
 io_out[0]                                                     2.0940
 la_oenb[21]                                                   2.0855
 la_data_out[18]                                               2.0795
 la_data_in[21]                                                2.0517
 la_oenb[25]                                                   2.0285
 la_oenb[22]                                                   2.0187
 la_oenb[37]                                                   2.0107
 la_data_out[20]                                               2.0101
 la_oenb[36]                                                   1.9984
 io_in[24]                                                     1.9794
 la_data_out[23]                                               1.9516
 la_data_out[36]                                               1.9351
 la_data_out[25]                                               1.9195
 la_data_out[27]                                               1.9183
 la_oenb[41]                                                   1.8320
 io_in[30]                                                     1.7685
 io_oeb[15]                                                    1.7615
 la_data_in[13]                                                1.7562
 wbs_dat_o[30]                                                 1.7546
 la_oenb[23]                                                   1.7408
 la_oenb[26]                                                   1.7249
 io_in[22]                                                     1.7202
 la_data_in[15]                                                1.7173
 la_data_in[16]                                                1.7082
 la_oenb[13]                                                   1.6634
 la_data_in[3]                                                 1.6610
 la_oenb[35]                                                   1.6594
 la_data_in[17]                                                1.6514
 io_in[15]                                                     1.6253
 la_oenb[12]                                                   1.6077
 wbs_dat_o[8]                                                  1.6002
 la_oenb[15]                                                   1.5747
 la_oenb[16]                                                   1.5646
 wbs_dat_o[6]                                                  1.5579
 la_oenb[14]                                                   1.5375
 la_oenb[19]                                                   1.4843
 la_data_in[24]                                                1.4701
 la_data_in[25]                                                1.4475
 la_data_in[23]                                                1.4320
 io_in[9]                                                      1.4172
 io_oeb[37]                                                    1.4093
 la_data_in[27]                                                1.3967
 wbs_adr_i[13]                                                 1.3675
 wbs_adr_i[10]                                                 1.3619
 wbs_adr_i[1]                                                  1.3609
 wbs_dat_i[31]                                                 1.3472
 la_data_in[60]                                                1.3146
 wbs_adr_i[16]                                                 1.2885
 io_in[28]                                                     1.2761
 la_data_in[10]                                                1.2727
 wbs_adr_i[15]                                                 1.2277
 wbs_adr_i[14]                                                 1.1855
 la_oenb[18]                                                   1.1854
 io_oeb[28]                                                    1.1674
 la_data_in[54]                                                1.1288
 wbs_adr_i[12]                                                 1.1229
 la_data_in[51]                                                1.1141
 io_out[27]                                                    1.0775
 la_data_in[55]                                                1.0744
 io_out[23]                                                    1.0610
 la_data_in[52]                                                1.0482
 la_data_in[57]                                                1.0436
 wbs_adr_i[18]                                                 1.0188
 wbs_dat_i[6]                                                  0.9787
 wbs_adr_i[20]                                                 0.9684
 la_data_in[50]                                                0.9673
 wbs_dat_i[20]                                                 0.9655
 la_data_out[3]                                                0.9633
 io_out[33]                                                    0.9605
 wbs_dat_i[13]                                                 0.9569
 io_in[21]                                                     0.9399
 wbs_dat_i[17]                                                 0.9271
 wbs_adr_i[2]                                                  0.9212
 wbs_adr_i[17]                                                 0.9069
 la_data_out[4]                                                0.8826
 io_in[33]                                                     0.8643
 io_out[29]                                                    0.8611
 la_data_in[49]                                                0.8597
 wbs_adr_i[6]                                                  0.8557
 wbs_adr_i[9]                                                  0.8519
 la_data_out[63]                                               0.8389
 la_data_in[48]                                                0.8387
 io_in[0]                                                      0.8312
 wbs_dat_i[16]                                                 0.8189
 la_data_out[6]                                                0.8141
 wbs_adr_i[5]                                                  0.8140
 la_data_out[51]                                               0.8070
 la_oenb[63]                                                   0.7883
 wbs_adr_i[4]                                                  0.7866
 la_data_in[47]                                                0.7853
 wbs_dat_i[9]                                                  0.7825
 la_data_in[39]                                                0.7766
 io_in[13]                                                     0.7725
 wbs_dat_i[30]                                                 0.7589
 wbs_dat_o[19]                                                 0.7576
 wbs_dat_o[2]                                                  0.7545
 la_data_out[57]                                               0.7517
 io_out[28]                                                    0.7418
 wbs_dat_i[11]                                                 0.7370
 wbs_dat_i[28]                                                 0.7370
 la_data_out[50]                                               0.7366
 la_data_in[45]                                                0.7331
 la_data_in[46]                                                0.7305
 wbs_dat_i[3]                                                  0.7283
 la_oenb[10]                                                   0.7274
 la_data_in[44]                                                0.7071
 la_data_out[9]                                                0.6979
 wbs_adr_i[31]                                                 0.6976
 wbs_sel_i[3]                                                  0.6930
 wbs_dat_i[15]                                                 0.6929
 la_oenb[6]                                                    0.6882
 wbs_adr_i[30]                                                 0.6863
 la_data_out[49]                                               0.6863
 io_in[32]                                                     0.6841
 la_data_in[53]                                                0.6826
 la_data_in[34]                                                0.6783
 io_oeb[9]                                                     0.6754
 io_in[5]                                                      0.6719
 la_data_in[42]                                                0.6626
 wbs_dat_i[12]                                                 0.6625
 wbs_dat_i[14]                                                 0.6598
 wbs_dat_i[2]                                                  0.6570
 la_data_in[19]                                                0.6558
 io_in[23]                                                     0.6530
 wbs_dat_o[27]                                                 0.6479
 la_data_out[61]                                               0.6349
 la_oenb[1]                                                    0.6305
 la_data_in[59]                                                0.6260
 wbs_dat_o[16]                                                 0.6253
 wbs_dat_o[1]                                                  0.6238
 la_oenb[3]                                                    0.6229
 la_oenb[39]                                                   0.6151
 wbs_adr_i[8]                                                  0.6144
 la_data_out[11]                                               0.6136
 io_oeb[4]                                                     0.6085
 la_data_out[62]                                               0.6054
 la_data_out[54]                                               0.5986
 io_in[14]                                                     0.5970
 la_data_in[58]                                                0.5967
 la_data_out[2]                                                0.5906
 io_oeb[3]                                                     0.5745
 io_out[3]                                                     0.5694
 wbs_adr_i[27]                                                 0.5688
 wbs_dat_i[1]                                                  0.5688
 wbs_dat_i[4]                                                  0.5638
 la_oenb[59]                                                   0.5613
 io_in[27]                                                     0.5573
 wbs_adr_i[21]                                                 0.5561
 wbs_dat_i[25]                                                 0.5508
 wbs_ack_o                                                     0.5468
 wbs_adr_i[23]                                                 0.5447
 wbs_adr_i[0]                                                  0.5433
 la_data_in[20]                                                0.5369
 la_oenb[61]                                                   0.5357
 user_irq[0]                                                   0.5340
 wbs_adr_i[19]                                                 0.5328
 wbs_adr_i[22]                                                 0.5256
 io_out[37]                                                    0.5252
 wbs_dat_i[23]                                                 0.5234
 la_data_out[52]                                               0.5207
 la_oenb[49]                                                   0.5159
 io_oeb[5]                                                     0.5158
 io_oeb[31]                                                    0.5103
 io_oeb[27]                                                    0.5052
 la_data_out[60]                                               0.5021
 la_oenb[45]                                                   0.4970
 la_oenb[38]                                                   0.4962
 la_oenb[43]                                                   0.4938
 la_data_in[11]                                                0.4885
 wbs_dat_i[24]                                                 0.4843
 la_data_in[62]                                                0.4828
 io_oeb[8]                                                     0.4802
 wbs_dat_i[27]                                                 0.4775
 io_in[29]                                                     0.4710
 la_data_out[39]                                               0.4690
 la_oenb[55]                                                   0.4657
 wbs_dat_o[11]                                                 0.4588
 la_data_out[33]                                               0.4559
 wbs_sel_i[2]                                                  0.4522
 wbs_adr_i[26]                                                 0.4482
 wbs_adr_i[3]                                                  0.4432
 io_out[8]                                                     0.4432
 wbs_dat_i[10]                                                 0.4304
 wbs_dat_i[0]                                                  0.4303
 la_data_out[40]                                               0.4277
 wbs_stb_i                                                     0.4267
 la_data_out[47]                                               0.4247
 la_data_in[29]                                                0.4150
 io_in[16]                                                     0.4104
 la_data_out[8]                                                0.4082
 la_data_in[5]                                                 0.4069
 la_oenb[8]                                                    0.4055
 la_oenb[34]                                                   0.4028
 wbs_adr_i[29]                                                 0.4001
 la_data_in[14]                                                0.3988
 io_out[9]                                                     0.3983
 la_oenb[5]                                                    0.3981
 la_data_in[56]                                                0.3970
 la_data_in[1]                                                 0.3946
 io_oeb[10]                                                    0.3938
 la_data_in[33]                                                0.3932
 la_oenb[62]                                                   0.3918
 wbs_adr_i[25]                                                 0.3895
 wbs_dat_o[29]                                                 0.3883
 io_in[11]                                                     0.3875
 wbs_adr_i[7]                                                  0.3868
 wbs_adr_i[24]                                                 0.3848
 io_oeb[0]                                                     0.3730
 la_data_in[6]                                                 0.3682
 la_oenb[9]                                                    0.3655
 la_data_in[38]                                                0.3642
 la_oenb[54]                                                   0.3617
 io_in[17]                                                     0.3607
 la_data_out[32]                                               0.3582
 la_data_in[41]                                                0.3548
 la_oenb[30]                                                   0.3527
 la_data_out[45]                                               0.3475
 la_data_in[2]                                                 0.3455
 wbs_adr_i[28]                                                 0.3408
 wbs_dat_i[8]                                                  0.3385
 la_data_out[46]                                               0.3259
 wbs_dat_o[23]                                                 0.3194
 io_out[36]                                                    0.3172
 io_out[11]                                                    0.3154
 la_data_out[43]                                               0.3151
 la_data_out[7]                                                0.3139
 io_out[35]                                                    0.3103
 la_data_out[12]                                               0.3097
 la_data_in[35]                                                0.3093
 la_data_out[1]                                                0.3064
 la_data_in[43]                                                0.3053
 la_data_out[31]                                               0.3009
 la_data_out[58]                                               0.2919
 io_out[30]                                                    0.2908
 la_data_out[28]                                               0.2900
 la_data_out[10]                                               0.2898
 la_oenb[2]                                                    0.2811
 io_oeb[33]                                                    0.2794
 la_data_out[56]                                               0.2786
 la_data_in[36]                                                0.2765
 la_data_out[59]                                               0.2604
 la_data_in[37]                                                0.2599
 la_data_out[44]                                               0.2578
 wbs_dat_o[28]                                                 0.2541
 la_data_out[42]                                               0.2503
 la_data_out[53]                                               0.2493
 wbs_dat_o[18]                                                 0.2464
 io_out[22]                                                    0.2442
 wbs_adr_i[11]                                                 0.2437
 la_data_out[5]                                                0.2416
 la_data_out[55]                                               0.2347
 wbs_dat_o[20]                                                 0.2347
 la_data_out[38]                                               0.2328
 la_data_out[0]                                                0.2244
 la_data_in[40]                                                0.2244
 la_data_out[37]                                               0.2232
 wbs_we_i                                                      0.2205
 la_data_in[30]                                                0.2201
 la_data_in[32]                                                0.2198
 la_data_out[35]                                               0.2132
 io_oeb[14]                                                    0.2117
 io_oeb[12]                                                    0.2103
 la_data_in[31]                                                0.1981
 la_data_in[4]                                                 0.1977
 la_oenb[27]                                                   0.1929
 la_data_out[41]                                               0.1898
 wbs_dat_o[10]                                                 0.1837
 user_irq[1]                                                   0.1821
 wbs_dat_o[26]                                                 0.1798
 la_oenb[24]                                                   0.1794
 la_data_out[22]                                               0.1728
 la_data_out[21]                                               0.1675
 la_data_out[30]                                               0.1661
 la_data_in[28]                                                0.1659
 la_data_out[26]                                               0.1633
 la_oenb[28]                                                   0.1568
 wbs_dat_o[25]                                                 0.1544
 wbs_dat_o[14]                                                 0.1539
 io_oeb[36]                                                    0.1532
 wbs_dat_o[24]                                                 0.1492
 io_in[1]                                                      0.1478
 wbs_dat_i[26]                                                 0.1473
 la_oenb[52]                                                   0.1441
 io_oeb[23]                                                    0.1430
 wbs_cyc_i                                                     0.1387
 la_oenb[44]                                                   0.1373
 io_out[21]                                                    0.1359
 io_oeb[26]                                                    0.1354
 wbs_dat_o[21]                                                 0.1345
 wbs_dat_o[12]                                                 0.1337
 io_in[12]                                                     0.1333
 la_data_out[34]                                               0.1287
 la_oenb[40]                                                   0.1274
 la_oenb[33]                                                   0.1272
 wbs_dat_o[17]                                                 0.1241
 io_oeb[11]                                                    0.1240
 io_in[8]                                                      0.1239
 wbs_dat_i[22]                                                 0.1202
 la_data_in[61]                                                0.1157
 la_oenb[51]                                                   0.1153
 la_oenb[46]                                                   0.1145
 mprj/o_q_dly[121]                                             0.1115
 wbs_dat_i[21]                                                 0.1109
 io_oeb[32]                                                    0.1093
 wbs_dat_o[15]                                                 0.1081
 wbs_dat_o[4]                                                  0.1068
 wbs_dat_i[19]                                                 0.1054
 wbs_dat_i[18]                                                 0.1024
 la_oenb[31]                                                   0.1005
 mprj/o_q[173]                                                 0.1000
 wbs_dat_o[5]                                                  0.0979
 io_oeb[34]                                                    0.0977
 user_irq[2]                                                   0.0962
 io_in[18]                                                     0.0935
 wbs_sel_i[0]                                                  0.0919
 la_data_out[29]                                               0.0914
 la_data_in[63]                                                0.0906
 wbs_dat_i[5]                                                  0.0897
 la_oenb[47]                                                   0.0860
 mprj/o_q_dly[57]                                              0.0817
 mprj/o_q[91]                                                  0.0812
 la_oenb[53]                                                   0.0785
 wbs_dat_o[22]                                                 0.0768
 io_oeb[17]                                                    0.0756
 la_oenb[32]                                                   0.0737
 mprj/o_q[135]                                                 0.0733
 io_oeb[30]                                                    0.0729
 wbs_dat_o[0]                                                  0.0709
 io_oeb[16]                                                    0.0694
 la_data_in[7]                                                 0.0667
 mprj/o_q_dly[104]                                             0.0654
 mprj/o_q_dly[88]                                              0.0648
 mprj/o_q_dly[91]                                              0.0640
 io_oeb[19]                                                    0.0608
 mprj/o_q[84]                                                  0.0607
 mprj/o_q_dly[15]                                              0.0603
 wbs_dat_o[13]                                                 0.0603
 mprj/o_q_dly[92]                                              0.0599
 mprj/o_q_dly[142]                                             0.0598
 io_out[19]                                                    0.0575
 wbs_dat_i[29]                                                 0.0569
 la_data_in[9]                                                 0.0567
 la_oenb[50]                                                   0.0553
 io_in[6]                                                      0.0513
 mprj/buf_i[188]                                               0.0509
 mprj/o_q_dly[162]                                             0.0457
 la_data_out[48]                                               0.0454
 mprj/buf_i[171]                                               0.0427
 mprj/buf_i[126]                                               0.0426
 la_oenb[56]                                                   0.0419
 mprj/o_q_dly[95]                                              0.0416
 io_out[18]                                                    0.0415
 io_oeb[22]                                                    0.0414
 mprj/o_q_dly[71]                                              0.0412
 mprj/o_q_dly[8]                                               0.0404
 mprj/o_q_dly[124]                                             0.0396
 mprj/o_q[57]                                                  0.0394
 mprj/buf_i[154]                                               0.0384
 mprj/o_q_dly[79]                                              0.0373
 mprj/o_q_dly[6]                                               0.0363
 mprj/buf_i[120]                                               0.0363
 mprj/o_q_dly[53]                                              0.0362
 mprj/o_q_dly[130]                                             0.0360
 mprj/o_q[55]                                                  0.0358
 mprj/buf_i[183]                                               0.0344
 mprj/o_q_dly[129]                                             0.0343
 mprj/o_q_dly[169]                                             0.0342
 mprj/buf_i[156]                                               0.0340
 io_oeb[18]                                                    0.0334
 mprj/buf_i[158]                                               0.0334
 mprj/o_q_dly[128]                                             0.0329
 la_oenb[42]                                                   0.0328
 mprj/o_q[86]                                                  0.0327
 mprj/o_q_dly[123]                                             0.0323
 mprj/o_q_dly[10]                                              0.0323
 mprj/o_q_dly[158]                                             0.0316
 io_oeb[24]                                                    0.0313
 mprj/o_q_dly[3]                                               0.0312
 mprj/o_q_dly[54]                                              0.0310
 mprj/buf_i[92]                                                0.0309
 mprj/o_q_dly[17]                                              0.0309
 mprj/o_q_dly[133]                                             0.0305
 mprj/o_q_dly[52]                                              0.0304
 io_in[25]                                                     0.0303
 mprj/o_q[102]                                                 0.0300
 mprj/o_q[101]                                                 0.0297
 mprj/o_q[29]                                                  0.0296
 mprj/o_q_dly[84]                                              0.0293
 mprj/o_q_dly[89]                                              0.0293
 mprj/buf_i[114]                                               0.0279
 mprj/buf_i[109]                                               0.0278
 mprj/buf_i[175]                                               0.0278
 mprj/o_q_dly[135]                                             0.0273
 mprj/buf_i[9]                                                 0.0272
 mprj/o_q_dly[16]                                              0.0268
 mprj/o_q_dly[65]                                              0.0262
 mprj/buf_i[34]                                                0.0261
 mprj/buf_i[185]                                               0.0257
 mprj/buf_i[187]                                               0.0255
 mprj/o_q_dly[170]                                             0.0254
 mprj/buf_i[48]                                                0.0253
 mprj/buf_i[110]                                               0.0242
 mprj/o_q_dly[122]                                             0.0240
 mprj/buf_i[216]                                               0.0238
 mprj/o_q[19]                                                  0.0235
 mprj/o_q_dly[157]                                             0.0235
 mprj/buf_i[123]                                               0.0234
 mprj/buf_i[160]                                               0.0234
 mprj/o_q_dly[77]                                              0.0230
 mprj/buf_i[182]                                               0.0229
 mprj/o_q_dly[85]                                              0.0225
 mprj/o_q[16]                                                  0.0224
 mprj/buf_i[224]                                               0.0221
 mprj/o_q[7]                                                   0.0220
 mprj/buf_i[190]                                               0.0220
 mprj/o_q_dly[120]                                             0.0219
 mprj/buf_i[152]                                               0.0216
 mprj/o_q_dly[131]                                             0.0212
 mprj/o_q[129]                                                 0.0212
 mprj/buf_i[102]                                               0.0212
 mprj/buf_i[111]                                               0.0210
 mprj/buf_i[184]                                               0.0210
 mprj/o_q[5]                                                   0.0206
 mprj/buf_i[32]                                                0.0204
 mprj/buf_i[38]                                                0.0203
 mprj/buf_i[235]                                               0.0203
 mprj/o_q[56]                                                  0.0202
 mprj/buf_i[89]                                                0.0199
 mprj/o_q[52]                                                  0.0199
 mprj/o_q_dly[1]                                               0.0199
 mprj/buf_i[35]                                                0.0197
 mprj/o_q_dly[146]                                             0.0195
 mprj/o_q_dly[81]                                              0.0195
 mprj/buf_i[41]                                                0.0190
 mprj/o_q_dly[78]                                              0.0189
 mprj/buf_i[118]                                               0.0188
 mprj/o_q[169]                                                 0.0186
 mprj/o_q[21]                                                  0.0182
 mprj/o_q[134]                                                 0.0180
 mprj/buf_i[16]                                                0.0180
 mprj/buf_i[223]                                               0.0180
 mprj/buf_i[113]                                               0.0179
 mprj/o_q_dly[69]                                              0.0178
 mprj/buf_i[108]                                               0.0177
 mprj/o_q[168]                                                 0.0176
 mprj/buf_i[79]                                                0.0174
 mprj/o_q[54]                                                  0.0174
 mprj/buf_i[0]                                                 0.0174
 mprj/buf_i[179]                                               0.0172
 mprj/o_q_dly[67]                                              0.0172
 mprj/buf_i[33]                                                0.0169
 mprj/buf_i[93]                                                0.0168
 mprj/o_q[22]                                                  0.0168
 mprj/o_q_dly[5]                                               0.0168
 mprj/o_q[132]                                                 0.0165
 mprj/buf_i[155]                                               0.0162
 mprj/buf_i[178]                                               0.0154
 mprj/buf_i[2]                                                 0.0153
 mprj/buf_i[176]                                               0.0153
 mprj/buf_i[51]                                                0.0151
 mprj/o_q[137]                                                 0.0147
 mprj/o_q_dly[94]                                              0.0142
 mprj/o_q[94]                                                  0.0140
 mprj/buf_i[230]                                               0.0129
 mprj/o_q[20]                                                  0.0129
 mprj/o_q_dly[90]                                              0.0128
 mprj/buf_i[122]                                               0.0127
 mprj/buf_i[105]                                               0.0124
 mprj/buf_i[90]                                                0.0122
 mprj/buf_i[116]                                               0.0119
 mprj/o_q[4]                                                   0.0117
 mprj/buf_i[87]                                                0.0117
 mprj/buf_i[186]                                               0.0116
 mprj/o_q_dly[60]                                              0.0115
 mprj/o_q[100]                                                 0.0114
 mprj/buf_i[12]                                                0.0114
 mprj/o_q[130]                                                 0.0112
 mprj/o_q[9]                                                   0.0111
 mprj/buf_i[8]                                                 0.0111
 mprj/buf_i[153]                                               0.0108
 mprj/o_q[23]                                                  0.0108
 mprj/buf_i[99]                                                0.0108
 mprj/buf_i[177]                                               0.0103
 mprj/o_q[172]                                                 0.0102
 mprj/o_q_dly[119]                                             0.0101
 mprj/buf_i[157]                                               0.0100
 mprj/buf_i[191]                                               0.0099
 mprj/o_q_dly[93]                                              0.0099
 mprj/buf_i[14]                                                0.0098
 mprj/buf_i[169]                                               0.0097
 mprj/o_q[46]                                                  0.0096
 mprj/buf_i[119]                                               0.0096
 mprj/buf_i[15]                                                0.0096
 mprj/o_q_dly[164]                                             0.0091
 mprj/o_q_dly[160]                                             0.0091
 mprj/buf_i[91]                                                0.0090
 mprj/o_q_dly[2]                                               0.0090
 mprj/buf_i[88]                                                0.0089
 mprj/buf_i[189]                                               0.0088
 mprj/buf_i[197]                                               0.0086
 mprj/buf_i[144]                                               0.0085
 mprj/buf_i[194]                                               0.0082
 mprj/buf_i[231]                                               0.0082
 mprj/o_q[30]                                                  0.0082
 mprj/buf_i[115]                                               0.0077
 mprj/o_q[92]                                                  0.0075
 mprj/buf_i[232]                                               0.0074
 mprj/buf_i[124]                                               0.0071
 mprj/o_q[28]                                                  0.0069
 mprj/o_q[93]                                                  0.0068
 mprj/buf_i[112]                                               0.0068
 mprj/o_q_dly[48]                                              0.0066
 mprj/buf_i[159]                                               0.0064
 mprj/buf_i[125]                                               0.0064
 mprj/o_q_dly[64]                                              0.0063
 mprj/o_q[47]                                                  0.0062
 mprj/buf_i[94]                                                0.0061
 mprj/buf_i[7]                                                 0.0061
 mprj/o_q[95]                                                  0.0060
 mprj/buf_i[4]                                                 0.0056
 mprj/buf_i[5]                                                 0.0053
 mprj/buf_i[225]                                               0.0050
 mprj/buf_i[170]                                               0.0048
 mprj/o_q[142]                                                 0.0046
 mprj/buf_i[234]                                               0.0045
 io_in[19]                                                     0.0043
 mprj/buf_i[227]                                               0.0043
 mprj/buf_i[214]                                               0.0042
 mprj/buf_i[66]                                                0.0038
 mprj/buf_i[131]                                               0.0037
 mprj/buf_i[180]                                               0.0037
 mprj/buf_i[165]                                               0.0037
 mprj/buf_i[164]                                               0.0037
 mprj/buf_i[103]                                               0.0037
 mprj/buf_i[68]                                                0.0037
 mprj/buf_i[172]                                               0.0036
 mprj/buf_i[162]                                               0.0035
 mprj/buf_i[236]                                               0.0034
 mprj/buf_i[166]                                               0.0034
 mprj/buf_i[39]                                                0.0034
 mprj/buf_i[37]                                                0.0033
 mprj/buf_i[47]                                                0.0032
 mprj/buf_i[107]                                               0.0029
 mprj/buf_i[168]                                               0.0027
 mprj/buf_i[150]                                               0.0023
 mprj/buf_i[173]                                               0.0023
 mprj/buf_i[96]                                                0.0023
 mprj/buf_i[106]                                               0.0023
 mprj/buf_i[101]                                               0.0022
 mprj/buf_i[45]                                                0.0022
 mprj/buf_i[85]                                                0.0022
 mprj/buf_i[46]                                                0.0020
 mprj/buf_i[6]                                                 0.0020
 mprj/buf_i[78]                                                0.0019
 mprj/buf_i[97]                                                0.0018
 mprj/buf_i[151]                                               0.0018
 mprj/buf_i[36]                                                0.0014
 mprj/buf_i[130]                                               0.0014
 mprj/buf_i[132]                                               0.0012
 mprj/o_q_dly[19]                                              0.0000
 mprj/o_q_dly[98]                                              0.0000
 mprj/o_q[41]                                                  0.0000
 mprj/o_q_dly[171]                                             0.0000
 mprj/o_q[155]                                                 0.0000
 mprj/o_q_dly[58]                                              0.0000
 mprj/buf_i[27]                                               -0.0000
 mprj/o_q[40]                                                  0.0000
 mprj/o_q[99]                                                  0.0000
 mprj/o_q_dly[18]                                              0.0000
 mprj/o_q[1]                                                   0.0000
 mprj/o_q[97]                                                  0.0000
 mprj/o_q[0]                                                   0.0000
 mprj/buf_i[65]                                               -0.0000
 mprj/o_q_dly[56]                                              0.0000
 mprj/o_q_dly[149]                                             0.0000
 mprj/o_q[17]                                                  0.0000
 mprj/o_q_dly[9]                                               0.0000
 mprj/buf_i[64]                                               -0.0000
 mprj/o_q_dly[55]                                              0.0000
 mprj/o_q[111]                                                 0.0000
 mprj/o_q[15]                                                  0.0000
 mprj/o_q_dly[108]                                             0.0000
 mprj/o_q_dly[147]                                             0.0000
 mprj/o_q_dly[107]                                             0.0000
 mprj/o_q_dly[7]                                               0.0000
 mprj/buf_i[62]                                               -0.0000
 mprj/buf_i[22]                                               -0.0000
 mprj/o_q_dly[13]                                              0.0000
 mprj/o_q[14]                                                  0.0000
 mprj/o_q[128]                                                 0.0000
 mprj/o_q_dly[106]                                             0.0000
 mprj/o_q_dly[145]                                             0.0000
 mprj/o_q_dly[12]                                              0.0000
 mprj/o_q[167]                                                 0.0000
 mprj/o_q_dly[105]                                             0.0000
 mprj/o_q_dly[144]                                             0.0000
 mprj/o_q_dly[11]                                              0.0000
 wbs_sel_i[1]                                                 -0.0000
 la_oenb[48]                                                  -0.0000
 io_in[4]                                                     -0.0000
 mprj/o_q_dly[4]                                               0.0000
 mprj/o_q_dly[50]                                             -0.0000
 mprj/o_q_dly[143]                                             0.0000
 mprj/o_q_dly[103]                                             0.0000
 mprj/buf_i[163]                                              -0.0000
 mprj/o_q_dly[68]                                              0.0000
 mprj/o_q_dly[141]                                             0.0000
 mprj/o_q_dly[28]                                              0.0000
 mprj/o_q_dly[101]                                             0.0000
 mprj/buf_i[121]                                              -0.0000
 mprj/o_q_dly[66]                                              0.0000
 mprj/o_q_dly[159]                                             0.0000
 mprj/o_q_dly[26]                                             -0.0000
 mprj/o_q_dly[118]                                             0.0000
 mprj/o_q_dly[117]                                             0.0000
 la_oenb[57]                                                  -0.0000
 mprj/o_q_dly[63]                                              0.0000
 mprj/o_q_dly[156]                                            -0.0000
 mprj/o_q_dly[23]                                              0.0000
 mprj/o_q_dly[62]                                              0.0000
 mprj/o_q_dly[22]                                              0.0000
 mprj/o_q_dly[61]                                              0.0000
 wbs_dat_o[3]                                                  0.0000
 mprj/o_q_dly[21]                                              0.0000
 mprj/buf_i[202]                                              -0.0000
 wbs_dat_o[7]                                                  0.0000
 wbs_dat_o[9]                                                  0.0000
 mprj/o_q_dly[114]                                             0.0000
 mprj/o_q_dly[20]                                              0.0000
 la_oenb[58]                                                  -0.0000
 io_in[26]                                                    -0.0000
 io_in[31]                                                    -0.0000
 mprj/buf_i[201]                                              -0.0000
 mprj/o_q_dly[113]                                             0.0000
 mprj/o_q_dly[152]                                             0.0000
 mprj/o_q_dly[39]                                              0.0000
 mprj/o_q_dly[151]                                             0.0000
 mprj/o_q_dly[111]                                             0.0000
 mprj/buf_i[86]                                               -0.0000
 mprj/o_q_dly[110]                                             0.0000
 mprj/o_q_dly[36]                                              0.0000
 mprj/buf_i[84]                                               -0.0000
 mprj/o_q_dly[168]                                             0.0000
 mprj/o_q_dly[35]                                             -0.0000
 mprj/buf_i[83]                                               -0.0000
 mprj/o_q_dly[167]                                             0.0000
 mprj/o_q_dly[34]                                              0.0000
 io_out[5]                                                     0.0000
 io_out[6]                                                     0.0000
 mprj/o_q_dly[127]                                             0.0000
 io_out[7]                                                     0.0000
 io_out[10]                                                    0.0000
 mprj/o_q_dly[73]                                              0.0000
 mprj/o_q_dly[166]                                             0.0000
 io_out[24]                                                    0.0000
 mprj/o_q[127]                                                 0.0000
 mprj/o_q[11]                                                  0.0000
 mprj/o_q[126]                                                -0.0000
 io_out[31]                                                    0.0000
 mprj/o_q[50]                                                 -0.0000
 io_out[32]                                                    0.0000
 mprj/o_q[10]                                                  0.0000
 io_out[34]                                                    0.0000
 mprj/o_q[125]                                                -0.0000
 mprj/o_q[164]                                                 0.0000
 mprj/o_q[68]                                                  0.0000
 io_oeb[6]                                                     0.0000
 io_oeb[7]                                                     0.0000
 mprj/o_q[67]                                                  0.0000
 mprj/o_q[27]                                                  0.0000
 mprj/o_q[121]                                                 0.0000
 mprj/o_q[26]                                                  0.0000
 mprj/o_q[65]                                                  0.0000
 mprj/o_q[120]                                                 0.0000
 io_oeb[20]                                                    0.0000
 io_oeb[21]                                                    0.0000
 mprj/o_q[64]                                                  0.0000
 mprj/o_q[139]                                                 0.0000
 mprj/o_q[24]                                                  0.0000
 io_oeb[29]                                                    0.0000
 mprj/o_q[63]                                                  0.0000
 mprj/o_q[138]                                                 0.0000
 mprj/o_q[62]                                                  0.0000
 mprj/o_q_dly[126]                                            -0.0000
 mprj/buf_i[81]                                               -0.0000
 mprj/o_q_dly[165]                                             0.0000
 mprj/o_q_dly[32]                                              0.0000
 mprj/o_q_dly[125]                                             0.0000
 mprj/o_q[39]                                                  0.0000
 mprj/buf_i[40]                                               -0.0000
 mprj/o_q_dly[31]                                              0.0000
 mprj/o_q[78]                                                  0.0000
 mprj/o_q[133]                                                 0.0000
 mprj/o_q_dly[163]                                             0.0000
 mprj/o_q[38]                                                  0.0000
 mprj/o_q_dly[30]                                              0.0000
 mprj/buf_i[104]                                              -0.0000
 mprj/o_q[77]                                                  0.0000
 mprj/o_q[35]                                                  0.0000
 mprj/o_q_dly[49]                                              0.0000
 mprj/o_q[74]                                                  0.0000
 mprj/buf_i[18]                                               -0.0000
 mprj/o_q[148]                                                 0.0000
 mprj/o_q_dly[161]                                             0.0000
 mprj/o_q[108]                                                 0.0000
 mprj/o_q[72]                                                  0.0000
 mprj/buf_i[229]                                              -0.0000
 mprj/buf_i[181]                                              -0.0000
 mprj/o_q[147]                                                 0.0000
 mprj/o_q[32]                                                  0.0000
 mprj/o_q[146]                                                 0.0000
 mprj/o_q[31]                                                  0.0000
 mprj/o_q_dly[47]                                              0.0000
 mprj/buf_i[228]                                              -0.0000
 mprj/o_q[70]                                                  0.0000
 mprj/buf_i[95]                                               -0.0000
 mprj/o_q_dly[86]                                              0.0000
 mprj/o_q[49]                                                 -0.0000
 mprj/o_q[104]                                                 0.0000
 mprj/buf_i[54]                                               -0.0000
 mprj/o_q_dly[45]                                             -0.0000
 mprj/o_q[143]                                                 0.0000
 mprj/o_q[87]                                                  0.0000
 mprj/buf_i[226]                                              -0.0000
 mprj/o_q_dly[138]                                             0.0000
 mprj/buf_i[198]                                              -0.0000
 mprj/o_q_dly[137]                                             0.0000
 mprj/o_q_dly[83]                                              0.0000
 mprj/o_q_dly[43]                                              0.0000
 mprj/o_q[85]                                                  0.0000
 mprj/o_q[140]                                                 0.0000
 mprj/o_q[8]                                                   0.0000
 mprj/o_q_dly[136]                                             0.0000
 mprj/o_q_dly[82]                                              0.0000
 mprj/o_q_dly[175]                                             0.0000
 mprj/o_q[45]                                                 -0.0000
 mprj/o_q[159]                                                 0.0000
 mprj/o_q[44]                                                  0.0000
 mprj/buf_i[50]                                               -0.0000
 mprj/o_q_dly[41]                                              0.0000
 mprj/o_q[119]                                                 0.0000
 mprj/o_q[83]                                                  0.0000
 mprj/buf_i[222]                                              -0.0000
 mprj/buf_i[10]                                               -0.0000
 mprj/o_q[6]                                                   0.0000
 mprj/o_q_dly[80]                                              0.0000
 mprj/o_q[43]                                                  0.0000
 mprj/o_q_dly[40]                                              0.0000
 mprj/o_q[118]                                                -0.0000
 mprj/buf_i[29]                                               -0.0000
 mprj/buf_i[193]                                              -0.0000
 mprj/o_q_dly[59]                                             -0.0000
 mprj/o_q_dly[132]                                             0.0000
 mprj/o_q[157]                                                 0.0000
 mprj/o_q[42]                                                  0.0000
 mprj/o_q[117]                                                 0.0000
 la_oenb[17]                                                  -0.0000
 la_oenb[29]                                                  -0.0000
 la_data_in[18]                                               -0.0000
 io_in[34]                                                    -0.0000

1
