Information: Derived library resistance unit is 1.000000 Kohm (Time unit is 1 ns, and Capacitance unit is 1.000000 pF). (DES-028)

****************************************
Report : read_parasitics /home/passant/caravel_user_project-gf180mcu/signoff/user_proj_example/StarRC/user_proj_example.nom.spef
	-keep_capacitive_coupling
Design : user_project_wrapper
Version: T-2022.03-SP3
Date   : Sun Dec 11 06:24:28 2022
****************************************

        0 error(s)
        Format is SPEF
        Annotated nets                   :         1421
        Annotated capacitances           :         9946
        Annotated resistances            :         8529
        Annotated coupling capacitances  :         7299
        Annotated PI models              :            0
        Annotated Elmore delays          :            0

Information: Derived library resistance unit is 1.000000 Kohm (Time unit is 1 ns, and Capacitance unit is 1.000000 pF). (DES-028)

****************************************
Report : read_parasitics /home/passant/caravel_user_project-gf180mcu/signoff/user_project_wrapper/StarRC/user_project_wrapper.nom.spef
	-pin_cap_included
	-keep_capacitive_coupling
Design : user_project_wrapper
Version: T-2022.03-SP3
Date   : Sun Dec 11 06:24:28 2022
****************************************

        0 error(s)
        Format is SPEF
        Annotated nets                   :          416
        Annotated capacitances           :         2402
        Annotated resistances            :         1986
        Annotated coupling capacitances  :         2842
        Annotated PI models              :            0
        Annotated Elmore delays          :            0


Executing command 'report_annotated_parasitics':
****************************************
Report : annotated_parasitics
	-internal_nets
	-boundary_nets
Design : user_project_wrapper
Version: T-2022.03-SP3
Date   : Sun Dec 11 06:24:28 2022
****************************************

                    |         |         |         |   RC    | Coupled |   Not   |
Net Type            |  Total  | Lumped  |  RC pi  | network | network |Annotated|
--------------------+---------+---------+---------+---------+---------+---------+
Internal nets       |         |         |         |         |         |         |
  - Pin to pin nets |     766 |       0 |       0 |      24 |     742 |       0 |
  - Driverless nets |       0 |       0 |       0 |       0 |       0 |       0 |
  - Loadless nets   |     239 |       0 |       0 |     239 |       0 |       0 |
--------------------+---------+---------+---------+---------+---------+---------+
Boundary/port nets  |         |         |         |         |         |         |
  - Pin to pin nets |     416 |       0 |       0 |       0 |     416 |       0 |
  - Driverless nets |       0 |       0 |       0 |       0 |       0 |       0 |
  - Loadless nets   |       0 |       0 |       0 |       0 |       0 |       0 |
--------------------+---------+---------+---------+---------+---------+---------+
                    |    1421 |       0 |       0 |     263 |    1158 |       0 |

****************************************
Report : annotated_parasitics
	-check
	-internal_nets
	-boundary_nets
Design : user_project_wrapper
Version: T-2022.03-SP3
Date   : Sun Dec 11 06:24:28 2022
****************************************

                    |         |         |         |   RC    | Coupled |   Not   |
Net Type            |  Total  | Lumped  |  RC pi  | network | network |Annotated|
--------------------+---------+---------+---------+---------+---------+---------+
Internal nets       |         |         |         |         |         |         |
  - Pin to pin nets |     766 |       0 |       0 |      24 |     742 |       0 |
  - Driverless nets |       0 |       0 |       0 |       0 |       0 |       0 |
  - Loadless nets   |     239 |       0 |       0 |     239 |       0 |       0 |
--------------------+---------+---------+---------+---------+---------+---------+
Boundary/port nets  |         |         |         |         |         |         |
  - Pin to pin nets |     416 |       0 |       0 |       0 |     416 |       0 |
  - Driverless nets |       0 |       0 |       0 |       0 |       0 |       0 |
  - Loadless nets   |       0 |       0 |       0 |       0 |       0 |       0 |
--------------------+---------+---------+---------+---------+---------+---------+
                    |    1421 |       0 |       0 |     263 |    1158 |       0 |

