Information: Derived library resistance unit is 1.000000 Kohm (Time unit is 1 ns, and Capacitance unit is 1.000000 pF). (DES-028)

****************************************
Report : read_parasitics /home/passant/caravel_user_project-gf180mcu/signoff/user_proj_example/StarRC/user_proj_example.min.spef
	-keep_capacitive_coupling
Design : user_project_wrapper
Version: T-2022.03-SP3
Date   : Sun Dec 11 11:33:32 2022
****************************************

        0 error(s)
        Format is SPEF
        Annotated nets                   :         1421
        Annotated capacitances           :        10370
        Annotated resistances            :         8950
        Annotated coupling capacitances  :         8815
        Annotated PI models              :            0
        Annotated Elmore delays          :            0

Information: Derived library resistance unit is 1.000000 Kohm (Time unit is 1 ns, and Capacitance unit is 1.000000 pF). (DES-028)

****************************************
Report : read_parasitics /home/passant/caravel_user_project-gf180mcu/signoff/user_project_wrapper/StarRC/user_project_wrapper.min.spef
	-pin_cap_included
	-keep_capacitive_coupling
Design : user_project_wrapper
Version: T-2022.03-SP3
Date   : Sun Dec 11 11:33:32 2022
****************************************

        0 error(s)
        Format is SPEF
        Annotated nets                   :          416
        Annotated capacitances           :         2266
        Annotated resistances            :         1850
        Annotated coupling capacitances  :         2805
        Annotated PI models              :            0
        Annotated Elmore delays          :            0


Executing command 'report_annotated_parasitics':
****************************************
Report : annotated_parasitics
	-internal_nets
	-boundary_nets
Design : user_project_wrapper
Version: T-2022.03-SP3
Date   : Sun Dec 11 11:33:32 2022
****************************************

                    |         |         |         |   RC    | Coupled |   Not   |
Net Type            |  Total  | Lumped  |  RC pi  | network | network |Annotated|
--------------------+---------+---------+---------+---------+---------+---------+
Internal nets       |         |         |         |         |         |         |
  - Pin to pin nets |     766 |       0 |       0 |      94 |     672 |       0 |
  - Driverless nets |       0 |       0 |       0 |       0 |       0 |       0 |
  - Loadless nets   |     239 |       0 |       0 |     239 |       0 |       0 |
--------------------+---------+---------+---------+---------+---------+---------+
Boundary/port nets  |         |         |         |         |         |         |
  - Pin to pin nets |     416 |       0 |       0 |       0 |     416 |       0 |
  - Driverless nets |       0 |       0 |       0 |       0 |       0 |       0 |
  - Loadless nets   |       0 |       0 |       0 |       0 |       0 |       0 |
--------------------+---------+---------+---------+---------+---------+---------+
                    |    1421 |       0 |       0 |     333 |    1088 |       0 |

****************************************
Report : annotated_parasitics
	-check
	-internal_nets
	-boundary_nets
Design : user_project_wrapper
Version: T-2022.03-SP3
Date   : Sun Dec 11 11:33:32 2022
****************************************

                    |         |         |         |   RC    | Coupled |   Not   |
Net Type            |  Total  | Lumped  |  RC pi  | network | network |Annotated|
--------------------+---------+---------+---------+---------+---------+---------+
Internal nets       |         |         |         |         |         |         |
  - Pin to pin nets |     766 |       0 |       0 |      94 |     672 |       0 |
  - Driverless nets |       0 |       0 |       0 |       0 |       0 |       0 |
  - Loadless nets   |     239 |       0 |       0 |     239 |       0 |       0 |
--------------------+---------+---------+---------+---------+---------+---------+
Boundary/port nets  |         |         |         |         |         |         |
  - Pin to pin nets |     416 |       0 |       0 |       0 |     416 |       0 |
  - Driverless nets |       0 |       0 |       0 |       0 |       0 |       0 |
  - Loadless nets   |       0 |       0 |       0 |       0 |       0 |       0 |
--------------------+---------+---------+---------+---------+---------+---------+
                    |    1421 |       0 |       0 |     333 |    1088 |       0 |

