
===========================================================================
 report_check_types -max_slew -max_cap -max_fanout -violators
============================================================================
max slew

Pin                                    Limit    Slew   Slack
------------------------------------------------------------
io_in[0]                                4.00   10.37   -6.37 (VIOLATED)
io_in[1]                                4.00   10.18   -6.18 (VIOLATED)
wbs_sel_i[2]                            4.00    8.54   -4.54 (VIOLATED)
io_in[37]                               4.00    7.77   -3.77 (VIOLATED)
io_in[2]                                4.00    6.90   -2.90 (VIOLATED)
io_in[3]                                4.00    6.82   -2.82 (VIOLATED)
io_in[35]                               4.00    6.77   -2.77 (VIOLATED)
wbs_sel_i[0]                            4.00    6.71   -2.71 (VIOLATED)
wbs_sel_i[1]                            4.00    6.58   -2.58 (VIOLATED)
io_in[33]                               4.00    6.57   -2.57 (VIOLATED)
la_oenb[55]                             4.00    6.46   -2.46 (VIOLATED)
la_oenb[60]                             4.00    6.39   -2.39 (VIOLATED)
io_in[4]                                4.00    6.17   -2.17 (VIOLATED)
la_data_in[3]                           4.00    6.04   -2.04 (VIOLATED)
io_in[32]                               4.00    5.97   -1.97 (VIOLATED)
io_in[5]                                4.00    5.96   -1.96 (VIOLATED)
io_in[31]                               4.00    5.80   -1.80 (VIOLATED)
io_in[6]                                4.00    5.78   -1.78 (VIOLATED)
io_in[34]                               4.00    5.75   -1.75 (VIOLATED)
wbs_dat_i[10]                           4.00    5.74   -1.74 (VIOLATED)
wbs_adr_i[2]                            4.00    5.73   -1.73 (VIOLATED)
io_in[36]                               4.00    5.65   -1.65 (VIOLATED)
la_oenb[56]                             4.00    5.60   -1.60 (VIOLATED)
la_data_in[31]                          4.00    5.58   -1.58 (VIOLATED)
wbs_adr_i[11]                           4.00    5.53   -1.53 (VIOLATED)
wbs_we_i                                4.00    5.48   -1.48 (VIOLATED)
la_oenb[58]                             4.00    5.41   -1.41 (VIOLATED)
wbs_dat_i[31]                           4.00    5.41   -1.41 (VIOLATED)
wbs_adr_i[0]                            4.00    5.32   -1.32 (VIOLATED)
wbs_adr_i[8]                            4.00    5.31   -1.31 (VIOLATED)
la_oenb[43]                             4.00    5.27   -1.27 (VIOLATED)
la_oenb[36]                             4.00    5.26   -1.26 (VIOLATED)
wbs_dat_i[16]                           4.00    5.23   -1.23 (VIOLATED)
wbs_adr_i[1]                            4.00    5.22   -1.22 (VIOLATED)
la_oenb[4]                              4.00    5.22   -1.22 (VIOLATED)
wbs_adr_i[13]                           4.00    5.11   -1.11 (VIOLATED)
la_oenb[0]                              4.00    5.11   -1.11 (VIOLATED)
la_data_in[6]                           4.00    5.10   -1.10 (VIOLATED)
la_oenb[48]                             4.00    5.07   -1.07 (VIOLATED)
la_data_in[33]                          4.00    5.01   -1.01 (VIOLATED)
wbs_dat_i[15]                           4.00    4.98   -0.98 (VIOLATED)
la_oenb[9]                              4.00    4.96   -0.96 (VIOLATED)
wb_clk_i                                4.00    4.94   -0.94 (VIOLATED)
wbs_dat_i[24]                           4.00    4.94   -0.94 (VIOLATED)
la_data_in[34]                          4.00    4.94   -0.94 (VIOLATED)
wbs_adr_i[18]                           4.00    4.94   -0.94 (VIOLATED)
la_oenb[33]                             4.00    4.93   -0.93 (VIOLATED)
la_oenb[11]                             4.00    4.93   -0.93 (VIOLATED)
io_in[15]                               4.00    4.89   -0.89 (VIOLATED)
la_oenb[2]                              4.00    4.87   -0.87 (VIOLATED)
la_oenb[32]                             4.00    4.84   -0.84 (VIOLATED)
la_oenb[13]                             4.00    4.84   -0.84 (VIOLATED)
wbs_adr_i[12]                           4.00    4.82   -0.82 (VIOLATED)
la_oenb[27]                             4.00    4.80   -0.80 (VIOLATED)
la_oenb[1]                              4.00    4.79   -0.79 (VIOLATED)
wbs_cyc_i                               4.00    4.79   -0.79 (VIOLATED)
la_oenb[31]                             4.00    4.78   -0.78 (VIOLATED)
la_oenb[16]                             4.00    4.78   -0.78 (VIOLATED)
la_oenb[24]                             4.00    4.78   -0.78 (VIOLATED)
wbs_adr_i[16]                           4.00    4.78   -0.78 (VIOLATED)
la_data_in[25]                          4.00    4.77   -0.77 (VIOLATED)
la_data_in[24]                          4.00    4.76   -0.76 (VIOLATED)
la_data_in[28]                          4.00    4.75   -0.75 (VIOLATED)
wbs_adr_i[17]                           4.00    4.73   -0.73 (VIOLATED)
la_oenb[61]                             4.00    4.73   -0.73 (VIOLATED)
la_data_in[8]                           4.00    4.72   -0.72 (VIOLATED)
la_data_in[15]                          4.00    4.70   -0.70 (VIOLATED)
la_oenb[12]                             4.00    4.68   -0.68 (VIOLATED)
la_oenb[21]                             4.00    4.65   -0.65 (VIOLATED)
la_data_in[19]                          4.00    4.65   -0.65 (VIOLATED)
la_oenb[23]                             4.00    4.64   -0.64 (VIOLATED)
wbs_dat_i[7]                            4.00    4.64   -0.64 (VIOLATED)
wbs_dat_i[2]                            4.00    4.63   -0.63 (VIOLATED)
la_oenb[14]                             4.00    4.60   -0.60 (VIOLATED)
wb_rst_i                                4.00    4.60   -0.60 (VIOLATED)
la_oenb[34]                             4.00    4.59   -0.59 (VIOLATED)
wbs_dat_i[8]                            4.00    4.59   -0.59 (VIOLATED)
la_oenb[25]                             4.00    4.59   -0.59 (VIOLATED)
wbs_dat_i[4]                            4.00    4.57   -0.57 (VIOLATED)
la_oenb[22]                             4.00    4.57   -0.57 (VIOLATED)
wbs_adr_i[22]                           4.00    4.56   -0.56 (VIOLATED)
la_oenb[39]                             4.00    4.54   -0.54 (VIOLATED)
la_data_in[27]                          4.00    4.54   -0.54 (VIOLATED)
io_in[28]                               4.00    4.53   -0.53 (VIOLATED)
la_data_in[22]                          4.00    4.52   -0.52 (VIOLATED)
wbs_adr_i[5]                            4.00    4.50   -0.50 (VIOLATED)
la_oenb[20]                             4.00    4.49   -0.49 (VIOLATED)
wbs_adr_i[6]                            4.00    4.49   -0.49 (VIOLATED)
wbs_dat_i[28]                           4.00    4.49   -0.49 (VIOLATED)
la_data_in[21]                          4.00    4.49   -0.49 (VIOLATED)
wbs_dat_i[13]                           4.00    4.46   -0.46 (VIOLATED)
io_in[30]                               4.00    4.46   -0.46 (VIOLATED)
la_data_in[35]                          4.00    4.46   -0.46 (VIOLATED)
la_data_in[10]                          4.00    4.46   -0.46 (VIOLATED)
wbs_dat_i[6]                            4.00    4.44   -0.44 (VIOLATED)
la_oenb[35]                             4.00    4.42   -0.42 (VIOLATED)
la_data_in[13]                          4.00    4.42   -0.42 (VIOLATED)
wbs_dat_i[1]                            4.00    4.40   -0.40 (VIOLATED)
wbs_adr_i[14]                           4.00    4.38   -0.38 (VIOLATED)
la_oenb[51]                             4.00    4.34   -0.34 (VIOLATED)
io_in[7]                                4.00    4.34   -0.34 (VIOLATED)
wbs_dat_i[20]                           4.00    4.32   -0.32 (VIOLATED)
wbs_adr_i[10]                           4.00    4.30   -0.30 (VIOLATED)
la_oenb[41]                             4.00    4.28   -0.28 (VIOLATED)
wbs_dat_i[14]                           4.00    4.24   -0.24 (VIOLATED)
wbs_adr_i[19]                           4.00    4.24   -0.24 (VIOLATED)
wbs_adr_i[4]                            4.00    4.22   -0.22 (VIOLATED)
la_oenb[7]                              4.00    4.20   -0.20 (VIOLATED)
la_data_in[4]                           4.00    4.20   -0.20 (VIOLATED)
wbs_adr_i[21]                           4.00    4.19   -0.19 (VIOLATED)
wbs_adr_i[24]                           4.00    4.17   -0.17 (VIOLATED)
wbs_dat_i[3]                            4.00    4.16   -0.16 (VIOLATED)
io_in[29]                               4.00    4.15   -0.15 (VIOLATED)
wbs_dat_i[17]                           4.00    4.14   -0.14 (VIOLATED)
la_data_in[46]                          4.00    4.11   -0.11 (VIOLATED)
la_data_in[53]                          4.00    4.10   -0.10 (VIOLATED)
wbs_adr_i[20]                           4.00    4.10   -0.10 (VIOLATED)
la_oenb[62]                             4.00    4.09   -0.09 (VIOLATED)
la_data_in[62]                          4.00    4.08   -0.08 (VIOLATED)
io_in[8]                                4.00    4.04   -0.04 (VIOLATED)
wbs_adr_i[23]                           4.00    4.04   -0.04 (VIOLATED)
wbs_dat_i[5]                            4.00    4.03   -0.03 (VIOLATED)
wbs_adr_i[15]                           4.00    4.03   -0.03 (VIOLATED)
la_data_in[30]                          4.00    4.02   -0.02 (VIOLATED)
la_data_in[39]                          4.00    4.00   -0.00 (VIOLATED)
la_data_in[60]                          4.00    4.00   -0.00 (VIOLATED)

max capacitance

Pin                                    Limit     Cap   Slack
------------------------------------------------------------
io_in[0]                                0.23    0.66   -0.43 (VIOLATED)
io_in[1]                                0.23    0.65   -0.42 (VIOLATED)
wbs_sel_i[2]                            0.23    0.54   -0.31 (VIOLATED)
io_in[37]                               0.23    0.49   -0.26 (VIOLATED)
io_in[2]                                0.23    0.44   -0.20 (VIOLATED)
io_in[3]                                0.23    0.43   -0.20 (VIOLATED)
io_in[35]                               0.23    0.43   -0.20 (VIOLATED)
wbs_sel_i[0]                            0.23    0.42   -0.19 (VIOLATED)
io_in[33]                               0.23    0.41   -0.18 (VIOLATED)
wbs_sel_i[1]                            0.23    0.41   -0.18 (VIOLATED)
la_oenb[55]                             0.23    0.40   -0.17 (VIOLATED)
la_oenb[60]                             0.23    0.40   -0.17 (VIOLATED)
io_in[4]                                0.23    0.39   -0.16 (VIOLATED)
la_data_in[3]                           0.23    0.38   -0.15 (VIOLATED)
io_in[32]                               0.23    0.37   -0.14 (VIOLATED)
io_in[5]                                0.23    0.37   -0.14 (VIOLATED)
io_in[31]                               0.23    0.36   -0.13 (VIOLATED)
io_in[6]                                0.23    0.36   -0.13 (VIOLATED)
io_in[34]                               0.23    0.36   -0.13 (VIOLATED)
wbs_dat_i[10]                           0.23    0.36   -0.13 (VIOLATED)
wbs_adr_i[2]                            0.23    0.36   -0.13 (VIOLATED)
io_in[36]                               0.23    0.35   -0.12 (VIOLATED)
la_data_in[31]                          0.23    0.35   -0.12 (VIOLATED)
la_oenb[56]                             0.23    0.35   -0.12 (VIOLATED)
wbs_adr_i[11]                           0.23    0.35   -0.12 (VIOLATED)
wbs_we_i                                0.23    0.34   -0.11 (VIOLATED)
wbs_dat_i[31]                           0.23    0.34   -0.11 (VIOLATED)
la_oenb[58]                             0.23    0.34   -0.11 (VIOLATED)
wbs_adr_i[8]                            0.23    0.33   -0.10 (VIOLATED)
wbs_adr_i[0]                            0.23    0.33   -0.10 (VIOLATED)
la_oenb[43]                             0.23    0.33   -0.10 (VIOLATED)
la_oenb[36]                             0.23    0.33   -0.10 (VIOLATED)
wbs_dat_i[16]                           0.23    0.33   -0.10 (VIOLATED)
wbs_adr_i[1]                            0.23    0.33   -0.10 (VIOLATED)
la_oenb[4]                              0.23    0.33   -0.10 (VIOLATED)
wbs_adr_i[13]                           0.23    0.32   -0.09 (VIOLATED)
la_oenb[0]                              0.23    0.32   -0.09 (VIOLATED)
la_data_in[6]                           0.23    0.32   -0.09 (VIOLATED)
la_oenb[48]                             0.23    0.32   -0.09 (VIOLATED)
la_data_in[33]                          0.23    0.31   -0.08 (VIOLATED)
wbs_dat_i[15]                           0.23    0.31   -0.08 (VIOLATED)
la_oenb[9]                              0.23    0.31   -0.08 (VIOLATED)
wb_clk_i                                0.23    0.31   -0.08 (VIOLATED)
la_data_in[34]                          0.23    0.31   -0.08 (VIOLATED)
wbs_adr_i[18]                           0.23    0.31   -0.08 (VIOLATED)
la_oenb[11]                             0.23    0.31   -0.08 (VIOLATED)
la_oenb[33]                             0.23    0.31   -0.08 (VIOLATED)
wbs_dat_i[24]                           0.23    0.31   -0.08 (VIOLATED)
io_in[15]                               0.23    0.31   -0.07 (VIOLATED)
la_oenb[2]                              0.23    0.30   -0.07 (VIOLATED)
la_oenb[32]                             0.23    0.30   -0.07 (VIOLATED)
la_oenb[13]                             0.23    0.30   -0.07 (VIOLATED)
wbs_adr_i[12]                           0.23    0.30   -0.07 (VIOLATED)
la_oenb[27]                             0.23    0.30   -0.07 (VIOLATED)
la_oenb[1]                              0.23    0.30   -0.07 (VIOLATED)
wbs_cyc_i                               0.23    0.30   -0.07 (VIOLATED)
la_oenb[31]                             0.23    0.30   -0.07 (VIOLATED)
la_data_in[25]                          0.23    0.30   -0.07 (VIOLATED)
la_oenb[16]                             0.23    0.30   -0.07 (VIOLATED)
la_oenb[24]                             0.23    0.30   -0.07 (VIOLATED)
wbs_adr_i[16]                           0.23    0.30   -0.07 (VIOLATED)
la_data_in[24]                          0.23    0.30   -0.07 (VIOLATED)
la_data_in[28]                          0.23    0.30   -0.07 (VIOLATED)
wbs_adr_i[17]                           0.23    0.30   -0.06 (VIOLATED)
la_data_in[8]                           0.23    0.30   -0.06 (VIOLATED)
la_oenb[61]                             0.23    0.30   -0.06 (VIOLATED)
la_data_in[15]                          0.23    0.29   -0.06 (VIOLATED)
la_oenb[12]                             0.23    0.29   -0.06 (VIOLATED)
la_oenb[21]                             0.23    0.29   -0.06 (VIOLATED)
la_data_in[19]                          0.23    0.29   -0.06 (VIOLATED)
la_oenb[23]                             0.23    0.29   -0.06 (VIOLATED)
wbs_dat_i[7]                            0.23    0.29   -0.06 (VIOLATED)
wbs_dat_i[2]                            0.23    0.29   -0.06 (VIOLATED)
la_oenb[14]                             0.23    0.29   -0.06 (VIOLATED)
wb_rst_i                                0.23    0.29   -0.06 (VIOLATED)
la_oenb[34]                             0.23    0.29   -0.06 (VIOLATED)
la_oenb[25]                             0.23    0.29   -0.06 (VIOLATED)
wbs_dat_i[8]                            0.23    0.29   -0.06 (VIOLATED)
la_oenb[22]                             0.23    0.29   -0.05 (VIOLATED)
wbs_dat_i[4]                            0.23    0.29   -0.05 (VIOLATED)
wbs_adr_i[22]                           0.23    0.28   -0.05 (VIOLATED)
la_data_in[27]                          0.23    0.28   -0.05 (VIOLATED)
la_data_in[22]                          0.23    0.28   -0.05 (VIOLATED)
la_oenb[39]                             0.23    0.28   -0.05 (VIOLATED)
io_in[28]                               0.23    0.28   -0.05 (VIOLATED)
la_oenb[20]                             0.23    0.28   -0.05 (VIOLATED)
wbs_adr_i[5]                            0.23    0.28   -0.05 (VIOLATED)
la_data_in[21]                          0.23    0.28   -0.05 (VIOLATED)
wbs_adr_i[6]                            0.23    0.28   -0.05 (VIOLATED)
wbs_dat_i[28]                           0.23    0.28   -0.05 (VIOLATED)
io_in[30]                               0.23    0.28   -0.05 (VIOLATED)
la_data_in[35]                          0.23    0.28   -0.05 (VIOLATED)
wbs_dat_i[13]                           0.23    0.28   -0.05 (VIOLATED)
la_data_in[10]                          0.23    0.28   -0.05 (VIOLATED)
wbs_dat_i[6]                            0.23    0.28   -0.05 (VIOLATED)
la_data_in[13]                          0.23    0.28   -0.05 (VIOLATED)
la_oenb[35]                             0.23    0.28   -0.04 (VIOLATED)
wbs_dat_i[1]                            0.23    0.27   -0.04 (VIOLATED)
wbs_adr_i[14]                           0.23    0.27   -0.04 (VIOLATED)
io_in[7]                                0.23    0.27   -0.04 (VIOLATED)
la_oenb[51]                             0.23    0.27   -0.04 (VIOLATED)
wbs_dat_i[20]                           0.23    0.27   -0.04 (VIOLATED)
wbs_adr_i[10]                           0.23    0.27   -0.04 (VIOLATED)
la_oenb[41]                             0.23    0.27   -0.04 (VIOLATED)
wbs_dat_i[14]                           0.23    0.26   -0.03 (VIOLATED)
wbs_adr_i[19]                           0.23    0.26   -0.03 (VIOLATED)
wbs_adr_i[4]                            0.23    0.26   -0.03 (VIOLATED)
la_oenb[7]                              0.23    0.26   -0.03 (VIOLATED)
la_data_in[4]                           0.23    0.26   -0.03 (VIOLATED)
wbs_adr_i[21]                           0.23    0.26   -0.03 (VIOLATED)
wbs_adr_i[24]                           0.23    0.26   -0.03 (VIOLATED)
wbs_dat_i[3]                            0.23    0.26   -0.03 (VIOLATED)
io_in[29]                               0.23    0.26   -0.03 (VIOLATED)
wbs_dat_i[17]                           0.23    0.26   -0.03 (VIOLATED)
la_data_in[46]                          0.23    0.26   -0.03 (VIOLATED)
la_data_in[53]                          0.23    0.26   -0.02 (VIOLATED)
wbs_adr_i[20]                           0.23    0.26   -0.02 (VIOLATED)
la_oenb[62]                             0.23    0.25   -0.02 (VIOLATED)
la_data_in[62]                          0.23    0.25   -0.02 (VIOLATED)
io_in[8]                                0.23    0.25   -0.02 (VIOLATED)
wbs_adr_i[23]                           0.23    0.25   -0.02 (VIOLATED)
wbs_dat_i[5]                            0.23    0.25   -0.02 (VIOLATED)
wbs_adr_i[15]                           0.23    0.25   -0.02 (VIOLATED)
la_data_in[30]                          0.23    0.25   -0.02 (VIOLATED)
la_data_in[39]                          0.23    0.25   -0.02 (VIOLATED)
la_data_in[60]                          0.23    0.25   -0.02 (VIOLATED)
wbs_dat_i[21]                           0.23    0.25   -0.02 (VIOLATED)
wbs_adr_i[28]                           0.23    0.25   -0.02 (VIOLATED)
wbs_stb_i                               0.23    0.25   -0.02 (VIOLATED)
la_oenb[42]                             0.23    0.25   -0.02 (VIOLATED)
wbs_dat_i[22]                           0.23    0.25   -0.02 (VIOLATED)
wbs_adr_i[25]                           0.23    0.25   -0.02 (VIOLATED)
la_data_in[44]                          0.23    0.25   -0.02 (VIOLATED)
la_oenb[63]                             0.23    0.25   -0.01 (VIOLATED)
la_data_in[63]                          0.23    0.24   -0.01 (VIOLATED)
wbs_adr_i[3]                            0.23    0.24   -0.01 (VIOLATED)
wbs_adr_i[30]                           0.23    0.24   -0.01 (VIOLATED)
wbs_dat_i[23]                           0.23    0.24   -0.01 (VIOLATED)
wbs_adr_i[26]                           0.23    0.24   -0.01 (VIOLATED)
wbs_sel_i[3]                            0.23    0.24   -0.01 (VIOLATED)
wbs_dat_i[0]                            0.23    0.24   -0.01 (VIOLATED)
io_in[27]                               0.23    0.24   -0.01 (VIOLATED)
la_data_in[0]                           0.23    0.24   -0.01 (VIOLATED)
la_data_in[1]                           0.23    0.24   -0.01 (VIOLATED)
la_data_in[55]                          0.23    0.24   -0.01 (VIOLATED)
la_data_in[52]                          0.23    0.24   -0.01 (VIOLATED)
wbs_dat_i[29]                           0.23    0.24   -0.01 (VIOLATED)
la_data_in[58]                          0.23    0.24   -0.01 (VIOLATED)
wbs_adr_i[7]                            0.23    0.24   -0.00 (VIOLATED)
la_oenb[57]                             0.23    0.24   -0.00 (VIOLATED)
la_data_in[38]                          0.23    0.24   -0.00 (VIOLATED)
wbs_dat_i[11]                           0.23    0.24   -0.00 (VIOLATED)
la_data_in[42]                          0.23    0.24   -0.00 (VIOLATED)
la_data_in[36]                          0.23    0.23   -0.00 (VIOLATED)
io_in[9]                                0.23    0.23   -0.00 (VIOLATED)
io_in[11]                               0.23    0.23   -0.00 (VIOLATED)
wbs_dat_i[12]                           0.23    0.23   -0.00 (VIOLATED)
la_data_in[47]                          0.23    0.23   -0.00 (VIOLATED)


===========================================================================
max slew violation count 126
max fanout violation count 0
max cap violation count 158
============================================================================
